<?xml version="1.0" encoding="UTF-8"?>
<TestRun id="a83312c5-2481-423a-8a15-763370743a25" name="user1@user1computername 2015-04-22 12:49:55" runUser="DOMAIN\User1" xmlns="http://microsoft.com/schemas/VisualStudio/TeamTest/2010">
  <TestSettings name="Default Test Settings" id="36006470-7aaf-440e-b3ae-37c950598bde">
    <Execution>
      <TestTypeSpecific />
      <AgentRule name="Execution Agents">
      </AgentRule>
    </Execution>
    <Deployment runDeploymentRoot="user1_user1computername 2015-04-22 12_49_55" />
  </TestSettings>
  <Times creation="2015-04-22T12:49:55.7294989-05:00" queuing="2015-04-22T12:49:56.6305890-05:00" start="2015-04-22T12:49:56.7395999-05:00" finish="2015-04-22T12:50:23.1572414-05:00" />
  <ResultSummary outcome="Failed">
    <Counters total="142" executed="142" passed="132" error="0" failed="1" timeout="0" aborted="0" inconclusive="9" passedButRunAborted="0" notRunnable="0" notExecuted="0" disconnected="0" warning="0" completed="0" inProgress="0" pending="0" />
  </ResultSummary>
  <TestDefinitions>
    <UnitTest name="ETL_helper_defineNewStepSproc_Error_stepAlreadyExists" storage="test.dll" id="39b588e9-c500-5215-2a1c-737caab85106">
      <Execution id="5b5f8e62-374d-4ab7-9988-cbfb45819621" />
      <TestMethod codeBase="path/to/test/dll/test.dll" adapterTypeName="Microsoft.VisualStudio.TestTools.TestTypes.Unit.UnitTestAdapter, Microsoft.VisualStudio.QualityTools.Tips.UnitTest.Adapter, Version=11.0.0.0, Culture=neutral, PublicKeyToken=b03f5f7f11d50a3a" className="test.ETL_helper_defineNewStepSproc_UT, test, Version=1.0.0.0, Culture=neutral, PublicKeyToken=null" name="ETL_helper_defineNewStepSproc_Error_stepAlreadyExists" />
    </UnitTest>
    <UnitTest name="ETL_helper_warningWriteTest_jobInstanceIdParameter" storage="test.dll" id="5bb0ca4a-56ad-3a56-5b24-2c735a211bbd">
      <Execution id="85d8267a-6c42-4660-b23e-e11135f7ff5c" />
      <TestMethod codeBase="path/to/test/dll/test.dll" adapterTypeName="Microsoft.VisualStudio.TestTools.TestTypes.Unit.UnitTestAdapter, Microsoft.VisualStudio.QualityTools.Tips.UnitTest.Adapter, Version=11.0.0.0, Culture=neutral, PublicKeyToken=b03f5f7f11d50a3a" className="test.ETL_helper_warningWrite_UT, test, Version=1.0.0.0, Culture=neutral, PublicKeyToken=null" name="ETL_helper_warningWriteTest_jobInstanceIdParameter" />
    </UnitTest>
    <UnitTest name="dbo_fnCheckValidOptions_stepInstance" storage="test.dll" id="dc91803b-5134-01c1-d7aa-f5d420a7e71a">
      <Execution id="4b573a36-f75e-4876-a989-2470fa5a5ebc" />
      <TestMethod codeBase="path/to/test/dll/test.dll" adapterTypeName="Microsoft.VisualStudio.TestTools.TestTypes.Unit.UnitTestAdapter, Microsoft.VisualStudio.QualityTools.Tips.UnitTest.Adapter, Version=11.0.0.0, Culture=neutral, PublicKeyToken=b03f5f7f11d50a3a" className="test.dbo_fnCheckValidOptions_UT, test, Version=1.0.0.0, Culture=neutral, PublicKeyToken=null" name="dbo_fnCheckValidOptions_stepInstance" />
    </UnitTest>
    <UnitTest name="ETL_framework_packageStart_Child_ProjectSpecificParent_NoProjectId" storage="test.dll" id="cb3e4b13-64bf-124b-fff7-5819d9039fbf">
      <Execution id="7e75dbd4-5bc2-4064-8811-bd6240bc59d0" />
      <TestMethod codeBase="path/to/test/dll/test.dll" adapterTypeName="Microsoft.VisualStudio.TestTools.TestTypes.Unit.UnitTestAdapter, Microsoft.VisualStudio.QualityTools.Tips.UnitTest.Adapter, Version=11.0.0.0, Culture=neutral, PublicKeyToken=b03f5f7f11d50a3a" className="test.ETL_framework_packageStart_UT, test, Version=1.0.0.0, Culture=neutral, PublicKeyToken=null" name="ETL_framework_packageStart_Child_ProjectSpecificParent_NoProjectId" />
    </UnitTest>
    <UnitTest name="ETL_helper_objectStoreInsertISPAC_Error_CleanedUp" storage="test.dll" id="6f88e808-a6e2-1c2d-9584-30d6f1318fa3">
      <Execution id="64de2178-2e08-4934-ab78-44b10ce0e9f8" />
      <TestMethod codeBase="path/to/test/dll/test.dll" adapterTypeName="Microsoft.VisualStudio.TestTools.TestTypes.Unit.UnitTestAdapter, Microsoft.VisualStudio.QualityTools.Tips.UnitTest.Adapter, Version=11.0.0.0, Culture=neutral, PublicKeyToken=b03f5f7f11d50a3a" className="test.ETL_helper_objectStoreInsertISPAC, test, Version=1.0.0.0, Culture=neutral, PublicKeyToken=null" name="ETL_helper_objectStoreInsertISPAC_Error_CleanedUp" />
    </UnitTest>
    <UnitTest name="ETL_helper_logTableStart_withValidProject" storage="test.dll" id="e8678655-b2a0-49b9-447c-700d012913b8">
      <Execution id="ed6ec25a-6e3f-40c6-9851-25522d6415c5" />
      <TestMethod codeBase="path/to/test/dll/test.dll" adapterTypeName="Microsoft.VisualStudio.TestTools.TestTypes.Unit.UnitTestAdapter, Microsoft.VisualStudio.QualityTools.Tips.UnitTest.Adapter, Version=11.0.0.0, Culture=neutral, PublicKeyToken=b03f5f7f11d50a3a" className="test.ETL_helper_logTableStart_UT, test, Version=1.0.0.0, Culture=neutral, PublicKeyToken=null" name="ETL_helper_logTableStart_withValidProject" />
    </UnitTest>
    <UnitTest name="ETL_helper_defineNewStepSproc_Error_sprocDoesNotExist" storage="test.dll" id="8126622b-f319-2ea0-7bfa-1b92d09ee846">
      <Execution id="e9799dd5-0fcb-4377-adf3-efdc7751acab" />
      <TestMethod codeBase="path/to/test/dll/test.dll" adapterTypeName="Microsoft.VisualStudio.TestTools.TestTypes.Unit.UnitTestAdapter, Microsoft.VisualStudio.QualityTools.Tips.UnitTest.Adapter, Version=11.0.0.0, Culture=neutral, PublicKeyToken=b03f5f7f11d50a3a" className="test.ETL_helper_defineNewStepSproc_UT, test, Version=1.0.0.0, Culture=neutral, PublicKeyToken=null" name="ETL_helper_defineNewStepSproc_Error_sprocDoesNotExist" />
    </UnitTest>
    <UnitTest name="ETL_helper_warningWriteTest_allParameters" storage="test.dll" id="b1c1a495-8082-e182-df9d-76902a064934">
      <Execution id="7815c3c3-3fed-48b0-a464-b3b8f37e0db7" />
      <TestMethod codeBase="path/to/test/dll/test.dll" adapterTypeName="Microsoft.VisualStudio.TestTools.TestTypes.Unit.UnitTestAdapter, Microsoft.VisualStudio.QualityTools.Tips.UnitTest.Adapter, Version=11.0.0.0, Culture=neutral, PublicKeyToken=b03f5f7f11d50a3a" className="test.ETL_helper_warningWrite_UT, test, Version=1.0.0.0, Culture=neutral, PublicKeyToken=null" name="ETL_helper_warningWriteTest_allParameters" />
    </UnitTest>
    <UnitTest name="ETL_step_updateStepInstance_Running" storage="test.dll" id="6f8feaed-3dd0-e229-7482-3a0efe36dbe1">
      <Execution id="3284f1ff-e056-4dae-8eeb-8bb8f0d494d2" />
      <TestMethod codeBase="path/to/test/dll/test.dll" adapterTypeName="Microsoft.VisualStudio.TestTools.TestTypes.Unit.UnitTestAdapter, Microsoft.VisualStudio.QualityTools.Tips.UnitTest.Adapter, Version=11.0.0.0, Culture=neutral, PublicKeyToken=b03f5f7f11d50a3a" className="test.ETL_step_updateStepInstance_UT, test, Version=1.0.0.0, Culture=neutral, PublicKeyToken=null" name="ETL_step_updateStepInstance_Running" />
    </UnitTest>
    <UnitTest name="ETL_helper_objectStoreInsert_Error_UnknownObjectType" storage="test.dll" id="d7a4e912-205c-866f-a226-2ef21714f0be">
      <Execution id="7f0e8910-826a-46da-8ac8-acfa4801ee08" />
      <TestMethod codeBase="path/to/test/dll/test.dll" adapterTypeName="Microsoft.VisualStudio.TestTools.TestTypes.Unit.UnitTestAdapter, Microsoft.VisualStudio.QualityTools.Tips.UnitTest.Adapter, Version=11.0.0.0, Culture=neutral, PublicKeyToken=b03f5f7f11d50a3a" className="test.ETL_helper_objectStoreInsert, test, Version=1.0.0.0, Culture=neutral, PublicKeyToken=null" name="ETL_helper_objectStoreInsert_Error_UnknownObjectType" />
    </UnitTest>
    <UnitTest name="STAGE_mergeProjectTest" storage="test.dll" id="093eaae8-d890-4487-b410-9a0df88a4173">
      <Execution id="0ad01e29-ae5a-4ff5-a274-e1e1d3ae4651" />
      <TestMethod codeBase="path/to/test/dll/test.dll" adapterTypeName="Microsoft.VisualStudio.TestTools.TestTypes.Unit.UnitTestAdapter, Microsoft.VisualStudio.QualityTools.Tips.UnitTest.Adapter, Version=11.0.0.0, Culture=neutral, PublicKeyToken=b03f5f7f11d50a3a" className="test.STAGE_mergeProject_UT, test, Version=1.0.0.0, Culture=neutral, PublicKeyToken=null" name="STAGE_mergeProjectTest" />
    </UnitTest>
    <UnitTest name="dbo_fnGetIdTableFromListTest" storage="test.dll" id="519fb66b-4ab0-c02e-142a-a873cbead908">
      <Execution id="5d73ccf4-6fd4-43fb-be03-7a68af091ed5" />
      <TestMethod codeBase="path/to/test/dll/test.dll" adapterTypeName="Microsoft.VisualStudio.TestTools.TestTypes.Unit.UnitTestAdapter, Microsoft.VisualStudio.QualityTools.Tips.UnitTest.Adapter, Version=11.0.0.0, Culture=neutral, PublicKeyToken=b03f5f7f11d50a3a" className="test.dbo_fnGetIdTableFromList_UT, test, Version=1.0.0.0, Culture=neutral, PublicKeyToken=null" name="dbo_fnGetIdTableFromListTest" />
    </UnitTest>
    <UnitTest name="ETL_helper_lateArrivingProjectId_withValidProject" storage="test.dll" id="ec7ebffd-9e89-69fd-2b86-6c46054d84a2">
      <Execution id="eb39d0ac-9885-414d-91a7-0f5e263aa6b6" />
      <TestMethod codeBase="path/to/test/dll/test.dll" adapterTypeName="Microsoft.VisualStudio.TestTools.TestTypes.Unit.UnitTestAdapter, Microsoft.VisualStudio.QualityTools.Tips.UnitTest.Adapter, Version=11.0.0.0, Culture=neutral, PublicKeyToken=b03f5f7f11d50a3a" className="test.ETL_helper_lateArrivingProjectId_UT, test, Version=1.0.0.0, Culture=neutral, PublicKeyToken=null" name="ETL_helper_lateArrivingProjectId_withValidProject" />
    </UnitTest>
    <UnitTest name="ETL_helper_startJobTest" storage="test.dll" id="f08b8bbd-f087-c366-8cb8-467284add925">
      <TestCategory>
        <TestCategoryItem TestCategory="SSIS Catalog" />
      </TestCategory>
      <Execution id="57d0908d-07e8-42f4-9be5-ffe4555401fa" />
      <TestMethod codeBase="path/to/test/dll/test.dll" adapterTypeName="Microsoft.VisualStudio.TestTools.TestTypes.Unit.UnitTestAdapter, Microsoft.VisualStudio.QualityTools.Tips.UnitTest.Adapter, Version=11.0.0.0, Culture=neutral, PublicKeyToken=b03f5f7f11d50a3a" className="test.ETL_helper_startJob_UT, test, Version=1.0.0.0, Culture=neutral, PublicKeyToken=null" name="ETL_helper_startJobTest" />
    </UnitTest>
    <UnitTest name="dbo_fnCheckValidOptions_checkConstraint" storage="test.dll" id="29726a10-4f21-6e46-8e1d-526b256c0243">
      <Execution id="531de7d4-cc04-46cd-82b7-98e19de89024" />
      <TestMethod codeBase="path/to/test/dll/test.dll" adapterTypeName="Microsoft.VisualStudio.TestTools.TestTypes.Unit.UnitTestAdapter, Microsoft.VisualStudio.QualityTools.Tips.UnitTest.Adapter, Version=11.0.0.0, Culture=neutral, PublicKeyToken=b03f5f7f11d50a3a" className="test.dbo_fnCheckValidOptions_UT, test, Version=1.0.0.0, Culture=neutral, PublicKeyToken=null" name="dbo_fnCheckValidOptions_checkConstraint" />
    </UnitTest>
    <UnitTest name="ETL_helper_lateArrivingProjectId_withoutValidProject" storage="test.dll" id="511faa74-ef29-4ef4-0ee3-491376d23e9b">
      <Execution id="a6a6a9c3-c43e-4449-b148-07a6089ba9b7" />
      <TestMethod codeBase="path/to/test/dll/test.dll" adapterTypeName="Microsoft.VisualStudio.TestTools.TestTypes.Unit.UnitTestAdapter, Microsoft.VisualStudio.QualityTools.Tips.UnitTest.Adapter, Version=11.0.0.0, Culture=neutral, PublicKeyToken=b03f5f7f11d50a3a" className="test.ETL_helper_lateArrivingProjectId_UT, test, Version=1.0.0.0, Culture=neutral, PublicKeyToken=null" name="ETL_helper_lateArrivingProjectId_withoutValidProject" />
    </UnitTest>
    <UnitTest name="ETL_catalog_getExecutionSysInfoTest" storage="test.dll" id="45c637e3-f568-fd03-9ff5-879a63fac1a0">
      <TestCategory>
        <TestCategoryItem TestCategory="SSIS Catalog" />
      </TestCategory>
      <Execution id="5a00c565-24d8-4382-8a21-54735ee1e167" />
      <TestMethod codeBase="path/to/test/dll/test.dll" adapterTypeName="Microsoft.VisualStudio.TestTools.TestTypes.Unit.UnitTestAdapter, Microsoft.VisualStudio.QualityTools.Tips.UnitTest.Adapter, Version=11.0.0.0, Culture=neutral, PublicKeyToken=b03f5f7f11d50a3a" className="test.ETL_catalog_getExecutionSysInfo_UT, test, Version=1.0.0.0, Culture=neutral, PublicKeyToken=null" name="ETL_catalog_getExecutionSysInfoTest" />
    </UnitTest>
    <UnitTest name="ETL_helper_finishStep_with1Step" storage="test.dll" id="8f0ee6fc-fb5a-eebf-db7e-e7fe732044b7">
      <Execution id="3f6b2ba1-251c-419c-be21-86507677497a" />
      <TestMethod codeBase="path/to/test/dll/test.dll" adapterTypeName="Microsoft.VisualStudio.TestTools.TestTypes.Unit.UnitTestAdapter, Microsoft.VisualStudio.QualityTools.Tips.UnitTest.Adapter, Version=11.0.0.0, Culture=neutral, PublicKeyToken=b03f5f7f11d50a3a" className="test.ETL_helper_finishStep_UT, test, Version=1.0.0.0, Culture=neutral, PublicKeyToken=null" name="ETL_helper_finishStep_with1Step" />
    </UnitTest>
    <UnitTest name="ETL_framework_projectEndTest" storage="test.dll" id="db6be25f-bbc0-f3cb-cddc-68be338576df">
      <Execution id="b1a14008-5d72-44ae-bf47-82561b01e959" />
      <TestMethod codeBase="path/to/test/dll/test.dll" adapterTypeName="Microsoft.VisualStudio.TestTools.TestTypes.Unit.UnitTestAdapter, Microsoft.VisualStudio.QualityTools.Tips.UnitTest.Adapter, Version=11.0.0.0, Culture=neutral, PublicKeyToken=b03f5f7f11d50a3a" className="test.ETL_framework_projectEnd_UT, test, Version=1.0.0.0, Culture=neutral, PublicKeyToken=null" name="ETL_framework_projectEndTest" />
    </UnitTest>
    <UnitTest name="ETL_job_insertJobTest" storage="test.dll" id="ac5ebfa8-72f6-c232-3105-4928ceab5b00">
      <Execution id="3ff09acb-2943-483a-bf43-231bcdb96e02" />
      <TestMethod codeBase="path/to/test/dll/test.dll" adapterTypeName="Microsoft.VisualStudio.TestTools.TestTypes.Unit.UnitTestAdapter, Microsoft.VisualStudio.QualityTools.Tips.UnitTest.Adapter, Version=11.0.0.0, Culture=neutral, PublicKeyToken=b03f5f7f11d50a3a" className="test.ETL_job_insertJob_UT, test, Version=1.0.0.0, Culture=neutral, PublicKeyToken=null" name="ETL_job_insertJobTest" />
    </UnitTest>
    <UnitTest name="ETL_helper_warningWriteTest_sourceParameter" storage="test.dll" id="bbf9f8ad-9f28-41c4-56ea-79d4b4864b9c">
      <Execution id="14696865-85f6-4c39-8127-af91159fe56d" />
      <TestMethod codeBase="path/to/test/dll/test.dll" adapterTypeName="Microsoft.VisualStudio.TestTools.TestTypes.Unit.UnitTestAdapter, Microsoft.VisualStudio.QualityTools.Tips.UnitTest.Adapter, Version=11.0.0.0, Culture=neutral, PublicKeyToken=b03f5f7f11d50a3a" className="test.ETL_helper_warningWrite_UT, test, Version=1.0.0.0, Culture=neutral, PublicKeyToken=null" name="ETL_helper_warningWriteTest_sourceParameter" />
    </UnitTest>
    <UnitTest name="ETL_framework_packageStart_Child_DifferentProjectIdFromParent" storage="test.dll" id="08ceb4b1-0002-271d-d504-d5ca42d0971d">
      <Execution id="3fc91338-9148-45e9-8547-463435fe3d15" />
      <TestMethod codeBase="path/to/test/dll/test.dll" adapterTypeName="Microsoft.VisualStudio.TestTools.TestTypes.Unit.UnitTestAdapter, Microsoft.VisualStudio.QualityTools.Tips.UnitTest.Adapter, Version=11.0.0.0, Culture=neutral, PublicKeyToken=b03f5f7f11d50a3a" className="test.ETL_framework_packageStart_UT, test, Version=1.0.0.0, Culture=neutral, PublicKeyToken=null" name="ETL_framework_packageStart_Child_DifferentProjectIdFromParent" />
    </UnitTest>
    <UnitTest name="ETL_helper_errorWriteTest" storage="test.dll" id="848c7a1d-f7b7-6b9a-f3e6-fa78d9d37cb1">
      <Execution id="e9b7bfec-d7a1-477d-9d49-749081860a06" />
      <TestMethod codeBase="path/to/test/dll/test.dll" adapterTypeName="Microsoft.VisualStudio.TestTools.TestTypes.Unit.UnitTestAdapter, Microsoft.VisualStudio.QualityTools.Tips.UnitTest.Adapter, Version=11.0.0.0, Culture=neutral, PublicKeyToken=b03f5f7f11d50a3a" className="test.ETL_helper_errorWrite_UT, test, Version=1.0.0.0, Culture=neutral, PublicKeyToken=null" name="ETL_helper_errorWriteTest" />
    </UnitTest>
    <UnitTest name="ETL_framework_packageStart_GrandChild_ProjectSpecific" storage="test.dll" id="ebf2efd3-ccb3-66af-44df-4f2268697a0f">
      <Execution id="d5c4cb54-155e-4be0-b210-1bb7b983d4ee" />
      <TestMethod codeBase="path/to/test/dll/test.dll" adapterTypeName="Microsoft.VisualStudio.TestTools.TestTypes.Unit.UnitTestAdapter, Microsoft.VisualStudio.QualityTools.Tips.UnitTest.Adapter, Version=11.0.0.0, Culture=neutral, PublicKeyToken=b03f5f7f11d50a3a" className="test.ETL_framework_packageStart_UT, test, Version=1.0.0.0, Culture=neutral, PublicKeyToken=null" name="ETL_framework_packageStart_GrandChild_ProjectSpecific" />
    </UnitTest>
    <UnitTest name="ETL_step_insertStepInstanceTest" storage="test.dll" id="8e260cf6-3610-3cde-23a5-f006cb5f4db0">
      <Execution id="2566d426-f064-4cb1-92ea-a67e2af7d0ba" />
      <TestMethod codeBase="path/to/test/dll/test.dll" adapterTypeName="Microsoft.VisualStudio.TestTools.TestTypes.Unit.UnitTestAdapter, Microsoft.VisualStudio.QualityTools.Tips.UnitTest.Adapter, Version=11.0.0.0, Culture=neutral, PublicKeyToken=b03f5f7f11d50a3a" className="test.ETL_step_insertStepInstance_UT, test, Version=1.0.0.0, Culture=neutral, PublicKeyToken=null" name="ETL_step_insertStepInstanceTest" />
    </UnitTest>
    <UnitTest name="ETL_catalog_getExecutionStatisticsTest" storage="test.dll" id="5ffd5e01-2da0-a2d0-3133-a7a66b081bb5">
      <TestCategory>
        <TestCategoryItem TestCategory="SSIS Catalog" />
      </TestCategory>
      <Execution id="bb738aca-f472-40ec-8f02-2f4a3881fd33" />
      <TestMethod codeBase="path/to/test/dll/test.dll" adapterTypeName="Microsoft.VisualStudio.TestTools.TestTypes.Unit.UnitTestAdapter, Microsoft.VisualStudio.QualityTools.Tips.UnitTest.Adapter, Version=11.0.0.0, Culture=neutral, PublicKeyToken=b03f5f7f11d50a3a" className="test.ETL_catalog_getExecutionStatistics_UT, test, Version=1.0.0.0, Culture=neutral, PublicKeyToken=null" name="ETL_catalog_getExecutionStatisticsTest" />
    </UnitTest>
    <UnitTest name="ETL_helper_queueJob_noProject_or_Group" storage="test.dll" id="d9539e3b-1291-529f-b519-48a3546628b6">
      <Execution id="46198e7c-23a2-49d2-90b6-cad1d7bf901a" />
      <TestMethod codeBase="path/to/test/dll/test.dll" adapterTypeName="Microsoft.VisualStudio.TestTools.TestTypes.Unit.UnitTestAdapter, Microsoft.VisualStudio.QualityTools.Tips.UnitTest.Adapter, Version=11.0.0.0, Culture=neutral, PublicKeyToken=b03f5f7f11d50a3a" className="test.ETL_helper_queueJob_UT, test, Version=1.0.0.0, Culture=neutral, PublicKeyToken=null" name="ETL_helper_queueJob_noProject_or_Group" />
    </UnitTest>
    <UnitTest name="STAGE_fixMissingLinks_tableLogProject" storage="test.dll" id="7cffc5bf-b219-ed3e-8f7d-5230b9a06e9d">
      <Execution id="026fb0fa-bf84-4014-94c7-43659133e078" />
      <TestMethod codeBase="path/to/test/dll/test.dll" adapterTypeName="Microsoft.VisualStudio.TestTools.TestTypes.Unit.UnitTestAdapter, Microsoft.VisualStudio.QualityTools.Tips.UnitTest.Adapter, Version=11.0.0.0, Culture=neutral, PublicKeyToken=b03f5f7f11d50a3a" className="test.STAGE_fixMissingLinks_UT, test, Version=1.0.0.0, Culture=neutral, PublicKeyToken=null" name="STAGE_fixMissingLinks_tableLogProject" />
    </UnitTest>
    <UnitTest name="ETL_helper_objectStoreInsert_Error_BadFileExtension" storage="test.dll" id="8c1d0f7b-8579-3343-ec20-6d988bfb6f2b">
      <Execution id="f9608ec7-e2b6-4373-9513-0a88c53ec1bf" />
      <TestMethod codeBase="path/to/test/dll/test.dll" adapterTypeName="Microsoft.VisualStudio.TestTools.TestTypes.Unit.UnitTestAdapter, Microsoft.VisualStudio.QualityTools.Tips.UnitTest.Adapter, Version=11.0.0.0, Culture=neutral, PublicKeyToken=b03f5f7f11d50a3a" className="test.ETL_helper_objectStoreInsert, test, Version=1.0.0.0, Culture=neutral, PublicKeyToken=null" name="ETL_helper_objectStoreInsert_Error_BadFileExtension" />
    </UnitTest>
    <UnitTest name="ETL_helper_objectStoreInsert_GeneralISPAC_Insert" storage="test.dll" id="fed4cbd5-a0c9-29e3-e7d3-3684495d7697">
      <Execution id="cc50f312-a86a-4618-b487-18e21d997947" />
      <TestMethod codeBase="path/to/test/dll/test.dll" adapterTypeName="Microsoft.VisualStudio.TestTools.TestTypes.Unit.UnitTestAdapter, Microsoft.VisualStudio.QualityTools.Tips.UnitTest.Adapter, Version=11.0.0.0, Culture=neutral, PublicKeyToken=b03f5f7f11d50a3a" className="test.ETL_helper_objectStoreInsert, test, Version=1.0.0.0, Culture=neutral, PublicKeyToken=null" name="ETL_helper_objectStoreInsert_GeneralISPAC_Insert" />
    </UnitTest>
    <UnitTest name="ETL_log_insertLog_attachedToJobStepTask" storage="test.dll" id="99c32d2e-8b99-f797-2b4d-6c46aea51096">
      <Execution id="5127a024-ad83-4a4f-a0d2-f2d8f2507914" />
      <TestMethod codeBase="path/to/test/dll/test.dll" adapterTypeName="Microsoft.VisualStudio.TestTools.TestTypes.Unit.UnitTestAdapter, Microsoft.VisualStudio.QualityTools.Tips.UnitTest.Adapter, Version=11.0.0.0, Culture=neutral, PublicKeyToken=b03f5f7f11d50a3a" className="test.ETL_log_insertLog_UT, test, Version=1.0.0.0, Culture=neutral, PublicKeyToken=null" name="ETL_log_insertLog_attachedToJobStepTask" />
    </UnitTest>
    <UnitTest name="CFG_helper_getMetricDefinition_insertNew" storage="test.dll" id="5677e893-d7c1-f6bd-7365-c179b9b72fe7">
      <Execution id="83294790-966d-4667-99c9-ef81344fde2b" />
      <TestMethod codeBase="path/to/test/dll/test.dll" adapterTypeName="Microsoft.VisualStudio.TestTools.TestTypes.Unit.UnitTestAdapter, Microsoft.VisualStudio.QualityTools.Tips.UnitTest.Adapter, Version=11.0.0.0, Culture=neutral, PublicKeyToken=b03f5f7f11d50a3a" className="test.CFG_helper_getMetricDefinition_UT, test, Version=1.0.0.0, Culture=neutral, PublicKeyToken=null" name="CFG_helper_getMetricDefinition_insertNew" />
    </UnitTest>
    <UnitTest name="ETL_step_insertStepTest" storage="test.dll" id="1c8d68ef-ef52-7fbf-ca40-e50c5affb549">
      <Execution id="e969344a-c143-42ec-9c16-f370fb8988f2" />
      <TestMethod codeBase="path/to/test/dll/test.dll" adapterTypeName="Microsoft.VisualStudio.TestTools.TestTypes.Unit.UnitTestAdapter, Microsoft.VisualStudio.QualityTools.Tips.UnitTest.Adapter, Version=11.0.0.0, Culture=neutral, PublicKeyToken=b03f5f7f11d50a3a" className="test.ETL_step_insertStep_UT, test, Version=1.0.0.0, Culture=neutral, PublicKeyToken=null" name="ETL_step_insertStepTest" />
    </UnitTest>
    <UnitTest name="ETL_helper_queueJob_projectSpecific" storage="test.dll" id="fdc6906a-6d6f-9642-d74c-c02e007e32b2">
      <Execution id="7d9d52eb-ea3a-4037-98d3-3ad35c22a6bd" />
      <TestMethod codeBase="path/to/test/dll/test.dll" adapterTypeName="Microsoft.VisualStudio.TestTools.TestTypes.Unit.UnitTestAdapter, Microsoft.VisualStudio.QualityTools.Tips.UnitTest.Adapter, Version=11.0.0.0, Culture=neutral, PublicKeyToken=b03f5f7f11d50a3a" className="test.ETL_helper_queueJob_UT, test, Version=1.0.0.0, Culture=neutral, PublicKeyToken=null" name="ETL_helper_queueJob_projectSpecific" />
    </UnitTest>
    <UnitTest name="ETL_framework_packageStart_UseExistingStep" storage="test.dll" id="2310bb75-8882-23a2-0dd1-44a45e632cd5">
      <Execution id="84e36d5c-b7b5-4a1b-96c2-c62bed3eb176" />
      <TestMethod codeBase="path/to/test/dll/test.dll" adapterTypeName="Microsoft.VisualStudio.TestTools.TestTypes.Unit.UnitTestAdapter, Microsoft.VisualStudio.QualityTools.Tips.UnitTest.Adapter, Version=11.0.0.0, Culture=neutral, PublicKeyToken=b03f5f7f11d50a3a" className="test.ETL_framework_packageStart_UT, test, Version=1.0.0.0, Culture=neutral, PublicKeyToken=null" name="ETL_framework_packageStart_UseExistingStep" />
    </UnitTest>
    <UnitTest name="ETL_helper_getTableReferenceDate_recordsInStagingAndTableLog" storage="test.dll" id="6b001464-d13e-127d-8889-e596c37deede">
      <Execution id="5f6d9368-c20c-4e11-b68f-73ba78e0fa00" />
      <TestMethod codeBase="path/to/test/dll/test.dll" adapterTypeName="Microsoft.VisualStudio.TestTools.TestTypes.Unit.UnitTestAdapter, Microsoft.VisualStudio.QualityTools.Tips.UnitTest.Adapter, Version=11.0.0.0, Culture=neutral, PublicKeyToken=b03f5f7f11d50a3a" className="test.ETL_helper_getTableReferenceDate, test, Version=1.0.0.0, Culture=neutral, PublicKeyToken=null" name="ETL_helper_getTableReferenceDate_recordsInStagingAndTableLog" />
    </UnitTest>
    <UnitTest name="ETL_helper_objectStoreInsert_ProjectISPAC_Update" storage="test.dll" id="50c97857-a761-307f-f0da-cb5669d98953">
      <Execution id="c2c81148-4dcf-4c6e-8592-8232b7f7e47c" />
      <TestMethod codeBase="path/to/test/dll/test.dll" adapterTypeName="Microsoft.VisualStudio.TestTools.TestTypes.Unit.UnitTestAdapter, Microsoft.VisualStudio.QualityTools.Tips.UnitTest.Adapter, Version=11.0.0.0, Culture=neutral, PublicKeyToken=b03f5f7f11d50a3a" className="test.ETL_helper_objectStoreInsert, test, Version=1.0.0.0, Culture=neutral, PublicKeyToken=null" name="ETL_helper_objectStoreInsert_ProjectISPAC_Update" />
    </UnitTest>
    <UnitTest name="ETL_framework_taskEndTest" storage="test.dll" id="8dbc9947-7cae-00e7-ae54-bdae7b76511e">
      <Execution id="b58566c4-dca4-4f8e-9d77-c517e21923fb" />
      <TestMethod codeBase="path/to/test/dll/test.dll" adapterTypeName="Microsoft.VisualStudio.TestTools.TestTypes.Unit.UnitTestAdapter, Microsoft.VisualStudio.QualityTools.Tips.UnitTest.Adapter, Version=11.0.0.0, Culture=neutral, PublicKeyToken=b03f5f7f11d50a3a" className="test.ETL_framework_taskEnd_UT, test, Version=1.0.0.0, Culture=neutral, PublicKeyToken=null" name="ETL_framework_taskEndTest" />
    </UnitTest>
    <UnitTest name="ETL_framework_logMetric_int" storage="test.dll" id="5a893c7c-d985-0681-a71e-63b64e0befd9">
      <Execution id="ec36f79a-aaa9-477a-9ffa-49c2e0e0a24d" />
      <TestMethod codeBase="path/to/test/dll/test.dll" adapterTypeName="Microsoft.VisualStudio.TestTools.TestTypes.Unit.UnitTestAdapter, Microsoft.VisualStudio.QualityTools.Tips.UnitTest.Adapter, Version=11.0.0.0, Culture=neutral, PublicKeyToken=b03f5f7f11d50a3a" className="test.ETL_framework_logMetric_UT, test, Version=1.0.0.0, Culture=neutral, PublicKeyToken=null" name="ETL_framework_logMetric_int" />
    </UnitTest>
    <UnitTest name="ETL_helper_debugWriteTest_allParameters" storage="test.dll" id="4ba1cbc5-eda4-195b-0227-9273f6f5a92c">
      <Execution id="877ce367-e382-4266-aa7d-7b1c8a13b517" />
      <TestMethod codeBase="path/to/test/dll/test.dll" adapterTypeName="Microsoft.VisualStudio.TestTools.TestTypes.Unit.UnitTestAdapter, Microsoft.VisualStudio.QualityTools.Tips.UnitTest.Adapter, Version=11.0.0.0, Culture=neutral, PublicKeyToken=b03f5f7f11d50a3a" className="test.ETL_helper_debugWrite_UT, test, Version=1.0.0.0, Culture=neutral, PublicKeyToken=null" name="ETL_helper_debugWriteTest_allParameters" />
    </UnitTest>
    <UnitTest name="STAGE_fixMissingLinks_jobInstanceProject" storage="test.dll" id="372e65bf-77aa-edb3-f793-cd8bf8262d6a">
      <Execution id="f456d0a8-95af-474c-99c5-1cc0ce5a0d3d" />
      <TestMethod codeBase="path/to/test/dll/test.dll" adapterTypeName="Microsoft.VisualStudio.TestTools.TestTypes.Unit.UnitTestAdapter, Microsoft.VisualStudio.QualityTools.Tips.UnitTest.Adapter, Version=11.0.0.0, Culture=neutral, PublicKeyToken=b03f5f7f11d50a3a" className="test.STAGE_fixMissingLinks_UT, test, Version=1.0.0.0, Culture=neutral, PublicKeyToken=null" name="STAGE_fixMissingLinks_jobInstanceProject" />
    </UnitTest>
    <UnitTest name="ETL_helper_defineNewJob_withMultipleSteps" storage="test.dll" id="062fd20e-f1a3-492f-80c2-ee30a15aab9c">
      <Execution id="43a7e41d-05e3-41fe-be7f-019df6101168" />
      <TestMethod codeBase="path/to/test/dll/test.dll" adapterTypeName="Microsoft.VisualStudio.TestTools.TestTypes.Unit.UnitTestAdapter, Microsoft.VisualStudio.QualityTools.Tips.UnitTest.Adapter, Version=11.0.0.0, Culture=neutral, PublicKeyToken=b03f5f7f11d50a3a" className="test.ETL_helper_defineNewJob_UT, test, Version=1.0.0.0, Culture=neutral, PublicKeyToken=null" name="ETL_helper_defineNewJob_withMultipleSteps" />
    </UnitTest>
    <UnitTest name="ETL_job_insertJobDefinitionTest" storage="test.dll" id="15969d94-066c-33bf-1750-37377c2ccf77">
      <Execution id="14b9b681-3128-4f7b-82ab-146257465469" />
      <TestMethod codeBase="path/to/test/dll/test.dll" adapterTypeName="Microsoft.VisualStudio.TestTools.TestTypes.Unit.UnitTestAdapter, Microsoft.VisualStudio.QualityTools.Tips.UnitTest.Adapter, Version=11.0.0.0, Culture=neutral, PublicKeyToken=b03f5f7f11d50a3a" className="test.ETL_job_insertJobDefinition_UT, test, Version=1.0.0.0, Culture=neutral, PublicKeyToken=null" name="ETL_job_insertJobDefinitionTest" />
    </UnitTest>
    <UnitTest name="ETL_GetObjectStoreIdTest" storage="test.dll" id="3414297b-9770-b3ca-2bf9-a1d03f4d7485">
      <Execution id="229d3adc-be05-4db8-bf36-0a0c91fa01f0" />
      <TestMethod codeBase="path/to/test/dll/test.dll" adapterTypeName="Microsoft.VisualStudio.TestTools.TestTypes.Unit.UnitTestAdapter, Microsoft.VisualStudio.QualityTools.Tips.UnitTest.Adapter, Version=11.0.0.0, Culture=neutral, PublicKeyToken=b03f5f7f11d50a3a" className="test.ETL_GetObjectStoreId_UT, test, Version=1.0.0.0, Culture=neutral, PublicKeyToken=null" name="ETL_GetObjectStoreIdTest" />
    </UnitTest>
    <UnitTest name="ETL_framework_packageStart_Debugging_UseExistingStep" storage="test.dll" id="57f7a741-d962-9806-3e0d-00934660bfe4">
      <Execution id="d4a26635-8320-48ba-9bab-e513b90738a4" />
      <TestMethod codeBase="path/to/test/dll/test.dll" adapterTypeName="Microsoft.VisualStudio.TestTools.TestTypes.Unit.UnitTestAdapter, Microsoft.VisualStudio.QualityTools.Tips.UnitTest.Adapter, Version=11.0.0.0, Culture=neutral, PublicKeyToken=b03f5f7f11d50a3a" className="test.ETL_framework_packageStart_UT, test, Version=1.0.0.0, Culture=neutral, PublicKeyToken=null" name="ETL_framework_packageStart_Debugging_UseExistingStep" />
    </UnitTest>
    <UnitTest name="ETL_framework_taskStart_byTaskGUID" storage="test.dll" id="1ddb994e-69d7-e2c8-0758-3ae4eedfab8d">
      <Execution id="8185a913-7655-4368-b60b-f00e9858cba8" />
      <TestMethod codeBase="path/to/test/dll/test.dll" adapterTypeName="Microsoft.VisualStudio.TestTools.TestTypes.Unit.UnitTestAdapter, Microsoft.VisualStudio.QualityTools.Tips.UnitTest.Adapter, Version=11.0.0.0, Culture=neutral, PublicKeyToken=b03f5f7f11d50a3a" className="test.ETL_framework_taskStart_UT, test, Version=1.0.0.0, Culture=neutral, PublicKeyToken=null" name="ETL_framework_taskStart_byTaskGUID" />
    </UnitTest>
    <UnitTest name="ETL_helper_defineNewStepSproc_successfulUpdate" storage="test.dll" id="2f2e7c19-87ba-df3d-9cea-66e0d2d4debe">
      <Execution id="4bd0222f-f526-4043-8c46-8095077ceedf" />
      <TestMethod codeBase="path/to/test/dll/test.dll" adapterTypeName="Microsoft.VisualStudio.TestTools.TestTypes.Unit.UnitTestAdapter, Microsoft.VisualStudio.QualityTools.Tips.UnitTest.Adapter, Version=11.0.0.0, Culture=neutral, PublicKeyToken=b03f5f7f11d50a3a" className="test.ETL_helper_defineNewStepSproc_UT, test, Version=1.0.0.0, Culture=neutral, PublicKeyToken=null" name="ETL_helper_defineNewStepSproc_successfulUpdate" />
    </UnitTest>
    <UnitTest name="ETL_framework_packageEnd_RunningSteps" storage="test.dll" id="ad4bbaae-315b-da70-514b-85d1156a3a46">
      <Execution id="59715291-56bb-4f90-b1d5-4d4d95a3472c" />
      <TestMethod codeBase="path/to/test/dll/test.dll" adapterTypeName="Microsoft.VisualStudio.TestTools.TestTypes.Unit.UnitTestAdapter, Microsoft.VisualStudio.QualityTools.Tips.UnitTest.Adapter, Version=11.0.0.0, Culture=neutral, PublicKeyToken=b03f5f7f11d50a3a" className="test.ETL_framework_packageEnd_UT, test, Version=1.0.0.0, Culture=neutral, PublicKeyToken=null" name="ETL_framework_packageEnd_RunningSteps" />
    </UnitTest>
    <UnitTest name="ETL_framework_projectStart_packageStartedFromController" storage="test.dll" id="76dd94e1-fd8d-b403-8e8f-53e2ac9b35e9">
      <Execution id="575d8961-c2d5-4e17-b6be-d3af351d4961" />
      <TestMethod codeBase="path/to/test/dll/test.dll" adapterTypeName="Microsoft.VisualStudio.TestTools.TestTypes.Unit.UnitTestAdapter, Microsoft.VisualStudio.QualityTools.Tips.UnitTest.Adapter, Version=11.0.0.0, Culture=neutral, PublicKeyToken=b03f5f7f11d50a3a" className="test.ETL_framework_projectStart_UT, test, Version=1.0.0.0, Culture=neutral, PublicKeyToken=null" name="ETL_framework_projectStart_packageStartedFromController" />
    </UnitTest>
    <UnitTest name="ETL_catalog_deployProject_Error_NoObjectInStore" storage="test.dll" id="94e46a78-ced1-5460-ee0b-3f2259ff223b">
      <Execution id="8b384eea-d716-488f-ad7c-21b7358ef479" />
      <TestMethod codeBase="path/to/test/dll/test.dll" adapterTypeName="Microsoft.VisualStudio.TestTools.TestTypes.Unit.UnitTestAdapter, Microsoft.VisualStudio.QualityTools.Tips.UnitTest.Adapter, Version=11.0.0.0, Culture=neutral, PublicKeyToken=b03f5f7f11d50a3a" className="test.ETL_catalog_deployProject_UT, test, Version=1.0.0.0, Culture=neutral, PublicKeyToken=null" name="ETL_catalog_deployProject_Error_NoObjectInStore" />
    </UnitTest>
    <UnitTest name="CFG_administration_deleteJobInstance_NoDelete" storage="test.dll" id="e1049faa-f9d5-0cbb-98c1-ba9933563daf">
      <Execution id="a0d59abb-4e65-454b-9ca7-30e32b03a0a9" />
      <TestMethod codeBase="path/to/test/dll/test.dll" adapterTypeName="Microsoft.VisualStudio.TestTools.TestTypes.Unit.UnitTestAdapter, Microsoft.VisualStudio.QualityTools.Tips.UnitTest.Adapter, Version=11.0.0.0, Culture=neutral, PublicKeyToken=b03f5f7f11d50a3a" className="test.CFG_administration_deleteJobInstance_UT, test, Version=1.0.0.0, Culture=neutral, PublicKeyToken=null" name="CFG_administration_deleteJobInstance_NoDelete" />
    </UnitTest>
    <UnitTest name="ETL_framework_taskStart_byTaskGUIDandStepInstanceId" storage="test.dll" id="2615d453-e43c-bb80-faf4-c9d2cc04e83e">
      <Execution id="9258a698-9860-4e8d-bf67-3dadccf386c8" />
      <TestMethod codeBase="path/to/test/dll/test.dll" adapterTypeName="Microsoft.VisualStudio.TestTools.TestTypes.Unit.UnitTestAdapter, Microsoft.VisualStudio.QualityTools.Tips.UnitTest.Adapter, Version=11.0.0.0, Culture=neutral, PublicKeyToken=b03f5f7f11d50a3a" className="test.ETL_framework_taskStart_UT, test, Version=1.0.0.0, Culture=neutral, PublicKeyToken=null" name="ETL_framework_taskStart_byTaskGUIDandStepInstanceId" />
    </UnitTest>
    <UnitTest name="ETL_framework_packageEnd_AllSuccess" storage="test.dll" id="801822bd-ded4-6443-ff1f-35484d14985c">
      <Execution id="3d799309-94d6-47b1-80d2-ee15c1e5afa8" />
      <TestMethod codeBase="path/to/test/dll/test.dll" adapterTypeName="Microsoft.VisualStudio.TestTools.TestTypes.Unit.UnitTestAdapter, Microsoft.VisualStudio.QualityTools.Tips.UnitTest.Adapter, Version=11.0.0.0, Culture=neutral, PublicKeyToken=b03f5f7f11d50a3a" className="test.ETL_framework_packageEnd_UT, test, Version=1.0.0.0, Culture=neutral, PublicKeyToken=null" name="ETL_framework_packageEnd_AllSuccess" />
    </UnitTest>
    <UnitTest name="ETL_framework_packageStart_ControllerStarted" storage="test.dll" id="d0eee0b6-a52b-c3a9-36f4-862ccae794c3">
      <Execution id="040093bb-17a7-4d63-9ecd-6b9f5296c3b0" />
      <TestMethod codeBase="path/to/test/dll/test.dll" adapterTypeName="Microsoft.VisualStudio.TestTools.TestTypes.Unit.UnitTestAdapter, Microsoft.VisualStudio.QualityTools.Tips.UnitTest.Adapter, Version=11.0.0.0, Culture=neutral, PublicKeyToken=b03f5f7f11d50a3a" className="test.ETL_framework_packageStart_UT, test, Version=1.0.0.0, Culture=neutral, PublicKeyToken=null" name="ETL_framework_packageStart_ControllerStarted" />
    </UnitTest>
    <UnitTest name="ETL_helper_getTableReferenceDate_tableLogDateOnly" storage="test.dll" id="7ce6f9a9-0401-8cb6-d02a-60b319a46425">
      <Execution id="ddd2a91c-1687-4b7d-8865-9714251a7321" />
      <TestMethod codeBase="path/to/test/dll/test.dll" adapterTypeName="Microsoft.VisualStudio.TestTools.TestTypes.Unit.UnitTestAdapter, Microsoft.VisualStudio.QualityTools.Tips.UnitTest.Adapter, Version=11.0.0.0, Culture=neutral, PublicKeyToken=b03f5f7f11d50a3a" className="test.ETL_helper_getTableReferenceDate, test, Version=1.0.0.0, Culture=neutral, PublicKeyToken=null" name="ETL_helper_getTableReferenceDate_tableLogDateOnly" />
    </UnitTest>
    <UnitTest name="ETL_helper_defineNewJob_debuggingMode" storage="test.dll" id="f02035ec-b352-32e6-0f98-82a687a762ea">
      <Execution id="10d0c5d5-d86e-49a1-af9b-bea1f234f242" />
      <TestMethod codeBase="path/to/test/dll/test.dll" adapterTypeName="Microsoft.VisualStudio.TestTools.TestTypes.Unit.UnitTestAdapter, Microsoft.VisualStudio.QualityTools.Tips.UnitTest.Adapter, Version=11.0.0.0, Culture=neutral, PublicKeyToken=b03f5f7f11d50a3a" className="test.ETL_helper_defineNewJob_UT, test, Version=1.0.0.0, Culture=neutral, PublicKeyToken=null" name="ETL_helper_defineNewJob_debuggingMode" />
    </UnitTest>
    <UnitTest name="ETL_catalog_projectDelete_ProjectDeleted" storage="test.dll" id="5b63cf84-75fa-6156-e5dd-9305484a5099">
      <Execution id="2ff326ef-27e3-4835-89f5-284ad340088b" />
      <TestMethod codeBase="path/to/test/dll/test.dll" adapterTypeName="Microsoft.VisualStudio.TestTools.TestTypes.Unit.UnitTestAdapter, Microsoft.VisualStudio.QualityTools.Tips.UnitTest.Adapter, Version=11.0.0.0, Culture=neutral, PublicKeyToken=b03f5f7f11d50a3a" className="test.ETL_catalog_deleteProject_UT, test, Version=1.0.0.0, Culture=neutral, PublicKeyToken=null" name="ETL_catalog_projectDelete_ProjectDeleted" />
    </UnitTest>
    <UnitTest name="ETL_framework_packageEnd_parent_WithRunningChildandGrandChild" storage="test.dll" id="1b06a454-da2c-fe80-b8ed-b19a93a0b3b7">
      <Execution id="0d112f46-70bf-471d-bb97-f5d41026aa5f" />
      <TestMethod codeBase="path/to/test/dll/test.dll" adapterTypeName="Microsoft.VisualStudio.TestTools.TestTypes.Unit.UnitTestAdapter, Microsoft.VisualStudio.QualityTools.Tips.UnitTest.Adapter, Version=11.0.0.0, Culture=neutral, PublicKeyToken=b03f5f7f11d50a3a" className="test.ETL_framework_packageEnd_UT, test, Version=1.0.0.0, Culture=neutral, PublicKeyToken=null" name="ETL_framework_packageEnd_parent_WithRunningChildandGrandChild" />
    </UnitTest>
    <UnitTest name="ETL_job_updateJobInstance_running" storage="test.dll" id="82a7d719-5ab6-9788-5d21-10b635e936e2">
      <Execution id="a7e22c4e-ea79-4ca0-a505-610482c5cc07" />
      <TestMethod codeBase="path/to/test/dll/test.dll" adapterTypeName="Microsoft.VisualStudio.TestTools.TestTypes.Unit.UnitTestAdapter, Microsoft.VisualStudio.QualityTools.Tips.UnitTest.Adapter, Version=11.0.0.0, Culture=neutral, PublicKeyToken=b03f5f7f11d50a3a" className="test.ETL_job_updateJobInstance_UT, test, Version=1.0.0.0, Culture=neutral, PublicKeyToken=null" name="ETL_job_updateJobInstance_running" />
    </UnitTest>
    <UnitTest name="ETL_helper_startStepTest" storage="test.dll" id="3ac9445c-da5c-7cc7-435c-29b80d0b052a">
      <TestCategory>
        <TestCategoryItem TestCategory="SSIS Catalog" />
      </TestCategory>
      <Execution id="d65f6069-6585-4339-b695-f6d47600c1d3" />
      <TestMethod codeBase="path/to/test/dll/test.dll" adapterTypeName="Microsoft.VisualStudio.TestTools.TestTypes.Unit.UnitTestAdapter, Microsoft.VisualStudio.QualityTools.Tips.UnitTest.Adapter, Version=11.0.0.0, Culture=neutral, PublicKeyToken=b03f5f7f11d50a3a" className="test.ETL_helper_startStep_UT, test, Version=1.0.0.0, Culture=neutral, PublicKeyToken=null" name="ETL_helper_startStepTest" />
    </UnitTest>
    <UnitTest name="ETL_framework_packageEnd_AllErrors" storage="test.dll" id="262b6dc4-7ce2-8274-8f6e-a7c26aa4935b">
      <Execution id="faefb4f8-afae-4432-8e64-99526c5a996d" />
      <TestMethod codeBase="path/to/test/dll/test.dll" adapterTypeName="Microsoft.VisualStudio.TestTools.TestTypes.Unit.UnitTestAdapter, Microsoft.VisualStudio.QualityTools.Tips.UnitTest.Adapter, Version=11.0.0.0, Culture=neutral, PublicKeyToken=b03f5f7f11d50a3a" className="test.ETL_framework_packageEnd_UT, test, Version=1.0.0.0, Culture=neutral, PublicKeyToken=null" name="ETL_framework_packageEnd_AllErrors" />
    </UnitTest>
    <UnitTest name="ETL_helper_debugWriteTest_jobInstanceIdParameter" storage="test.dll" id="046b2f65-1e1e-21d6-c94c-003364f11884">
      <Execution id="c4e59d37-5963-4930-8b99-dc05331adc62" />
      <TestMethod codeBase="path/to/test/dll/test.dll" adapterTypeName="Microsoft.VisualStudio.TestTools.TestTypes.Unit.UnitTestAdapter, Microsoft.VisualStudio.QualityTools.Tips.UnitTest.Adapter, Version=11.0.0.0, Culture=neutral, PublicKeyToken=b03f5f7f11d50a3a" className="test.ETL_helper_debugWrite_UT, test, Version=1.0.0.0, Culture=neutral, PublicKeyToken=null" name="ETL_helper_debugWriteTest_jobInstanceIdParameter" />
    </UnitTest>
    <UnitTest name="ETL_helper_queueJob_groupSpecific" storage="test.dll" id="86e611db-db10-eaaa-67b2-013103898bfc">
      <Execution id="047149e6-0cbf-4854-8826-2d2c5a38f677" />
      <TestMethod codeBase="path/to/test/dll/test.dll" adapterTypeName="Microsoft.VisualStudio.TestTools.TestTypes.Unit.UnitTestAdapter, Microsoft.VisualStudio.QualityTools.Tips.UnitTest.Adapter, Version=11.0.0.0, Culture=neutral, PublicKeyToken=b03f5f7f11d50a3a" className="test.ETL_helper_queueJob_UT, test, Version=1.0.0.0, Culture=neutral, PublicKeyToken=null" name="ETL_helper_queueJob_groupSpecific" />
    </UnitTest>
    <UnitTest name="ETL_helper_objectStoreInsert_Error_ProjectAttemptedUpdateOverwriteOff" storage="test.dll" id="9effc09c-7d8d-5fb0-2cab-27b4a2596591">
      <Execution id="18e44eda-7fc8-4dca-a545-c7b9a2bc7031" />
      <TestMethod codeBase="path/to/test/dll/test.dll" adapterTypeName="Microsoft.VisualStudio.TestTools.TestTypes.Unit.UnitTestAdapter, Microsoft.VisualStudio.QualityTools.Tips.UnitTest.Adapter, Version=11.0.0.0, Culture=neutral, PublicKeyToken=b03f5f7f11d50a3a" className="test.ETL_helper_objectStoreInsert, test, Version=1.0.0.0, Culture=neutral, PublicKeyToken=null" name="ETL_helper_objectStoreInsert_Error_ProjectAttemptedUpdateOverwriteOff" />
    </UnitTest>
    <UnitTest name="ETL_helper_objectStoreInsert_Error_ImportFail" storage="test.dll" id="5487e1e8-d443-05ae-f8ee-a385de5bf3c5">
      <Execution id="ce9d8f1b-73e1-4824-802c-d620120b154a" />
      <TestMethod codeBase="path/to/test/dll/test.dll" adapterTypeName="Microsoft.VisualStudio.TestTools.TestTypes.Unit.UnitTestAdapter, Microsoft.VisualStudio.QualityTools.Tips.UnitTest.Adapter, Version=11.0.0.0, Culture=neutral, PublicKeyToken=b03f5f7f11d50a3a" className="test.ETL_helper_objectStoreInsert, test, Version=1.0.0.0, Culture=neutral, PublicKeyToken=null" name="ETL_helper_objectStoreInsert_Error_ImportFail" />
    </UnitTest>
    <UnitTest name="ETL_helper_logTableStart_withMissingProject" storage="test.dll" id="0e454e5b-8358-8bf1-39bf-c140d5199946">
      <Execution id="1f254a86-7469-4ad9-b981-0f579217c52f" />
      <TestMethod codeBase="path/to/test/dll/test.dll" adapterTypeName="Microsoft.VisualStudio.TestTools.TestTypes.Unit.UnitTestAdapter, Microsoft.VisualStudio.QualityTools.Tips.UnitTest.Adapter, Version=11.0.0.0, Culture=neutral, PublicKeyToken=b03f5f7f11d50a3a" className="test.ETL_helper_logTableStart_UT, test, Version=1.0.0.0, Culture=neutral, PublicKeyToken=null" name="ETL_helper_logTableStart_withMissingProject" />
    </UnitTest>
    <UnitTest name="ETL_catalog_startExecutionTest" storage="test.dll" id="495f5289-6273-1a25-278d-33b4c596bffb">
      <TestCategory>
        <TestCategoryItem TestCategory="SSIS Catalog" />
      </TestCategory>
      <Execution id="4f6135da-56eb-4448-9ac5-fc46ff9ba918" />
      <TestMethod codeBase="path/to/test/dll/test.dll" adapterTypeName="Microsoft.VisualStudio.TestTools.TestTypes.Unit.UnitTestAdapter, Microsoft.VisualStudio.QualityTools.Tips.UnitTest.Adapter, Version=11.0.0.0, Culture=neutral, PublicKeyToken=b03f5f7f11d50a3a" className="test.ETL_catalog_startExecution_UT, test, Version=1.0.0.0, Culture=neutral, PublicKeyToken=null" name="ETL_catalog_startExecutionTest" />
    </UnitTest>
    <UnitTest name="ETL_helper_debugWriteTest_integerValueParameter" storage="test.dll" id="435e4950-dfce-bbac-4b2c-21b7bf737aab">
      <Execution id="3c27ad8f-5fdc-4a38-bfa7-1b3ab85bb108" />
      <TestMethod codeBase="path/to/test/dll/test.dll" adapterTypeName="Microsoft.VisualStudio.TestTools.TestTypes.Unit.UnitTestAdapter, Microsoft.VisualStudio.QualityTools.Tips.UnitTest.Adapter, Version=11.0.0.0, Culture=neutral, PublicKeyToken=b03f5f7f11d50a3a" className="test.ETL_helper_debugWrite_UT, test, Version=1.0.0.0, Culture=neutral, PublicKeyToken=null" name="ETL_helper_debugWriteTest_integerValueParameter" />
    </UnitTest>
    <UnitTest name="ETL_framework_packageStart_Child_UseExistingStep" storage="test.dll" id="3613974a-5faf-789a-cc42-10ca0752bc87">
      <Execution id="0646d206-22c9-4013-b736-b5d474aaf38c" />
      <TestMethod codeBase="path/to/test/dll/test.dll" adapterTypeName="Microsoft.VisualStudio.TestTools.TestTypes.Unit.UnitTestAdapter, Microsoft.VisualStudio.QualityTools.Tips.UnitTest.Adapter, Version=11.0.0.0, Culture=neutral, PublicKeyToken=b03f5f7f11d50a3a" className="test.ETL_framework_packageStart_UT, test, Version=1.0.0.0, Culture=neutral, PublicKeyToken=null" name="ETL_framework_packageStart_Child_UseExistingStep" />
    </UnitTest>
    <UnitTest name="dbo_fnCheckValidOptionsTest_jobInstance" storage="test.dll" id="f71c9746-8da9-fe3e-1f0f-2099b89e285f">
      <Execution id="c804fedf-d56b-457a-9907-8ea28e5b1f3b" />
      <TestMethod codeBase="path/to/test/dll/test.dll" adapterTypeName="Microsoft.VisualStudio.TestTools.TestTypes.Unit.UnitTestAdapter, Microsoft.VisualStudio.QualityTools.Tips.UnitTest.Adapter, Version=11.0.0.0, Culture=neutral, PublicKeyToken=b03f5f7f11d50a3a" className="test.dbo_fnCheckValidOptions_UT, test, Version=1.0.0.0, Culture=neutral, PublicKeyToken=null" name="dbo_fnCheckValidOptionsTest_jobInstance" />
    </UnitTest>
    <UnitTest name="ETL_step_updateStepInstance_Completed" storage="test.dll" id="9b1e8282-b1b2-4277-b828-ca4a01034356">
      <Execution id="0d9fea2c-da6a-4c3f-b6ef-d9030b84e2e6" />
      <TestMethod codeBase="path/to/test/dll/test.dll" adapterTypeName="Microsoft.VisualStudio.TestTools.TestTypes.Unit.UnitTestAdapter, Microsoft.VisualStudio.QualityTools.Tips.UnitTest.Adapter, Version=11.0.0.0, Culture=neutral, PublicKeyToken=b03f5f7f11d50a3a" className="test.ETL_step_updateStepInstance_UT, test, Version=1.0.0.0, Culture=neutral, PublicKeyToken=null" name="ETL_step_updateStepInstance_Completed" />
    </UnitTest>
    <UnitTest name="ETL_helper_objectStoreInsert_GeneralISPAC_Update" storage="test.dll" id="b89de215-3873-a9b7-172e-8da26d05a103">
      <Execution id="336a7dde-9a84-4074-964c-ebdbf254a3e3" />
      <TestMethod codeBase="path/to/test/dll/test.dll" adapterTypeName="Microsoft.VisualStudio.TestTools.TestTypes.Unit.UnitTestAdapter, Microsoft.VisualStudio.QualityTools.Tips.UnitTest.Adapter, Version=11.0.0.0, Culture=neutral, PublicKeyToken=b03f5f7f11d50a3a" className="test.ETL_helper_objectStoreInsert, test, Version=1.0.0.0, Culture=neutral, PublicKeyToken=null" name="ETL_helper_objectStoreInsert_GeneralISPAC_Update" />
    </UnitTest>
    <UnitTest name="ETL_framework_packageStart_Child_UseExistingJob" storage="test.dll" id="745d998e-fa62-61a8-f680-7a63fae5b83d">
      <Execution id="1f524863-534f-4eb2-a86f-44a915e57aa9" />
      <TestMethod codeBase="path/to/test/dll/test.dll" adapterTypeName="Microsoft.VisualStudio.TestTools.TestTypes.Unit.UnitTestAdapter, Microsoft.VisualStudio.QualityTools.Tips.UnitTest.Adapter, Version=11.0.0.0, Culture=neutral, PublicKeyToken=b03f5f7f11d50a3a" className="test.ETL_framework_packageStart_UT, test, Version=1.0.0.0, Culture=neutral, PublicKeyToken=null" name="ETL_framework_packageStart_Child_UseExistingJob" />
    </UnitTest>
    <UnitTest name="ETL_helper_getTableReferenceDate_onlyStagingRecordExists" storage="test.dll" id="7c58e3eb-19cf-2d31-d885-0b5ea0bf03ef">
      <Execution id="394588ca-3308-4cfe-ae1c-8699656166c4" />
      <TestMethod codeBase="path/to/test/dll/test.dll" adapterTypeName="Microsoft.VisualStudio.TestTools.TestTypes.Unit.UnitTestAdapter, Microsoft.VisualStudio.QualityTools.Tips.UnitTest.Adapter, Version=11.0.0.0, Culture=neutral, PublicKeyToken=b03f5f7f11d50a3a" className="test.ETL_helper_getTableReferenceDate, test, Version=1.0.0.0, Culture=neutral, PublicKeyToken=null" name="ETL_helper_getTableReferenceDate_onlyStagingRecordExists" />
    </UnitTest>
    <UnitTest name="STAGE_createTableLog_projectTest" storage="test.dll" id="d2125723-9c1c-c4e9-7743-c3e1aa6223df">
      <Execution id="97e3ee62-7be2-465c-b6c6-8684c434fb04" />
      <TestMethod codeBase="path/to/test/dll/test.dll" adapterTypeName="Microsoft.VisualStudio.TestTools.TestTypes.Unit.UnitTestAdapter, Microsoft.VisualStudio.QualityTools.Tips.UnitTest.Adapter, Version=11.0.0.0, Culture=neutral, PublicKeyToken=b03f5f7f11d50a3a" className="test.STAGE_createTableLog_project_UT, test, Version=1.0.0.0, Culture=neutral, PublicKeyToken=null" name="STAGE_createTableLog_projectTest" />
    </UnitTest>
    <UnitTest name="ETL_helper_objectStoreInsertISPAC_InsertSuccess" storage="test.dll" id="fd705c13-edf4-e696-cd2f-884f3924f353">
      <Execution id="9afc191b-55fe-486b-be6c-12eba100b98b" />
      <TestMethod codeBase="path/to/test/dll/test.dll" adapterTypeName="Microsoft.VisualStudio.TestTools.TestTypes.Unit.UnitTestAdapter, Microsoft.VisualStudio.QualityTools.Tips.UnitTest.Adapter, Version=11.0.0.0, Culture=neutral, PublicKeyToken=b03f5f7f11d50a3a" className="test.ETL_helper_objectStoreInsertISPAC, test, Version=1.0.0.0, Culture=neutral, PublicKeyToken=null" name="ETL_helper_objectStoreInsertISPAC_InsertSuccess" />
    </UnitTest>
    <UnitTest name="STAGE_createJobInstance_projectTest" storage="test.dll" id="2de44f33-2ccd-6edc-47a1-32456c407906">
      <Execution id="c3877aab-6492-4e22-af53-db599d9b0640" />
      <TestMethod codeBase="path/to/test/dll/test.dll" adapterTypeName="Microsoft.VisualStudio.TestTools.TestTypes.Unit.UnitTestAdapter, Microsoft.VisualStudio.QualityTools.Tips.UnitTest.Adapter, Version=11.0.0.0, Culture=neutral, PublicKeyToken=b03f5f7f11d50a3a" className="test.STAGE_createJobInstance_project_UT, test, Version=1.0.0.0, Culture=neutral, PublicKeyToken=null" name="STAGE_createJobInstance_projectTest" />
    </UnitTest>
    <UnitTest name="ETL_catalog_projectDelete_Error_DeleteFail" storage="test.dll" id="2993583b-d541-5522-60d6-fafb0beb9fcb">
      <Execution id="03a01c3d-90c2-4f13-8d09-76182a5bd5a1" />
      <TestMethod codeBase="path/to/test/dll/test.dll" adapterTypeName="Microsoft.VisualStudio.TestTools.TestTypes.Unit.UnitTestAdapter, Microsoft.VisualStudio.QualityTools.Tips.UnitTest.Adapter, Version=11.0.0.0, Culture=neutral, PublicKeyToken=b03f5f7f11d50a3a" className="test.ETL_catalog_deleteProject_UT, test, Version=1.0.0.0, Culture=neutral, PublicKeyToken=null" name="ETL_catalog_projectDelete_Error_DeleteFail" />
    </UnitTest>
    <UnitTest name="ETL_helper_warningWriteTest_integerValueParameter" storage="test.dll" id="efc9805d-5ae4-6ef7-38f0-c704ccf08d6c">
      <Execution id="b040be4f-7be3-4d50-af49-f858f838f634" />
      <TestMethod codeBase="path/to/test/dll/test.dll" adapterTypeName="Microsoft.VisualStudio.TestTools.TestTypes.Unit.UnitTestAdapter, Microsoft.VisualStudio.QualityTools.Tips.UnitTest.Adapter, Version=11.0.0.0, Culture=neutral, PublicKeyToken=b03f5f7f11d50a3a" className="test.ETL_helper_warningWrite_UT, test, Version=1.0.0.0, Culture=neutral, PublicKeyToken=null" name="ETL_helper_warningWriteTest_integerValueParameter" />
    </UnitTest>
    <UnitTest name="ETL_helper_warningWriteTest_stringValueParameter" storage="test.dll" id="ccfc17c8-4744-c73b-e6df-cbdb121cd18f">
      <Execution id="56bb5394-0482-401a-8d51-a599424c7c65" />
      <TestMethod codeBase="path/to/test/dll/test.dll" adapterTypeName="Microsoft.VisualStudio.TestTools.TestTypes.Unit.UnitTestAdapter, Microsoft.VisualStudio.QualityTools.Tips.UnitTest.Adapter, Version=11.0.0.0, Culture=neutral, PublicKeyToken=b03f5f7f11d50a3a" className="test.ETL_helper_warningWrite_UT, test, Version=1.0.0.0, Culture=neutral, PublicKeyToken=null" name="ETL_helper_warningWriteTest_stringValueParameter" />
    </UnitTest>
    <UnitTest name="ETL_helper_defineNewStepTest" storage="test.dll" id="34f0d5ae-cbd3-d427-cea0-6698060b9c47">
      <TestCategory>
        <TestCategoryItem TestCategory="SSIS Catalog" />
      </TestCategory>
      <Execution id="81497bae-cbce-4b46-86ae-bc21e173c3c0" />
      <TestMethod codeBase="path/to/test/dll/test.dll" adapterTypeName="Microsoft.VisualStudio.TestTools.TestTypes.Unit.UnitTestAdapter, Microsoft.VisualStudio.QualityTools.Tips.UnitTest.Adapter, Version=11.0.0.0, Culture=neutral, PublicKeyToken=b03f5f7f11d50a3a" className="test.ETL_helper_defineNewStepSSIS_UT, test, Version=1.0.0.0, Culture=neutral, PublicKeyToken=null" name="ETL_helper_defineNewStepTest" />
    </UnitTest>
    <UnitTest name="ETL_framework_projectStart_withExistingProject" storage="test.dll" id="e3f7710a-44b3-769e-36c0-031ab25566e7">
      <Execution id="bf9dbd3a-cefb-40a1-ae30-a165336404cb" />
      <TestMethod codeBase="path/to/test/dll/test.dll" adapterTypeName="Microsoft.VisualStudio.TestTools.TestTypes.Unit.UnitTestAdapter, Microsoft.VisualStudio.QualityTools.Tips.UnitTest.Adapter, Version=11.0.0.0, Culture=neutral, PublicKeyToken=b03f5f7f11d50a3a" className="test.ETL_framework_projectStart_UT, test, Version=1.0.0.0, Culture=neutral, PublicKeyToken=null" name="ETL_framework_projectStart_withExistingProject" />
    </UnitTest>
    <UnitTest name="CFG_metric_insertMetricDefinition_insertFailure" storage="test.dll" id="5a96ec36-9546-a6e2-1227-4b405f6b2be1">
      <Execution id="9bf188bf-c9e5-47d7-8d76-d913387d3d11" />
      <TestMethod codeBase="path/to/test/dll/test.dll" adapterTypeName="Microsoft.VisualStudio.TestTools.TestTypes.Unit.UnitTestAdapter, Microsoft.VisualStudio.QualityTools.Tips.UnitTest.Adapter, Version=11.0.0.0, Culture=neutral, PublicKeyToken=b03f5f7f11d50a3a" className="test.CFG_metric_insertMetricDefinition_UT, test, Version=1.0.0.0, Culture=neutral, PublicKeyToken=null" name="CFG_metric_insertMetricDefinition_insertFailure" />
    </UnitTest>
    <UnitTest name="CFG_systemSettings_refreshProjectListTest" storage="test.dll" id="25228721-22df-e97d-4000-41933450c770">
      <Execution id="e9d4b033-9355-4bf3-bb9f-ba94a04d04d6" />
      <TestMethod codeBase="path/to/test/dll/test.dll" adapterTypeName="Microsoft.VisualStudio.TestTools.TestTypes.Unit.UnitTestAdapter, Microsoft.VisualStudio.QualityTools.Tips.UnitTest.Adapter, Version=11.0.0.0, Culture=neutral, PublicKeyToken=b03f5f7f11d50a3a" className="test.CFG_systemSettings_refreshProjectList_UT, test, Version=1.0.0.0, Culture=neutral, PublicKeyToken=null" name="CFG_systemSettings_refreshProjectListTest" />
    </UnitTest>
    <UnitTest name="ETL_framework_packageEnd_Grandchild_Success" storage="test.dll" id="91d23019-ac33-ed09-a83f-69051ffb8653">
      <Execution id="363a7738-f277-43ba-9b83-f33cd91c4c7f" />
      <TestMethod codeBase="path/to/test/dll/test.dll" adapterTypeName="Microsoft.VisualStudio.TestTools.TestTypes.Unit.UnitTestAdapter, Microsoft.VisualStudio.QualityTools.Tips.UnitTest.Adapter, Version=11.0.0.0, Culture=neutral, PublicKeyToken=b03f5f7f11d50a3a" className="test.ETL_framework_packageEnd_UT, test, Version=1.0.0.0, Culture=neutral, PublicKeyToken=null" name="ETL_framework_packageEnd_Grandchild_Success" />
    </UnitTest>
    <UnitTest name="ETL_helper_objectStoreInsert_ProjectISPAC_Insert" storage="test.dll" id="5238d7ef-71f1-8677-81f4-cf0c4aa93445">
      <Execution id="4528e2c4-8002-4023-8580-2c9d7392efba" />
      <TestMethod codeBase="path/to/test/dll/test.dll" adapterTypeName="Microsoft.VisualStudio.TestTools.TestTypes.Unit.UnitTestAdapter, Microsoft.VisualStudio.QualityTools.Tips.UnitTest.Adapter, Version=11.0.0.0, Culture=neutral, PublicKeyToken=b03f5f7f11d50a3a" className="test.ETL_helper_objectStoreInsert, test, Version=1.0.0.0, Culture=neutral, PublicKeyToken=null" name="ETL_helper_objectStoreInsert_ProjectISPAC_Insert" />
    </UnitTest>
    <UnitTest name="CFG_helper_getMetricDefinition_byName" storage="test.dll" id="1012650e-dd7c-4c95-1645-e70863a04bd6">
      <Execution id="36edf061-5b27-4309-a919-336c3d05a695" />
      <TestMethod codeBase="path/to/test/dll/test.dll" adapterTypeName="Microsoft.VisualStudio.TestTools.TestTypes.Unit.UnitTestAdapter, Microsoft.VisualStudio.QualityTools.Tips.UnitTest.Adapter, Version=11.0.0.0, Culture=neutral, PublicKeyToken=b03f5f7f11d50a3a" className="test.CFG_helper_getMetricDefinition_UT, test, Version=1.0.0.0, Culture=neutral, PublicKeyToken=null" name="CFG_helper_getMetricDefinition_byName" />
    </UnitTest>
    <UnitTest name="ETL_framework_logMetric_float" storage="test.dll" id="ed5817c4-ea89-d039-41be-b2f14ed3a0fd">
      <Execution id="7ae18c63-a72c-4ff6-a016-3727688a57c7" />
      <TestMethod codeBase="path/to/test/dll/test.dll" adapterTypeName="Microsoft.VisualStudio.TestTools.TestTypes.Unit.UnitTestAdapter, Microsoft.VisualStudio.QualityTools.Tips.UnitTest.Adapter, Version=11.0.0.0, Culture=neutral, PublicKeyToken=b03f5f7f11d50a3a" className="test.ETL_framework_logMetric_UT, test, Version=1.0.0.0, Culture=neutral, PublicKeyToken=null" name="ETL_framework_logMetric_float" />
    </UnitTest>
    <UnitTest name="ETL_helper_finishJobTest" storage="test.dll" id="41d0e81d-d317-0dcc-b8a4-3e95b89a35a4">
      <Execution id="520d4b71-fb0f-4cae-abcc-1ffedf3114e7" />
      <TestMethod codeBase="path/to/test/dll/test.dll" adapterTypeName="Microsoft.VisualStudio.TestTools.TestTypes.Unit.UnitTestAdapter, Microsoft.VisualStudio.QualityTools.Tips.UnitTest.Adapter, Version=11.0.0.0, Culture=neutral, PublicKeyToken=b03f5f7f11d50a3a" className="test.ETL_helper_finishJob_UT, test, Version=1.0.0.0, Culture=neutral, PublicKeyToken=null" name="ETL_helper_finishJobTest" />
    </UnitTest>
    <UnitTest name="ETL_helper_defineNewStepSproc_debugLogging" storage="test.dll" id="163bb6fd-e9e7-eaec-e4fe-a9730d542dc9">
      <Execution id="fa315aeb-d97e-455e-86d0-ed92c8e94291" />
      <TestMethod codeBase="path/to/test/dll/test.dll" adapterTypeName="Microsoft.VisualStudio.TestTools.TestTypes.Unit.UnitTestAdapter, Microsoft.VisualStudio.QualityTools.Tips.UnitTest.Adapter, Version=11.0.0.0, Culture=neutral, PublicKeyToken=b03f5f7f11d50a3a" className="test.ETL_helper_defineNewStepSproc_UT, test, Version=1.0.0.0, Culture=neutral, PublicKeyToken=null" name="ETL_helper_defineNewStepSproc_debugLogging" />
    </UnitTest>
    <UnitTest name="CFG_metric_insertMetricDefinition_insert" storage="test.dll" id="9e4b882b-06d8-9673-5eb1-7d7e6b89cbaa">
      <Execution id="28972df3-c50e-4eba-8af6-cecf3608615c" />
      <TestMethod codeBase="path/to/test/dll/test.dll" adapterTypeName="Microsoft.VisualStudio.TestTools.TestTypes.Unit.UnitTestAdapter, Microsoft.VisualStudio.QualityTools.Tips.UnitTest.Adapter, Version=11.0.0.0, Culture=neutral, PublicKeyToken=b03f5f7f11d50a3a" className="test.CFG_metric_insertMetricDefinition_UT, test, Version=1.0.0.0, Culture=neutral, PublicKeyToken=null" name="CFG_metric_insertMetricDefinition_insert" />
    </UnitTest>
    <UnitTest name="ETL_helper_debugWriteTest_dateTimeValueParameter" storage="test.dll" id="6c3d666a-7380-a6f7-df74-dbcdef289a30">
      <Execution id="394c6e04-28de-45bb-9840-54435c38053f" />
      <TestMethod codeBase="path/to/test/dll/test.dll" adapterTypeName="Microsoft.VisualStudio.TestTools.TestTypes.Unit.UnitTestAdapter, Microsoft.VisualStudio.QualityTools.Tips.UnitTest.Adapter, Version=11.0.0.0, Culture=neutral, PublicKeyToken=b03f5f7f11d50a3a" className="test.ETL_helper_debugWrite_UT, test, Version=1.0.0.0, Culture=neutral, PublicKeyToken=null" name="ETL_helper_debugWriteTest_dateTimeValueParameter" />
    </UnitTest>
    <UnitTest name="ETL_framework_logMetric_string" storage="test.dll" id="f5456611-213c-a391-aa05-f02ffd1ab625">
      <Execution id="5fbed8db-e18b-42dc-adab-92d4f6a12ec5" />
      <TestMethod codeBase="path/to/test/dll/test.dll" adapterTypeName="Microsoft.VisualStudio.TestTools.TestTypes.Unit.UnitTestAdapter, Microsoft.VisualStudio.QualityTools.Tips.UnitTest.Adapter, Version=11.0.0.0, Culture=neutral, PublicKeyToken=b03f5f7f11d50a3a" className="test.ETL_framework_logMetric_UT, test, Version=1.0.0.0, Culture=neutral, PublicKeyToken=null" name="ETL_framework_logMetric_string" />
    </UnitTest>
    <UnitTest name="ETL_job_updateJobInstance_error" storage="test.dll" id="09c588c6-38b4-9dd3-91b7-d32f9ce6a7fc">
      <Execution id="4191ef9c-8409-4da3-8518-305e4b2a91e0" />
      <TestMethod codeBase="path/to/test/dll/test.dll" adapterTypeName="Microsoft.VisualStudio.TestTools.TestTypes.Unit.UnitTestAdapter, Microsoft.VisualStudio.QualityTools.Tips.UnitTest.Adapter, Version=11.0.0.0, Culture=neutral, PublicKeyToken=b03f5f7f11d50a3a" className="test.ETL_job_updateJobInstance_UT, test, Version=1.0.0.0, Culture=neutral, PublicKeyToken=null" name="ETL_job_updateJobInstance_error" />
    </UnitTest>
    <UnitTest name="ETL_helper_objectStoreInsert_Error_GeneralAttemptedUpdateOverwriteOff" storage="test.dll" id="8d4d516d-a202-4f3d-88c6-30c08be1731e">
      <Execution id="c398a64a-4f9a-4637-af68-7eb004602117" />
      <TestMethod codeBase="path/to/test/dll/test.dll" adapterTypeName="Microsoft.VisualStudio.TestTools.TestTypes.Unit.UnitTestAdapter, Microsoft.VisualStudio.QualityTools.Tips.UnitTest.Adapter, Version=11.0.0.0, Culture=neutral, PublicKeyToken=b03f5f7f11d50a3a" className="test.ETL_helper_objectStoreInsert, test, Version=1.0.0.0, Culture=neutral, PublicKeyToken=null" name="ETL_helper_objectStoreInsert_Error_GeneralAttemptedUpdateOverwriteOff" />
    </UnitTest>
    <UnitTest name="ETL_helper_debugWriteTest_sourceParameter" storage="test.dll" id="b7dc9825-4819-7cf5-9712-8f29c5251b4d">
      <Execution id="a3531f89-ef45-4f26-b72a-fe2b0ac480e2" />
      <TestMethod codeBase="path/to/test/dll/test.dll" adapterTypeName="Microsoft.VisualStudio.TestTools.TestTypes.Unit.UnitTestAdapter, Microsoft.VisualStudio.QualityTools.Tips.UnitTest.Adapter, Version=11.0.0.0, Culture=neutral, PublicKeyToken=b03f5f7f11d50a3a" className="test.ETL_helper_debugWrite_UT, test, Version=1.0.0.0, Culture=neutral, PublicKeyToken=null" name="ETL_helper_debugWriteTest_sourceParameter" />
    </UnitTest>
    <UnitTest name="ETL_catalog_getExecutionParametersTest" storage="test.dll" id="fc39a840-7c63-ae84-26e7-9c3cadb2a13f">
      <TestCategory>
        <TestCategoryItem TestCategory="SSIS Catalog" />
      </TestCategory>
      <Execution id="00384756-be8e-4dc6-a7eb-b2d3034fb39c" />
      <TestMethod codeBase="path/to/test/dll/test.dll" adapterTypeName="Microsoft.VisualStudio.TestTools.TestTypes.Unit.UnitTestAdapter, Microsoft.VisualStudio.QualityTools.Tips.UnitTest.Adapter, Version=11.0.0.0, Culture=neutral, PublicKeyToken=b03f5f7f11d50a3a" className="test.ETL_catalog_getExecutionParameters_UT, test, Version=1.0.0.0, Culture=neutral, PublicKeyToken=null" name="ETL_catalog_getExecutionParametersTest" />
    </UnitTest>
    <UnitTest name="ETL_framework_logError_ErrorAlreadyExists" storage="test.dll" id="7496046b-35ab-f2fe-91c2-89de1f566f38">
      <Execution id="7fdfb1c4-6bd0-40a1-b062-651e04c2098b" />
      <TestMethod codeBase="path/to/test/dll/test.dll" adapterTypeName="Microsoft.VisualStudio.TestTools.TestTypes.Unit.UnitTestAdapter, Microsoft.VisualStudio.QualityTools.Tips.UnitTest.Adapter, Version=11.0.0.0, Culture=neutral, PublicKeyToken=b03f5f7f11d50a3a" className="test.ETL_framework_logError_UT, test, Version=1.0.0.0, Culture=neutral, PublicKeyToken=null" name="ETL_framework_logError_ErrorAlreadyExists" />
    </UnitTest>
    <UnitTest name="ETL_helper_warningWriteTest_messageParameterOnly" storage="test.dll" id="a1d9a69c-7c08-535c-a82f-8014c8e4aa68">
      <Execution id="0f264123-3e9d-4e34-b7d1-bc38d741d660" />
      <TestMethod codeBase="path/to/test/dll/test.dll" adapterTypeName="Microsoft.VisualStudio.TestTools.TestTypes.Unit.UnitTestAdapter, Microsoft.VisualStudio.QualityTools.Tips.UnitTest.Adapter, Version=11.0.0.0, Culture=neutral, PublicKeyToken=b03f5f7f11d50a3a" className="test.ETL_helper_warningWrite_UT, test, Version=1.0.0.0, Culture=neutral, PublicKeyToken=null" name="ETL_helper_warningWriteTest_messageParameterOnly" />
    </UnitTest>
    <UnitTest name="ETL_catalog_setupExecutionTest" storage="test.dll" id="34be8351-c85c-7ede-0bd6-6747d9931453">
      <TestCategory>
        <TestCategoryItem TestCategory="SSIS Catalog" />
      </TestCategory>
      <Execution id="e0c9bd6f-e066-49e2-8af0-5b60e74d93de" />
      <TestMethod codeBase="path/to/test/dll/test.dll" adapterTypeName="Microsoft.VisualStudio.TestTools.TestTypes.Unit.UnitTestAdapter, Microsoft.VisualStudio.QualityTools.Tips.UnitTest.Adapter, Version=11.0.0.0, Culture=neutral, PublicKeyToken=b03f5f7f11d50a3a" className="test.ETL_catalog_setupExecution_UT, test, Version=1.0.0.0, Culture=neutral, PublicKeyToken=null" name="ETL_catalog_setupExecutionTest" />
    </UnitTest>
    <UnitTest name="ETL_catalog_deployProject_DeployConstructedProjectName" storage="test.dll" id="40df3a4f-fac6-8ff0-0632-d38302b9584f">
      <Execution id="adbe2bd1-d8b7-4448-9934-73ab54dde325" />
      <TestMethod codeBase="path/to/test/dll/test.dll" adapterTypeName="Microsoft.VisualStudio.TestTools.TestTypes.Unit.UnitTestAdapter, Microsoft.VisualStudio.QualityTools.Tips.UnitTest.Adapter, Version=11.0.0.0, Culture=neutral, PublicKeyToken=b03f5f7f11d50a3a" className="test.ETL_catalog_deployProject_UT, test, Version=1.0.0.0, Culture=neutral, PublicKeyToken=null" name="ETL_catalog_deployProject_DeployConstructedProjectName" />
    </UnitTest>
    <UnitTest name="ETL_framework_taskStart_noDefinitionExists" storage="test.dll" id="5e568c56-4500-c6df-f0c4-9ea6dc89fcec">
      <Execution id="d389a03e-a025-49f0-96b7-ace1b1dcdc83" />
      <TestMethod codeBase="path/to/test/dll/test.dll" adapterTypeName="Microsoft.VisualStudio.TestTools.TestTypes.Unit.UnitTestAdapter, Microsoft.VisualStudio.QualityTools.Tips.UnitTest.Adapter, Version=11.0.0.0, Culture=neutral, PublicKeyToken=b03f5f7f11d50a3a" className="test.ETL_framework_taskStart_UT, test, Version=1.0.0.0, Culture=neutral, PublicKeyToken=null" name="ETL_framework_taskStart_noDefinitionExists" />
    </UnitTest>
    <UnitTest name="ETL_framework_logMetric_noStepDefinitionExists" storage="test.dll" id="56b3f25d-4957-0421-52be-40b531c3922e">
      <Execution id="2baa30db-04d4-4b4c-93ac-df9084a2b279" />
      <TestMethod codeBase="path/to/test/dll/test.dll" adapterTypeName="Microsoft.VisualStudio.TestTools.TestTypes.Unit.UnitTestAdapter, Microsoft.VisualStudio.QualityTools.Tips.UnitTest.Adapter, Version=11.0.0.0, Culture=neutral, PublicKeyToken=b03f5f7f11d50a3a" className="test.ETL_framework_logMetric_UT, test, Version=1.0.0.0, Culture=neutral, PublicKeyToken=null" name="ETL_framework_logMetric_noStepDefinitionExists" />
    </UnitTest>
    <UnitTest name="ETL_job_updateJobInstance_complete" storage="test.dll" id="f5f09992-c608-af79-23be-e1fa3cd00f50">
      <Execution id="cae7910f-6ea6-46bd-9686-75dd693d8add" />
      <TestMethod codeBase="path/to/test/dll/test.dll" adapterTypeName="Microsoft.VisualStudio.TestTools.TestTypes.Unit.UnitTestAdapter, Microsoft.VisualStudio.QualityTools.Tips.UnitTest.Adapter, Version=11.0.0.0, Culture=neutral, PublicKeyToken=b03f5f7f11d50a3a" className="test.ETL_job_updateJobInstance_UT, test, Version=1.0.0.0, Culture=neutral, PublicKeyToken=null" name="ETL_job_updateJobInstance_complete" />
    </UnitTest>
    <UnitTest name="ETL_framework_packageStart_Child_ProjectSpecificParent_projectIdInStage_NoProjectId" storage="test.dll" id="f0d05b35-9817-32a9-2e13-20b94845c829">
      <Execution id="bd1a1e76-fdfb-473f-9dea-b6804091e945" />
      <TestMethod codeBase="path/to/test/dll/test.dll" adapterTypeName="Microsoft.VisualStudio.TestTools.TestTypes.Unit.UnitTestAdapter, Microsoft.VisualStudio.QualityTools.Tips.UnitTest.Adapter, Version=11.0.0.0, Culture=neutral, PublicKeyToken=b03f5f7f11d50a3a" className="test.ETL_framework_packageStart_UT, test, Version=1.0.0.0, Culture=neutral, PublicKeyToken=null" name="ETL_framework_packageStart_Child_ProjectSpecificParent_projectIdInStage_NoProjectId" />
    </UnitTest>
    <UnitTest name="ETL_helper_warningWriteTest_stepInstanceIdParameter" storage="test.dll" id="ade8feb4-0003-ae45-f8e3-eb2a863581b9">
      <Execution id="08880de6-098b-446e-896b-0badc190e691" />
      <TestMethod codeBase="path/to/test/dll/test.dll" adapterTypeName="Microsoft.VisualStudio.TestTools.TestTypes.Unit.UnitTestAdapter, Microsoft.VisualStudio.QualityTools.Tips.UnitTest.Adapter, Version=11.0.0.0, Culture=neutral, PublicKeyToken=b03f5f7f11d50a3a" className="test.ETL_helper_warningWrite_UT, test, Version=1.0.0.0, Culture=neutral, PublicKeyToken=null" name="ETL_helper_warningWriteTest_stepInstanceIdParameter" />
    </UnitTest>
    <UnitTest name="ETL_catalog_deployProject_Error_DeployFail" storage="test.dll" id="18c755bf-47b0-ff02-44cb-da721b97cf2c">
      <Execution id="498ed6c8-b20e-4010-971b-c05fa958ade1" />
      <TestMethod codeBase="path/to/test/dll/test.dll" adapterTypeName="Microsoft.VisualStudio.TestTools.TestTypes.Unit.UnitTestAdapter, Microsoft.VisualStudio.QualityTools.Tips.UnitTest.Adapter, Version=11.0.0.0, Culture=neutral, PublicKeyToken=b03f5f7f11d50a3a" className="test.ETL_catalog_deployProject_UT, test, Version=1.0.0.0, Culture=neutral, PublicKeyToken=null" name="ETL_catalog_deployProject_Error_DeployFail" />
    </UnitTest>
    <UnitTest name="ETL_helper_finishStep_withMultipleSteps" storage="test.dll" id="500daf7c-af05-f6ea-ab24-b6c9f3639de3">
      <TestCategory>
        <TestCategoryItem TestCategory="SSIS Catalog" />
      </TestCategory>
      <Execution id="025e94b0-21f1-42d5-9de4-38a0e5a83e93" />
      <TestMethod codeBase="path/to/test/dll/test.dll" adapterTypeName="Microsoft.VisualStudio.TestTools.TestTypes.Unit.UnitTestAdapter, Microsoft.VisualStudio.QualityTools.Tips.UnitTest.Adapter, Version=11.0.0.0, Culture=neutral, PublicKeyToken=b03f5f7f11d50a3a" className="test.ETL_helper_finishStep_UT, test, Version=1.0.0.0, Culture=neutral, PublicKeyToken=null" name="ETL_helper_finishStep_withMultipleSteps" />
    </UnitTest>
    <UnitTest name="ETL_catalog_projectDelete_Error_ProjectDoesNotExist" storage="test.dll" id="ca54d704-6393-f01f-4f07-b018036236e1">
      <Execution id="000e7970-430c-4b36-8fc9-59f48cbbcca1" />
      <TestMethod codeBase="path/to/test/dll/test.dll" adapterTypeName="Microsoft.VisualStudio.TestTools.TestTypes.Unit.UnitTestAdapter, Microsoft.VisualStudio.QualityTools.Tips.UnitTest.Adapter, Version=11.0.0.0, Culture=neutral, PublicKeyToken=b03f5f7f11d50a3a" className="test.ETL_catalog_deleteProject_UT, test, Version=1.0.0.0, Culture=neutral, PublicKeyToken=null" name="ETL_catalog_projectDelete_Error_ProjectDoesNotExist" />
    </UnitTest>
    <UnitTest name="ETL_catalog_checkStepVersionTest" storage="test.dll" id="d5156c59-d7ed-eaf7-be41-7ea608657ac6">
      <TestCategory>
        <TestCategoryItem TestCategory="SSIS Catalog" />
      </TestCategory>
      <Execution id="7d196afe-891a-4be9-9f6b-8f943a35750d" />
      <TestMethod codeBase="path/to/test/dll/test.dll" adapterTypeName="Microsoft.VisualStudio.TestTools.TestTypes.Unit.UnitTestAdapter, Microsoft.VisualStudio.QualityTools.Tips.UnitTest.Adapter, Version=11.0.0.0, Culture=neutral, PublicKeyToken=b03f5f7f11d50a3a" className="test.ETL_catalog_checkStepVersion_UT, test, Version=1.0.0.0, Culture=neutral, PublicKeyToken=null" name="ETL_catalog_checkStepVersionTest" />
    </UnitTest>
    <UnitTest name="ETL_catalog_deployProject_DeployProvidedProjectName" storage="test.dll" id="419108dc-6ce3-ac52-10f4-8d4ae1c96cf9">
      <Execution id="48322ad8-094b-4d92-8a3b-902651b95c41" />
      <TestMethod codeBase="path/to/test/dll/test.dll" adapterTypeName="Microsoft.VisualStudio.TestTools.TestTypes.Unit.UnitTestAdapter, Microsoft.VisualStudio.QualityTools.Tips.UnitTest.Adapter, Version=11.0.0.0, Culture=neutral, PublicKeyToken=b03f5f7f11d50a3a" className="test.ETL_catalog_deployProject_UT, test, Version=1.0.0.0, Culture=neutral, PublicKeyToken=null" name="ETL_catalog_deployProject_DeployProvidedProjectName" />
    </UnitTest>
    <UnitTest name="ETL_helper_defineNewStepSproc_successfulInsert" storage="test.dll" id="3abc5c4b-d045-c992-f241-955596aea469">
      <Execution id="1cca2316-f2c3-4b87-95b2-ee3c5812cc2b" />
      <TestMethod codeBase="path/to/test/dll/test.dll" adapterTypeName="Microsoft.VisualStudio.TestTools.TestTypes.Unit.UnitTestAdapter, Microsoft.VisualStudio.QualityTools.Tips.UnitTest.Adapter, Version=11.0.0.0, Culture=neutral, PublicKeyToken=b03f5f7f11d50a3a" className="test.ETL_helper_defineNewStepSproc_UT, test, Version=1.0.0.0, Culture=neutral, PublicKeyToken=null" name="ETL_helper_defineNewStepSproc_successfulInsert" />
    </UnitTest>
    <UnitTest name="ETL_GetObjectFromStoreTest" storage="test.dll" id="cd0cf42f-fbff-cc0f-6a17-221620adeb5c">
      <Execution id="d06671e8-1aaa-41cd-a2e7-c84f9ce864ad" />
      <TestMethod codeBase="path/to/test/dll/test.dll" adapterTypeName="Microsoft.VisualStudio.TestTools.TestTypes.Unit.UnitTestAdapter, Microsoft.VisualStudio.QualityTools.Tips.UnitTest.Adapter, Version=11.0.0.0, Culture=neutral, PublicKeyToken=b03f5f7f11d50a3a" className="test.ETL_GetObjectFromStore_UT, test, Version=1.0.0.0, Culture=neutral, PublicKeyToken=null" name="ETL_GetObjectFromStoreTest" />
    </UnitTest>
    <UnitTest name="ETL_helper_logTableEndTest" storage="test.dll" id="3ec8033d-628c-62e7-cb14-9dc446825b88">
      <Execution id="e986265b-3297-43fe-b8db-851cdee5e764" />
      <TestMethod codeBase="path/to/test/dll/test.dll" adapterTypeName="Microsoft.VisualStudio.TestTools.TestTypes.Unit.UnitTestAdapter, Microsoft.VisualStudio.QualityTools.Tips.UnitTest.Adapter, Version=11.0.0.0, Culture=neutral, PublicKeyToken=b03f5f7f11d50a3a" className="test.ETL_helper_logTableEnd_UT, test, Version=1.0.0.0, Culture=neutral, PublicKeyToken=null" name="ETL_helper_logTableEndTest" />
    </UnitTest>
    <UnitTest name="ETL_helper_debugWriteTest_stringValueParameter" storage="test.dll" id="076400fc-682c-d338-9613-1f2abc9a24af">
      <Execution id="7dfc43f7-21c5-45a6-8992-7c88c1679f36" />
      <TestMethod codeBase="path/to/test/dll/test.dll" adapterTypeName="Microsoft.VisualStudio.TestTools.TestTypes.Unit.UnitTestAdapter, Microsoft.VisualStudio.QualityTools.Tips.UnitTest.Adapter, Version=11.0.0.0, Culture=neutral, PublicKeyToken=b03f5f7f11d50a3a" className="test.ETL_helper_debugWrite_UT, test, Version=1.0.0.0, Culture=neutral, PublicKeyToken=null" name="ETL_helper_debugWriteTest_stringValueParameter" />
    </UnitTest>
    <UnitTest name="ETL_helper_defineNewStepSproc_successfulInsert_specifiedStepName" storage="test.dll" id="ddd2c11e-7d88-0ddd-ec30-820251eaa147">
      <Execution id="278cdd41-9a20-4306-97f5-7fac4494659b" />
      <TestMethod codeBase="path/to/test/dll/test.dll" adapterTypeName="Microsoft.VisualStudio.TestTools.TestTypes.Unit.UnitTestAdapter, Microsoft.VisualStudio.QualityTools.Tips.UnitTest.Adapter, Version=11.0.0.0, Culture=neutral, PublicKeyToken=b03f5f7f11d50a3a" className="test.ETL_helper_defineNewStepSproc_UT, test, Version=1.0.0.0, Culture=neutral, PublicKeyToken=null" name="ETL_helper_defineNewStepSproc_successfulInsert_specifiedStepName" />
    </UnitTest>
    <UnitTest name="CFG_systemSettings_refreshProjectList_Reset" storage="test.dll" id="764f8b97-6f1b-9584-56ab-da25710a39e7">
      <Execution id="80d9afd0-28af-438e-b3db-ff0cc03220ec" />
      <TestMethod codeBase="path/to/test/dll/test.dll" adapterTypeName="Microsoft.VisualStudio.TestTools.TestTypes.Unit.UnitTestAdapter, Microsoft.VisualStudio.QualityTools.Tips.UnitTest.Adapter, Version=11.0.0.0, Culture=neutral, PublicKeyToken=b03f5f7f11d50a3a" className="test.CFG_systemSettings_refreshProjectList_UT, test, Version=1.0.0.0, Culture=neutral, PublicKeyToken=null" name="CFG_systemSettings_refreshProjectList_Reset" />
    </UnitTest>
    <UnitTest name="ETL_framework_packageStart_Debugging_Child_UseExistingStep" storage="test.dll" id="2b39dff0-fd84-6237-3051-25d86a3a2610">
      <Execution id="62db8e4e-98fa-4be9-a45f-4d36a1e294cd" />
      <TestMethod codeBase="path/to/test/dll/test.dll" adapterTypeName="Microsoft.VisualStudio.TestTools.TestTypes.Unit.UnitTestAdapter, Microsoft.VisualStudio.QualityTools.Tips.UnitTest.Adapter, Version=11.0.0.0, Culture=neutral, PublicKeyToken=b03f5f7f11d50a3a" className="test.ETL_framework_packageStart_UT, test, Version=1.0.0.0, Culture=neutral, PublicKeyToken=null" name="ETL_framework_packageStart_Debugging_Child_UseExistingStep" />
    </UnitTest>
    <UnitTest name="ETL_framework_packageStart_stepDoesNotExist" storage="test.dll" id="cc2525dd-f498-b9f4-855c-819e8109119c">
      <Execution id="1d5af956-2100-488c-b481-cf011d0eb290" />
      <TestMethod codeBase="path/to/test/dll/test.dll" adapterTypeName="Microsoft.VisualStudio.TestTools.TestTypes.Unit.UnitTestAdapter, Microsoft.VisualStudio.QualityTools.Tips.UnitTest.Adapter, Version=11.0.0.0, Culture=neutral, PublicKeyToken=b03f5f7f11d50a3a" className="test.ETL_framework_packageStart_UT, test, Version=1.0.0.0, Culture=neutral, PublicKeyToken=null" name="ETL_framework_packageStart_stepDoesNotExist" />
    </UnitTest>
    <UnitTest name="ETL_helper_debugWriteTest_stepInstanceIdParameter" storage="test.dll" id="c8aa000d-7c66-a84d-1339-9f4c5f61d24c">
      <Execution id="c536da81-ede6-40e3-862d-32d9fa419363" />
      <TestMethod codeBase="path/to/test/dll/test.dll" adapterTypeName="Microsoft.VisualStudio.TestTools.TestTypes.Unit.UnitTestAdapter, Microsoft.VisualStudio.QualityTools.Tips.UnitTest.Adapter, Version=11.0.0.0, Culture=neutral, PublicKeyToken=b03f5f7f11d50a3a" className="test.ETL_helper_debugWrite_UT, test, Version=1.0.0.0, Culture=neutral, PublicKeyToken=null" name="ETL_helper_debugWriteTest_stepInstanceIdParameter" />
    </UnitTest>
    <UnitTest name="ETL_framework_packageStart_UseExistingJob" storage="test.dll" id="c6996755-826f-9723-7933-fad394d98a92">
      <Execution id="c9d35fbb-99d5-4e07-97e6-3e035c9a499c" />
      <TestMethod codeBase="path/to/test/dll/test.dll" adapterTypeName="Microsoft.VisualStudio.TestTools.TestTypes.Unit.UnitTestAdapter, Microsoft.VisualStudio.QualityTools.Tips.UnitTest.Adapter, Version=11.0.0.0, Culture=neutral, PublicKeyToken=b03f5f7f11d50a3a" className="test.ETL_framework_packageStart_UT, test, Version=1.0.0.0, Culture=neutral, PublicKeyToken=null" name="ETL_framework_packageStart_UseExistingJob" />
    </UnitTest>
    <UnitTest name="dbo_fnCheckValidOptions_step" storage="test.dll" id="c9dd8bee-6d0d-e8d5-d171-402bb78e155e">
      <Execution id="6728b1b4-e4c7-45eb-ab8d-60b08991b76f" />
      <TestMethod codeBase="path/to/test/dll/test.dll" adapterTypeName="Microsoft.VisualStudio.TestTools.TestTypes.Unit.UnitTestAdapter, Microsoft.VisualStudio.QualityTools.Tips.UnitTest.Adapter, Version=11.0.0.0, Culture=neutral, PublicKeyToken=b03f5f7f11d50a3a" className="test.dbo_fnCheckValidOptions_UT, test, Version=1.0.0.0, Culture=neutral, PublicKeyToken=null" name="dbo_fnCheckValidOptions_step" />
    </UnitTest>
    <UnitTest name="ETL_log_insertLog_notAttachedToJobStepTask" storage="test.dll" id="e91ee7e9-d11c-4b5e-c0d8-77486ce71c30">
      <Execution id="d745c08c-8e78-4d18-83f6-ca7ab3afd8f1" />
      <TestMethod codeBase="path/to/test/dll/test.dll" adapterTypeName="Microsoft.VisualStudio.TestTools.TestTypes.Unit.UnitTestAdapter, Microsoft.VisualStudio.QualityTools.Tips.UnitTest.Adapter, Version=11.0.0.0, Culture=neutral, PublicKeyToken=b03f5f7f11d50a3a" className="test.ETL_log_insertLog_UT, test, Version=1.0.0.0, Culture=neutral, PublicKeyToken=null" name="ETL_log_insertLog_notAttachedToJobStepTask" />
    </UnitTest>
    <UnitTest name="CFG_systemSettings_getDebugFlagTest" storage="test.dll" id="56c047c1-c339-9273-b555-c930fcf06ff4">
      <Execution id="0239e3fe-64cf-4388-a80a-e1f5576c3673" />
      <TestMethod codeBase="path/to/test/dll/test.dll" adapterTypeName="Microsoft.VisualStudio.TestTools.TestTypes.Unit.UnitTestAdapter, Microsoft.VisualStudio.QualityTools.Tips.UnitTest.Adapter, Version=11.0.0.0, Culture=neutral, PublicKeyToken=b03f5f7f11d50a3a" className="test.CFG_systemSettings_getDebugFlag_UT, test, Version=1.0.0.0, Culture=neutral, PublicKeyToken=null" name="CFG_systemSettings_getDebugFlagTest" />
    </UnitTest>
    <UnitTest name="CFG_helper_getMetricDefinition_byNameAndType" storage="test.dll" id="9dfea617-d649-60b9-93b6-f58d38db9070">
      <Execution id="c94bcd25-9a6b-46b5-b8be-7bd87e75b9ff" />
      <TestMethod codeBase="path/to/test/dll/test.dll" adapterTypeName="Microsoft.VisualStudio.TestTools.TestTypes.Unit.UnitTestAdapter, Microsoft.VisualStudio.QualityTools.Tips.UnitTest.Adapter, Version=11.0.0.0, Culture=neutral, PublicKeyToken=b03f5f7f11d50a3a" className="test.CFG_helper_getMetricDefinition_UT, test, Version=1.0.0.0, Culture=neutral, PublicKeyToken=null" name="CFG_helper_getMetricDefinition_byNameAndType" />
    </UnitTest>
    <UnitTest name="STAGE_fixMissingLinks_fileLogProject" storage="test.dll" id="9e885e18-a243-d214-d6a2-45f50bab8619">
      <Execution id="41aff1aa-99fa-42a4-9220-56bb796e9b94" />
      <TestMethod codeBase="path/to/test/dll/test.dll" adapterTypeName="Microsoft.VisualStudio.TestTools.TestTypes.Unit.UnitTestAdapter, Microsoft.VisualStudio.QualityTools.Tips.UnitTest.Adapter, Version=11.0.0.0, Culture=neutral, PublicKeyToken=b03f5f7f11d50a3a" className="test.STAGE_fixMissingLinks_UT, test, Version=1.0.0.0, Culture=neutral, PublicKeyToken=null" name="STAGE_fixMissingLinks_fileLogProject" />
    </UnitTest>
    <UnitTest name="ETL_framework_projectStart_AddNewProject" storage="test.dll" id="091a3c1b-9e55-5e87-dfa5-9ed1195485c4">
      <Execution id="2078c71f-b41e-43d2-8623-e7de8d32943f" />
      <TestMethod codeBase="path/to/test/dll/test.dll" adapterTypeName="Microsoft.VisualStudio.TestTools.TestTypes.Unit.UnitTestAdapter, Microsoft.VisualStudio.QualityTools.Tips.UnitTest.Adapter, Version=11.0.0.0, Culture=neutral, PublicKeyToken=b03f5f7f11d50a3a" className="test.ETL_framework_projectStart_UT, test, Version=1.0.0.0, Culture=neutral, PublicKeyToken=null" name="ETL_framework_projectStart_AddNewProject" />
    </UnitTest>
    <UnitTest name="ETL_job_insertJobInstanceTest" storage="test.dll" id="1f328a94-2a95-a239-17f4-a2fde51501e7">
      <Execution id="a6589019-ca4b-4b1e-ba47-d17eb90e3021" />
      <TestMethod codeBase="path/to/test/dll/test.dll" adapterTypeName="Microsoft.VisualStudio.TestTools.TestTypes.Unit.UnitTestAdapter, Microsoft.VisualStudio.QualityTools.Tips.UnitTest.Adapter, Version=11.0.0.0, Culture=neutral, PublicKeyToken=b03f5f7f11d50a3a" className="test.ETL_job_insertJobInstance_UT, test, Version=1.0.0.0, Culture=neutral, PublicKeyToken=null" name="ETL_job_insertJobInstanceTest" />
    </UnitTest>
    <UnitTest name="ETL_framework_logError_oneStepInstanceUnderJobInstance" storage="test.dll" id="0197cd4a-6859-9a60-e9cf-8431f4126d13">
      <Execution id="e4e7e1a3-363e-4f2c-9da3-297733606263" />
      <TestMethod codeBase="path/to/test/dll/test.dll" adapterTypeName="Microsoft.VisualStudio.TestTools.TestTypes.Unit.UnitTestAdapter, Microsoft.VisualStudio.QualityTools.Tips.UnitTest.Adapter, Version=11.0.0.0, Culture=neutral, PublicKeyToken=b03f5f7f11d50a3a" className="test.ETL_framework_logError_UT, test, Version=1.0.0.0, Culture=neutral, PublicKeyToken=null" name="ETL_framework_logError_oneStepInstanceUnderJobInstance" />
    </UnitTest>
    <UnitTest name="ETL_helper_defineNewJob_with1Step" storage="test.dll" id="1d9bc78f-1bb3-f2fa-3d5f-0b57f2447969">
      <Execution id="72409696-f12e-4763-a3a8-c67f9b91c281" />
      <TestMethod codeBase="path/to/test/dll/test.dll" adapterTypeName="Microsoft.VisualStudio.TestTools.TestTypes.Unit.UnitTestAdapter, Microsoft.VisualStudio.QualityTools.Tips.UnitTest.Adapter, Version=11.0.0.0, Culture=neutral, PublicKeyToken=b03f5f7f11d50a3a" className="test.ETL_helper_defineNewJob_UT, test, Version=1.0.0.0, Culture=neutral, PublicKeyToken=null" name="ETL_helper_defineNewJob_with1Step" />
    </UnitTest>
    <UnitTest name="ETL_framework_packageStart_Debugging_InsertStep" storage="test.dll" id="c44a468a-675b-ffc9-8378-22ffbaf4ae42">
      <Execution id="7e27f0e7-f2cc-40ee-baca-f251136ff6b2" />
      <TestMethod codeBase="path/to/test/dll/test.dll" adapterTypeName="Microsoft.VisualStudio.TestTools.TestTypes.Unit.UnitTestAdapter, Microsoft.VisualStudio.QualityTools.Tips.UnitTest.Adapter, Version=11.0.0.0, Culture=neutral, PublicKeyToken=b03f5f7f11d50a3a" className="test.ETL_framework_packageStart_UT, test, Version=1.0.0.0, Culture=neutral, PublicKeyToken=null" name="ETL_framework_packageStart_Debugging_InsertStep" />
    </UnitTest>
    <UnitTest name="ETL_framework_packageStart_Debugging_Child_InsertStep" storage="test.dll" id="4b705ab7-0ad7-ef3d-f432-a05bbbb25254">
      <Execution id="9a900a80-a667-4426-bebc-23e4e51404f5" />
      <TestMethod codeBase="path/to/test/dll/test.dll" adapterTypeName="Microsoft.VisualStudio.TestTools.TestTypes.Unit.UnitTestAdapter, Microsoft.VisualStudio.QualityTools.Tips.UnitTest.Adapter, Version=11.0.0.0, Culture=neutral, PublicKeyToken=b03f5f7f11d50a3a" className="test.ETL_framework_packageStart_UT, test, Version=1.0.0.0, Culture=neutral, PublicKeyToken=null" name="ETL_framework_packageStart_Debugging_Child_InsertStep" />
    </UnitTest>
    <UnitTest name="ETL_framework_logMetric_withStepDefinition" storage="test.dll" id="c5bf1c58-67d2-5650-bf39-81aa9e726a39">
      <Execution id="1a1dc4cb-5842-410a-9c19-110660449595" />
      <TestMethod codeBase="path/to/test/dll/test.dll" adapterTypeName="Microsoft.VisualStudio.TestTools.TestTypes.Unit.UnitTestAdapter, Microsoft.VisualStudio.QualityTools.Tips.UnitTest.Adapter, Version=11.0.0.0, Culture=neutral, PublicKeyToken=b03f5f7f11d50a3a" className="test.ETL_framework_logMetric_UT, test, Version=1.0.0.0, Culture=neutral, PublicKeyToken=null" name="ETL_framework_logMetric_withStepDefinition" />
    </UnitTest>
    <UnitTest name="ETL_framework_logMetric_datetime" storage="test.dll" id="d45fce5b-dc0a-1f28-34a7-5a531984a300">
      <Execution id="98c3b451-558e-403a-9567-87a911ab7f54" />
      <TestMethod codeBase="path/to/test/dll/test.dll" adapterTypeName="Microsoft.VisualStudio.TestTools.TestTypes.Unit.UnitTestAdapter, Microsoft.VisualStudio.QualityTools.Tips.UnitTest.Adapter, Version=11.0.0.0, Culture=neutral, PublicKeyToken=b03f5f7f11d50a3a" className="test.ETL_framework_logMetric_UT, test, Version=1.0.0.0, Culture=neutral, PublicKeyToken=null" name="ETL_framework_logMetric_datetime" />
    </UnitTest>
    <UnitTest name="ETL_framework_packageEnd_Child_withRunningSteps" storage="test.dll" id="9eb10f15-2049-b2ed-335f-7b8fdece835b">
      <Execution id="0a5522c5-ce2e-45ec-8950-31264b129e81" />
      <TestMethod codeBase="path/to/test/dll/test.dll" adapterTypeName="Microsoft.VisualStudio.TestTools.TestTypes.Unit.UnitTestAdapter, Microsoft.VisualStudio.QualityTools.Tips.UnitTest.Adapter, Version=11.0.0.0, Culture=neutral, PublicKeyToken=b03f5f7f11d50a3a" className="test.ETL_framework_packageEnd_UT, test, Version=1.0.0.0, Culture=neutral, PublicKeyToken=null" name="ETL_framework_packageEnd_Child_withRunningSteps" />
    </UnitTest>
    <UnitTest name="ETL_helper_getTableReferenceDate_noRecordExists" storage="test.dll" id="96aaaedc-ddc6-14bc-9af0-f8ff21f1578b">
      <Execution id="83822364-4dc0-45c1-bd88-8048fc5f3d2a" />
      <TestMethod codeBase="path/to/test/dll/test.dll" adapterTypeName="Microsoft.VisualStudio.TestTools.TestTypes.Unit.UnitTestAdapter, Microsoft.VisualStudio.QualityTools.Tips.UnitTest.Adapter, Version=11.0.0.0, Culture=neutral, PublicKeyToken=b03f5f7f11d50a3a" className="test.ETL_helper_getTableReferenceDate, test, Version=1.0.0.0, Culture=neutral, PublicKeyToken=null" name="ETL_helper_getTableReferenceDate_noRecordExists" />
    </UnitTest>
    <UnitTest name="ETL_helper_debugWriteTest_messageParameterOnly" storage="test.dll" id="28884fdd-0fde-995d-c028-37914fbd9b9e">
      <Execution id="e0ca93af-fd58-429c-a562-e219165e1e66" />
      <TestMethod codeBase="path/to/test/dll/test.dll" adapterTypeName="Microsoft.VisualStudio.TestTools.TestTypes.Unit.UnitTestAdapter, Microsoft.VisualStudio.QualityTools.Tips.UnitTest.Adapter, Version=11.0.0.0, Culture=neutral, PublicKeyToken=b03f5f7f11d50a3a" className="test.ETL_helper_debugWrite_UT, test, Version=1.0.0.0, Culture=neutral, PublicKeyToken=null" name="ETL_helper_debugWriteTest_messageParameterOnly" />
    </UnitTest>
    <UnitTest name="CFG_administration_deleteJobInstance_Delete" storage="test.dll" id="3737523e-d371-a3d0-e320-91f0366f7ad7">
      <Execution id="4b4d254a-aafb-440d-8aeb-79aa5aebd394" />
      <TestMethod codeBase="path/to/test/dll/test.dll" adapterTypeName="Microsoft.VisualStudio.TestTools.TestTypes.Unit.UnitTestAdapter, Microsoft.VisualStudio.QualityTools.Tips.UnitTest.Adapter, Version=11.0.0.0, Culture=neutral, PublicKeyToken=b03f5f7f11d50a3a" className="test.CFG_administration_deleteJobInstance_UT, test, Version=1.0.0.0, Culture=neutral, PublicKeyToken=null" name="CFG_administration_deleteJobInstance_Delete" />
    </UnitTest>
    <UnitTest name="ETL_framework_logError_multipleStepInstancesUnderJobInstance" storage="test.dll" id="429533c6-889a-1a81-0a4c-73ec6cacbf38">
      <Execution id="c5da2410-ef20-4bf0-b42a-7d7af9e652d4" />
      <TestMethod codeBase="path/to/test/dll/test.dll" adapterTypeName="Microsoft.VisualStudio.TestTools.TestTypes.Unit.UnitTestAdapter, Microsoft.VisualStudio.QualityTools.Tips.UnitTest.Adapter, Version=11.0.0.0, Culture=neutral, PublicKeyToken=b03f5f7f11d50a3a" className="test.ETL_framework_logError_UT, test, Version=1.0.0.0, Culture=neutral, PublicKeyToken=null" name="ETL_framework_logError_multipleStepInstancesUnderJobInstance" />
    </UnitTest>
    <UnitTest name="ETL_helper_warningWriteTest_dateTimeValueParameter" storage="test.dll" id="198bbb0c-b19b-4758-524c-5583195bd8b9">
      <Execution id="25bc721f-9db6-4c88-a422-ef5ed370a361" />
      <TestMethod codeBase="path/to/test/dll/test.dll" adapterTypeName="Microsoft.VisualStudio.TestTools.TestTypes.Unit.UnitTestAdapter, Microsoft.VisualStudio.QualityTools.Tips.UnitTest.Adapter, Version=11.0.0.0, Culture=neutral, PublicKeyToken=b03f5f7f11d50a3a" className="test.ETL_helper_warningWrite_UT, test, Version=1.0.0.0, Culture=neutral, PublicKeyToken=null" name="ETL_helper_warningWriteTest_dateTimeValueParameter" />
    </UnitTest>
    <UnitTest name="STAGE_createFileLog_projectTest" storage="test.dll" id="f0691513-1696-95db-1995-c3cfe45ed95f">
      <Execution id="1fc247e1-397b-4a4b-9778-367856e70b95" />
      <TestMethod codeBase="path/to/test/dll/test.dll" adapterTypeName="Microsoft.VisualStudio.TestTools.TestTypes.Unit.UnitTestAdapter, Microsoft.VisualStudio.QualityTools.Tips.UnitTest.Adapter, Version=11.0.0.0, Culture=neutral, PublicKeyToken=b03f5f7f11d50a3a" className="test.STAGE_createFileLog_project_UT, test, Version=1.0.0.0, Culture=neutral, PublicKeyToken=null" name="STAGE_createFileLog_projectTest" />
    </UnitTest>
    <UnitTest name="ETL_helper_defineNewStepSproc_Error_newerStepAlreadyExists" storage="test.dll" id="1ca9f444-35e2-dd03-9679-d726b75249cd">
      <Execution id="15f21200-8f49-44b1-8750-8614753e52e2" />
      <TestMethod codeBase="path/to/test/dll/test.dll" adapterTypeName="Microsoft.VisualStudio.TestTools.TestTypes.Unit.UnitTestAdapter, Microsoft.VisualStudio.QualityTools.Tips.UnitTest.Adapter, Version=11.0.0.0, Culture=neutral, PublicKeyToken=b03f5f7f11d50a3a" className="test.ETL_helper_defineNewStepSproc_UT, test, Version=1.0.0.0, Culture=neutral, PublicKeyToken=null" name="ETL_helper_defineNewStepSproc_Error_newerStepAlreadyExists" />
    </UnitTest>
  </TestDefinitions>
  <TestLists>
    <TestList name="Results Not in a List" id="8c84fa94-04c1-424b-9868-57a2d4851a1d" />
    <TestList name="All Loaded Results" id="19431567-8539-422a-85d7-44ee4e166bda" />
  </TestLists>
  <TestEntries>
    <TestEntry testId="3737523e-d371-a3d0-e320-91f0366f7ad7" executionId="4b4d254a-aafb-440d-8aeb-79aa5aebd394" testListId="8c84fa94-04c1-424b-9868-57a2d4851a1d" />
    <TestEntry testId="e1049faa-f9d5-0cbb-98c1-ba9933563daf" executionId="a0d59abb-4e65-454b-9ca7-30e32b03a0a9" testListId="8c84fa94-04c1-424b-9868-57a2d4851a1d" />
    <TestEntry testId="1012650e-dd7c-4c95-1645-e70863a04bd6" executionId="36edf061-5b27-4309-a919-336c3d05a695" testListId="8c84fa94-04c1-424b-9868-57a2d4851a1d" />
    <TestEntry testId="9dfea617-d649-60b9-93b6-f58d38db9070" executionId="c94bcd25-9a6b-46b5-b8be-7bd87e75b9ff" testListId="8c84fa94-04c1-424b-9868-57a2d4851a1d" />
    <TestEntry testId="5677e893-d7c1-f6bd-7365-c179b9b72fe7" executionId="83294790-966d-4667-99c9-ef81344fde2b" testListId="8c84fa94-04c1-424b-9868-57a2d4851a1d" />
    <TestEntry testId="9e4b882b-06d8-9673-5eb1-7d7e6b89cbaa" executionId="28972df3-c50e-4eba-8af6-cecf3608615c" testListId="8c84fa94-04c1-424b-9868-57a2d4851a1d" />
    <TestEntry testId="5a96ec36-9546-a6e2-1227-4b405f6b2be1" executionId="9bf188bf-c9e5-47d7-8d76-d913387d3d11" testListId="8c84fa94-04c1-424b-9868-57a2d4851a1d" />
    <TestEntry testId="56c047c1-c339-9273-b555-c930fcf06ff4" executionId="0239e3fe-64cf-4388-a80a-e1f5576c3673" testListId="8c84fa94-04c1-424b-9868-57a2d4851a1d" />
    <TestEntry testId="764f8b97-6f1b-9584-56ab-da25710a39e7" executionId="80d9afd0-28af-438e-b3db-ff0cc03220ec" testListId="8c84fa94-04c1-424b-9868-57a2d4851a1d" />
    <TestEntry testId="25228721-22df-e97d-4000-41933450c770" executionId="e9d4b033-9355-4bf3-bb9f-ba94a04d04d6" testListId="8c84fa94-04c1-424b-9868-57a2d4851a1d" />
    <TestEntry testId="29726a10-4f21-6e46-8e1d-526b256c0243" executionId="531de7d4-cc04-46cd-82b7-98e19de89024" testListId="8c84fa94-04c1-424b-9868-57a2d4851a1d" />
    <TestEntry testId="c9dd8bee-6d0d-e8d5-d171-402bb78e155e" executionId="6728b1b4-e4c7-45eb-ab8d-60b08991b76f" testListId="8c84fa94-04c1-424b-9868-57a2d4851a1d" />
    <TestEntry testId="dc91803b-5134-01c1-d7aa-f5d420a7e71a" executionId="4b573a36-f75e-4876-a989-2470fa5a5ebc" testListId="8c84fa94-04c1-424b-9868-57a2d4851a1d" />
    <TestEntry testId="f71c9746-8da9-fe3e-1f0f-2099b89e285f" executionId="c804fedf-d56b-457a-9907-8ea28e5b1f3b" testListId="8c84fa94-04c1-424b-9868-57a2d4851a1d" />
    <TestEntry testId="519fb66b-4ab0-c02e-142a-a873cbead908" executionId="5d73ccf4-6fd4-43fb-be03-7a68af091ed5" testListId="8c84fa94-04c1-424b-9868-57a2d4851a1d" />
    <TestEntry testId="d5156c59-d7ed-eaf7-be41-7ea608657ac6" executionId="7d196afe-891a-4be9-9f6b-8f943a35750d" testListId="8c84fa94-04c1-424b-9868-57a2d4851a1d" />
    <TestEntry testId="2993583b-d541-5522-60d6-fafb0beb9fcb" executionId="03a01c3d-90c2-4f13-8d09-76182a5bd5a1" testListId="8c84fa94-04c1-424b-9868-57a2d4851a1d" />
    <TestEntry testId="ca54d704-6393-f01f-4f07-b018036236e1" executionId="000e7970-430c-4b36-8fc9-59f48cbbcca1" testListId="8c84fa94-04c1-424b-9868-57a2d4851a1d" />
    <TestEntry testId="5b63cf84-75fa-6156-e5dd-9305484a5099" executionId="2ff326ef-27e3-4835-89f5-284ad340088b" testListId="8c84fa94-04c1-424b-9868-57a2d4851a1d" />
    <TestEntry testId="40df3a4f-fac6-8ff0-0632-d38302b9584f" executionId="adbe2bd1-d8b7-4448-9934-73ab54dde325" testListId="8c84fa94-04c1-424b-9868-57a2d4851a1d" />
    <TestEntry testId="419108dc-6ce3-ac52-10f4-8d4ae1c96cf9" executionId="48322ad8-094b-4d92-8a3b-902651b95c41" testListId="8c84fa94-04c1-424b-9868-57a2d4851a1d" />
    <TestEntry testId="18c755bf-47b0-ff02-44cb-da721b97cf2c" executionId="498ed6c8-b20e-4010-971b-c05fa958ade1" testListId="8c84fa94-04c1-424b-9868-57a2d4851a1d" />
    <TestEntry testId="94e46a78-ced1-5460-ee0b-3f2259ff223b" executionId="8b384eea-d716-488f-ad7c-21b7358ef479" testListId="8c84fa94-04c1-424b-9868-57a2d4851a1d" />
    <TestEntry testId="fc39a840-7c63-ae84-26e7-9c3cadb2a13f" executionId="00384756-be8e-4dc6-a7eb-b2d3034fb39c" testListId="8c84fa94-04c1-424b-9868-57a2d4851a1d" />
    <TestEntry testId="5ffd5e01-2da0-a2d0-3133-a7a66b081bb5" executionId="bb738aca-f472-40ec-8f02-2f4a3881fd33" testListId="8c84fa94-04c1-424b-9868-57a2d4851a1d" />
    <TestEntry testId="45c637e3-f568-fd03-9ff5-879a63fac1a0" executionId="5a00c565-24d8-4382-8a21-54735ee1e167" testListId="8c84fa94-04c1-424b-9868-57a2d4851a1d" />
    <TestEntry testId="34be8351-c85c-7ede-0bd6-6747d9931453" executionId="e0c9bd6f-e066-49e2-8af0-5b60e74d93de" testListId="8c84fa94-04c1-424b-9868-57a2d4851a1d" />
    <TestEntry testId="495f5289-6273-1a25-278d-33b4c596bffb" executionId="4f6135da-56eb-4448-9ac5-fc46ff9ba918" testListId="8c84fa94-04c1-424b-9868-57a2d4851a1d" />
    <TestEntry testId="7496046b-35ab-f2fe-91c2-89de1f566f38" executionId="7fdfb1c4-6bd0-40a1-b062-651e04c2098b" testListId="8c84fa94-04c1-424b-9868-57a2d4851a1d" />
    <TestEntry testId="429533c6-889a-1a81-0a4c-73ec6cacbf38" executionId="c5da2410-ef20-4bf0-b42a-7d7af9e652d4" testListId="8c84fa94-04c1-424b-9868-57a2d4851a1d" />
    <TestEntry testId="0197cd4a-6859-9a60-e9cf-8431f4126d13" executionId="e4e7e1a3-363e-4f2c-9da3-297733606263" testListId="8c84fa94-04c1-424b-9868-57a2d4851a1d" />
    <TestEntry testId="d45fce5b-dc0a-1f28-34a7-5a531984a300" executionId="98c3b451-558e-403a-9567-87a911ab7f54" testListId="8c84fa94-04c1-424b-9868-57a2d4851a1d" />
    <TestEntry testId="ed5817c4-ea89-d039-41be-b2f14ed3a0fd" executionId="7ae18c63-a72c-4ff6-a016-3727688a57c7" testListId="8c84fa94-04c1-424b-9868-57a2d4851a1d" />
    <TestEntry testId="5a893c7c-d985-0681-a71e-63b64e0befd9" executionId="ec36f79a-aaa9-477a-9ffa-49c2e0e0a24d" testListId="8c84fa94-04c1-424b-9868-57a2d4851a1d" />
    <TestEntry testId="56b3f25d-4957-0421-52be-40b531c3922e" executionId="2baa30db-04d4-4b4c-93ac-df9084a2b279" testListId="8c84fa94-04c1-424b-9868-57a2d4851a1d" />
    <TestEntry testId="f5456611-213c-a391-aa05-f02ffd1ab625" executionId="5fbed8db-e18b-42dc-adab-92d4f6a12ec5" testListId="8c84fa94-04c1-424b-9868-57a2d4851a1d" />
    <TestEntry testId="c5bf1c58-67d2-5650-bf39-81aa9e726a39" executionId="1a1dc4cb-5842-410a-9c19-110660449595" testListId="8c84fa94-04c1-424b-9868-57a2d4851a1d" />
    <TestEntry testId="262b6dc4-7ce2-8274-8f6e-a7c26aa4935b" executionId="faefb4f8-afae-4432-8e64-99526c5a996d" testListId="8c84fa94-04c1-424b-9868-57a2d4851a1d" />
    <TestEntry testId="801822bd-ded4-6443-ff1f-35484d14985c" executionId="3d799309-94d6-47b1-80d2-ee15c1e5afa8" testListId="8c84fa94-04c1-424b-9868-57a2d4851a1d" />
    <TestEntry testId="9eb10f15-2049-b2ed-335f-7b8fdece835b" executionId="0a5522c5-ce2e-45ec-8950-31264b129e81" testListId="8c84fa94-04c1-424b-9868-57a2d4851a1d" />
    <TestEntry testId="91d23019-ac33-ed09-a83f-69051ffb8653" executionId="363a7738-f277-43ba-9b83-f33cd91c4c7f" testListId="8c84fa94-04c1-424b-9868-57a2d4851a1d" />
    <TestEntry testId="1b06a454-da2c-fe80-b8ed-b19a93a0b3b7" executionId="0d112f46-70bf-471d-bb97-f5d41026aa5f" testListId="8c84fa94-04c1-424b-9868-57a2d4851a1d" />
    <TestEntry testId="ad4bbaae-315b-da70-514b-85d1156a3a46" executionId="59715291-56bb-4f90-b1d5-4d4d95a3472c" testListId="8c84fa94-04c1-424b-9868-57a2d4851a1d" />
    <TestEntry testId="08ceb4b1-0002-271d-d504-d5ca42d0971d" executionId="3fc91338-9148-45e9-8547-463435fe3d15" testListId="8c84fa94-04c1-424b-9868-57a2d4851a1d" />
    <TestEntry testId="cb3e4b13-64bf-124b-fff7-5819d9039fbf" executionId="7e75dbd4-5bc2-4064-8811-bd6240bc59d0" testListId="8c84fa94-04c1-424b-9868-57a2d4851a1d" />
    <TestEntry testId="f0d05b35-9817-32a9-2e13-20b94845c829" executionId="bd1a1e76-fdfb-473f-9dea-b6804091e945" testListId="8c84fa94-04c1-424b-9868-57a2d4851a1d" />
    <TestEntry testId="745d998e-fa62-61a8-f680-7a63fae5b83d" executionId="1f524863-534f-4eb2-a86f-44a915e57aa9" testListId="8c84fa94-04c1-424b-9868-57a2d4851a1d" />
    <TestEntry testId="3613974a-5faf-789a-cc42-10ca0752bc87" executionId="0646d206-22c9-4013-b736-b5d474aaf38c" testListId="8c84fa94-04c1-424b-9868-57a2d4851a1d" />
    <TestEntry testId="d0eee0b6-a52b-c3a9-36f4-862ccae794c3" executionId="040093bb-17a7-4d63-9ecd-6b9f5296c3b0" testListId="8c84fa94-04c1-424b-9868-57a2d4851a1d" />
    <TestEntry testId="4b705ab7-0ad7-ef3d-f432-a05bbbb25254" executionId="9a900a80-a667-4426-bebc-23e4e51404f5" testListId="8c84fa94-04c1-424b-9868-57a2d4851a1d" />
    <TestEntry testId="2b39dff0-fd84-6237-3051-25d86a3a2610" executionId="62db8e4e-98fa-4be9-a45f-4d36a1e294cd" testListId="8c84fa94-04c1-424b-9868-57a2d4851a1d" />
    <TestEntry testId="c44a468a-675b-ffc9-8378-22ffbaf4ae42" executionId="7e27f0e7-f2cc-40ee-baca-f251136ff6b2" testListId="8c84fa94-04c1-424b-9868-57a2d4851a1d" />
    <TestEntry testId="57f7a741-d962-9806-3e0d-00934660bfe4" executionId="d4a26635-8320-48ba-9bab-e513b90738a4" testListId="8c84fa94-04c1-424b-9868-57a2d4851a1d" />
    <TestEntry testId="ebf2efd3-ccb3-66af-44df-4f2268697a0f" executionId="d5c4cb54-155e-4be0-b210-1bb7b983d4ee" testListId="8c84fa94-04c1-424b-9868-57a2d4851a1d" />
    <TestEntry testId="cc2525dd-f498-b9f4-855c-819e8109119c" executionId="1d5af956-2100-488c-b481-cf011d0eb290" testListId="8c84fa94-04c1-424b-9868-57a2d4851a1d" />
    <TestEntry testId="c6996755-826f-9723-7933-fad394d98a92" executionId="c9d35fbb-99d5-4e07-97e6-3e035c9a499c" testListId="8c84fa94-04c1-424b-9868-57a2d4851a1d" />
    <TestEntry testId="2310bb75-8882-23a2-0dd1-44a45e632cd5" executionId="84e36d5c-b7b5-4a1b-96c2-c62bed3eb176" testListId="8c84fa94-04c1-424b-9868-57a2d4851a1d" />
    <TestEntry testId="db6be25f-bbc0-f3cb-cddc-68be338576df" executionId="b1a14008-5d72-44ae-bf47-82561b01e959" testListId="8c84fa94-04c1-424b-9868-57a2d4851a1d" />
    <TestEntry testId="091a3c1b-9e55-5e87-dfa5-9ed1195485c4" executionId="2078c71f-b41e-43d2-8623-e7de8d32943f" testListId="8c84fa94-04c1-424b-9868-57a2d4851a1d" />
    <TestEntry testId="76dd94e1-fd8d-b403-8e8f-53e2ac9b35e9" executionId="575d8961-c2d5-4e17-b6be-d3af351d4961" testListId="8c84fa94-04c1-424b-9868-57a2d4851a1d" />
    <TestEntry testId="e3f7710a-44b3-769e-36c0-031ab25566e7" executionId="bf9dbd3a-cefb-40a1-ae30-a165336404cb" testListId="8c84fa94-04c1-424b-9868-57a2d4851a1d" />
    <TestEntry testId="8dbc9947-7cae-00e7-ae54-bdae7b76511e" executionId="b58566c4-dca4-4f8e-9d77-c517e21923fb" testListId="8c84fa94-04c1-424b-9868-57a2d4851a1d" />
    <TestEntry testId="1ddb994e-69d7-e2c8-0758-3ae4eedfab8d" executionId="8185a913-7655-4368-b60b-f00e9858cba8" testListId="8c84fa94-04c1-424b-9868-57a2d4851a1d" />
    <TestEntry testId="2615d453-e43c-bb80-faf4-c9d2cc04e83e" executionId="9258a698-9860-4e8d-bf67-3dadccf386c8" testListId="8c84fa94-04c1-424b-9868-57a2d4851a1d" />
    <TestEntry testId="5e568c56-4500-c6df-f0c4-9ea6dc89fcec" executionId="d389a03e-a025-49f0-96b7-ace1b1dcdc83" testListId="8c84fa94-04c1-424b-9868-57a2d4851a1d" />
    <TestEntry testId="cd0cf42f-fbff-cc0f-6a17-221620adeb5c" executionId="d06671e8-1aaa-41cd-a2e7-c84f9ce864ad" testListId="8c84fa94-04c1-424b-9868-57a2d4851a1d" />
    <TestEntry testId="3414297b-9770-b3ca-2bf9-a1d03f4d7485" executionId="229d3adc-be05-4db8-bf36-0a0c91fa01f0" testListId="8c84fa94-04c1-424b-9868-57a2d4851a1d" />
    <TestEntry testId="4ba1cbc5-eda4-195b-0227-9273f6f5a92c" executionId="877ce367-e382-4266-aa7d-7b1c8a13b517" testListId="8c84fa94-04c1-424b-9868-57a2d4851a1d" />
    <TestEntry testId="6c3d666a-7380-a6f7-df74-dbcdef289a30" executionId="394c6e04-28de-45bb-9840-54435c38053f" testListId="8c84fa94-04c1-424b-9868-57a2d4851a1d" />
    <TestEntry testId="435e4950-dfce-bbac-4b2c-21b7bf737aab" executionId="3c27ad8f-5fdc-4a38-bfa7-1b3ab85bb108" testListId="8c84fa94-04c1-424b-9868-57a2d4851a1d" />
    <TestEntry testId="046b2f65-1e1e-21d6-c94c-003364f11884" executionId="c4e59d37-5963-4930-8b99-dc05331adc62" testListId="8c84fa94-04c1-424b-9868-57a2d4851a1d" />
    <TestEntry testId="28884fdd-0fde-995d-c028-37914fbd9b9e" executionId="e0ca93af-fd58-429c-a562-e219165e1e66" testListId="8c84fa94-04c1-424b-9868-57a2d4851a1d" />
    <TestEntry testId="b7dc9825-4819-7cf5-9712-8f29c5251b4d" executionId="a3531f89-ef45-4f26-b72a-fe2b0ac480e2" testListId="8c84fa94-04c1-424b-9868-57a2d4851a1d" />
    <TestEntry testId="c8aa000d-7c66-a84d-1339-9f4c5f61d24c" executionId="c536da81-ede6-40e3-862d-32d9fa419363" testListId="8c84fa94-04c1-424b-9868-57a2d4851a1d" />
    <TestEntry testId="076400fc-682c-d338-9613-1f2abc9a24af" executionId="7dfc43f7-21c5-45a6-8992-7c88c1679f36" testListId="8c84fa94-04c1-424b-9868-57a2d4851a1d" />
    <TestEntry testId="f02035ec-b352-32e6-0f98-82a687a762ea" executionId="10d0c5d5-d86e-49a1-af9b-bea1f234f242" testListId="8c84fa94-04c1-424b-9868-57a2d4851a1d" />
    <TestEntry testId="1d9bc78f-1bb3-f2fa-3d5f-0b57f2447969" executionId="72409696-f12e-4763-a3a8-c67f9b91c281" testListId="8c84fa94-04c1-424b-9868-57a2d4851a1d" />
    <TestEntry testId="062fd20e-f1a3-492f-80c2-ee30a15aab9c" executionId="43a7e41d-05e3-41fe-be7f-019df6101168" testListId="8c84fa94-04c1-424b-9868-57a2d4851a1d" />
    <TestEntry testId="163bb6fd-e9e7-eaec-e4fe-a9730d542dc9" executionId="fa315aeb-d97e-455e-86d0-ed92c8e94291" testListId="8c84fa94-04c1-424b-9868-57a2d4851a1d" />
    <TestEntry testId="1ca9f444-35e2-dd03-9679-d726b75249cd" executionId="15f21200-8f49-44b1-8750-8614753e52e2" testListId="8c84fa94-04c1-424b-9868-57a2d4851a1d" />
    <TestEntry testId="8126622b-f319-2ea0-7bfa-1b92d09ee846" executionId="e9799dd5-0fcb-4377-adf3-efdc7751acab" testListId="8c84fa94-04c1-424b-9868-57a2d4851a1d" />
    <TestEntry testId="39b588e9-c500-5215-2a1c-737caab85106" executionId="5b5f8e62-374d-4ab7-9988-cbfb45819621" testListId="8c84fa94-04c1-424b-9868-57a2d4851a1d" />
    <TestEntry testId="3abc5c4b-d045-c992-f241-955596aea469" executionId="1cca2316-f2c3-4b87-95b2-ee3c5812cc2b" testListId="8c84fa94-04c1-424b-9868-57a2d4851a1d" />
    <TestEntry testId="ddd2c11e-7d88-0ddd-ec30-820251eaa147" executionId="278cdd41-9a20-4306-97f5-7fac4494659b" testListId="8c84fa94-04c1-424b-9868-57a2d4851a1d" />
    <TestEntry testId="2f2e7c19-87ba-df3d-9cea-66e0d2d4debe" executionId="4bd0222f-f526-4043-8c46-8095077ceedf" testListId="8c84fa94-04c1-424b-9868-57a2d4851a1d" />
    <TestEntry testId="34f0d5ae-cbd3-d427-cea0-6698060b9c47" executionId="81497bae-cbce-4b46-86ae-bc21e173c3c0" testListId="8c84fa94-04c1-424b-9868-57a2d4851a1d" />
    <TestEntry testId="848c7a1d-f7b7-6b9a-f3e6-fa78d9d37cb1" executionId="e9b7bfec-d7a1-477d-9d49-749081860a06" testListId="8c84fa94-04c1-424b-9868-57a2d4851a1d" />
    <TestEntry testId="41d0e81d-d317-0dcc-b8a4-3e95b89a35a4" executionId="520d4b71-fb0f-4cae-abcc-1ffedf3114e7" testListId="8c84fa94-04c1-424b-9868-57a2d4851a1d" />
    <TestEntry testId="8f0ee6fc-fb5a-eebf-db7e-e7fe732044b7" executionId="3f6b2ba1-251c-419c-be21-86507677497a" testListId="8c84fa94-04c1-424b-9868-57a2d4851a1d" />
    <TestEntry testId="500daf7c-af05-f6ea-ab24-b6c9f3639de3" executionId="025e94b0-21f1-42d5-9de4-38a0e5a83e93" testListId="8c84fa94-04c1-424b-9868-57a2d4851a1d" />
    <TestEntry testId="96aaaedc-ddc6-14bc-9af0-f8ff21f1578b" executionId="83822364-4dc0-45c1-bd88-8048fc5f3d2a" testListId="8c84fa94-04c1-424b-9868-57a2d4851a1d" />
    <TestEntry testId="7c58e3eb-19cf-2d31-d885-0b5ea0bf03ef" executionId="394588ca-3308-4cfe-ae1c-8699656166c4" testListId="8c84fa94-04c1-424b-9868-57a2d4851a1d" />
    <TestEntry testId="6b001464-d13e-127d-8889-e596c37deede" executionId="5f6d9368-c20c-4e11-b68f-73ba78e0fa00" testListId="8c84fa94-04c1-424b-9868-57a2d4851a1d" />
    <TestEntry testId="7ce6f9a9-0401-8cb6-d02a-60b319a46425" executionId="ddd2a91c-1687-4b7d-8865-9714251a7321" testListId="8c84fa94-04c1-424b-9868-57a2d4851a1d" />
    <TestEntry testId="511faa74-ef29-4ef4-0ee3-491376d23e9b" executionId="a6a6a9c3-c43e-4449-b148-07a6089ba9b7" testListId="8c84fa94-04c1-424b-9868-57a2d4851a1d" />
    <TestEntry testId="ec7ebffd-9e89-69fd-2b86-6c46054d84a2" executionId="eb39d0ac-9885-414d-91a7-0f5e263aa6b6" testListId="8c84fa94-04c1-424b-9868-57a2d4851a1d" />
    <TestEntry testId="3ec8033d-628c-62e7-cb14-9dc446825b88" executionId="e986265b-3297-43fe-b8db-851cdee5e764" testListId="8c84fa94-04c1-424b-9868-57a2d4851a1d" />
    <TestEntry testId="0e454e5b-8358-8bf1-39bf-c140d5199946" executionId="1f254a86-7469-4ad9-b981-0f579217c52f" testListId="8c84fa94-04c1-424b-9868-57a2d4851a1d" />
    <TestEntry testId="e8678655-b2a0-49b9-447c-700d012913b8" executionId="ed6ec25a-6e3f-40c6-9851-25522d6415c5" testListId="8c84fa94-04c1-424b-9868-57a2d4851a1d" />
    <TestEntry testId="8c1d0f7b-8579-3343-ec20-6d988bfb6f2b" executionId="f9608ec7-e2b6-4373-9513-0a88c53ec1bf" testListId="8c84fa94-04c1-424b-9868-57a2d4851a1d" />
    <TestEntry testId="8d4d516d-a202-4f3d-88c6-30c08be1731e" executionId="c398a64a-4f9a-4637-af68-7eb004602117" testListId="8c84fa94-04c1-424b-9868-57a2d4851a1d" />
    <TestEntry testId="5487e1e8-d443-05ae-f8ee-a385de5bf3c5" executionId="ce9d8f1b-73e1-4824-802c-d620120b154a" testListId="8c84fa94-04c1-424b-9868-57a2d4851a1d" />
    <TestEntry testId="9effc09c-7d8d-5fb0-2cab-27b4a2596591" executionId="18e44eda-7fc8-4dca-a545-c7b9a2bc7031" testListId="8c84fa94-04c1-424b-9868-57a2d4851a1d" />
    <TestEntry testId="d7a4e912-205c-866f-a226-2ef21714f0be" executionId="7f0e8910-826a-46da-8ac8-acfa4801ee08" testListId="8c84fa94-04c1-424b-9868-57a2d4851a1d" />
    <TestEntry testId="fed4cbd5-a0c9-29e3-e7d3-3684495d7697" executionId="cc50f312-a86a-4618-b487-18e21d997947" testListId="8c84fa94-04c1-424b-9868-57a2d4851a1d" />
    <TestEntry testId="b89de215-3873-a9b7-172e-8da26d05a103" executionId="336a7dde-9a84-4074-964c-ebdbf254a3e3" testListId="8c84fa94-04c1-424b-9868-57a2d4851a1d" />
    <TestEntry testId="5238d7ef-71f1-8677-81f4-cf0c4aa93445" executionId="4528e2c4-8002-4023-8580-2c9d7392efba" testListId="8c84fa94-04c1-424b-9868-57a2d4851a1d" />
    <TestEntry testId="50c97857-a761-307f-f0da-cb5669d98953" executionId="c2c81148-4dcf-4c6e-8592-8232b7f7e47c" testListId="8c84fa94-04c1-424b-9868-57a2d4851a1d" />
    <TestEntry testId="6f88e808-a6e2-1c2d-9584-30d6f1318fa3" executionId="64de2178-2e08-4934-ab78-44b10ce0e9f8" testListId="8c84fa94-04c1-424b-9868-57a2d4851a1d" />
    <TestEntry testId="fd705c13-edf4-e696-cd2f-884f3924f353" executionId="9afc191b-55fe-486b-be6c-12eba100b98b" testListId="8c84fa94-04c1-424b-9868-57a2d4851a1d" />
    <TestEntry testId="86e611db-db10-eaaa-67b2-013103898bfc" executionId="047149e6-0cbf-4854-8826-2d2c5a38f677" testListId="8c84fa94-04c1-424b-9868-57a2d4851a1d" />
    <TestEntry testId="d9539e3b-1291-529f-b519-48a3546628b6" executionId="46198e7c-23a2-49d2-90b6-cad1d7bf901a" testListId="8c84fa94-04c1-424b-9868-57a2d4851a1d" />
    <TestEntry testId="fdc6906a-6d6f-9642-d74c-c02e007e32b2" executionId="7d9d52eb-ea3a-4037-98d3-3ad35c22a6bd" testListId="8c84fa94-04c1-424b-9868-57a2d4851a1d" />
    <TestEntry testId="f08b8bbd-f087-c366-8cb8-467284add925" executionId="57d0908d-07e8-42f4-9be5-ffe4555401fa" testListId="8c84fa94-04c1-424b-9868-57a2d4851a1d" />
    <TestEntry testId="3ac9445c-da5c-7cc7-435c-29b80d0b052a" executionId="d65f6069-6585-4339-b695-f6d47600c1d3" testListId="8c84fa94-04c1-424b-9868-57a2d4851a1d" />
    <TestEntry testId="b1c1a495-8082-e182-df9d-76902a064934" executionId="7815c3c3-3fed-48b0-a464-b3b8f37e0db7" testListId="8c84fa94-04c1-424b-9868-57a2d4851a1d" />
    <TestEntry testId="198bbb0c-b19b-4758-524c-5583195bd8b9" executionId="25bc721f-9db6-4c88-a422-ef5ed370a361" testListId="8c84fa94-04c1-424b-9868-57a2d4851a1d" />
    <TestEntry testId="efc9805d-5ae4-6ef7-38f0-c704ccf08d6c" executionId="b040be4f-7be3-4d50-af49-f858f838f634" testListId="8c84fa94-04c1-424b-9868-57a2d4851a1d" />
    <TestEntry testId="5bb0ca4a-56ad-3a56-5b24-2c735a211bbd" executionId="85d8267a-6c42-4660-b23e-e11135f7ff5c" testListId="8c84fa94-04c1-424b-9868-57a2d4851a1d" />
    <TestEntry testId="a1d9a69c-7c08-535c-a82f-8014c8e4aa68" executionId="0f264123-3e9d-4e34-b7d1-bc38d741d660" testListId="8c84fa94-04c1-424b-9868-57a2d4851a1d" />
    <TestEntry testId="bbf9f8ad-9f28-41c4-56ea-79d4b4864b9c" executionId="14696865-85f6-4c39-8127-af91159fe56d" testListId="8c84fa94-04c1-424b-9868-57a2d4851a1d" />
    <TestEntry testId="ade8feb4-0003-ae45-f8e3-eb2a863581b9" executionId="08880de6-098b-446e-896b-0badc190e691" testListId="8c84fa94-04c1-424b-9868-57a2d4851a1d" />
    <TestEntry testId="ccfc17c8-4744-c73b-e6df-cbdb121cd18f" executionId="56bb5394-0482-401a-8d51-a599424c7c65" testListId="8c84fa94-04c1-424b-9868-57a2d4851a1d" />
    <TestEntry testId="ac5ebfa8-72f6-c232-3105-4928ceab5b00" executionId="3ff09acb-2943-483a-bf43-231bcdb96e02" testListId="8c84fa94-04c1-424b-9868-57a2d4851a1d" />
    <TestEntry testId="15969d94-066c-33bf-1750-37377c2ccf77" executionId="14b9b681-3128-4f7b-82ab-146257465469" testListId="8c84fa94-04c1-424b-9868-57a2d4851a1d" />
    <TestEntry testId="1f328a94-2a95-a239-17f4-a2fde51501e7" executionId="a6589019-ca4b-4b1e-ba47-d17eb90e3021" testListId="8c84fa94-04c1-424b-9868-57a2d4851a1d" />
    <TestEntry testId="f5f09992-c608-af79-23be-e1fa3cd00f50" executionId="cae7910f-6ea6-46bd-9686-75dd693d8add" testListId="8c84fa94-04c1-424b-9868-57a2d4851a1d" />
    <TestEntry testId="09c588c6-38b4-9dd3-91b7-d32f9ce6a7fc" executionId="4191ef9c-8409-4da3-8518-305e4b2a91e0" testListId="8c84fa94-04c1-424b-9868-57a2d4851a1d" />
    <TestEntry testId="82a7d719-5ab6-9788-5d21-10b635e936e2" executionId="a7e22c4e-ea79-4ca0-a505-610482c5cc07" testListId="8c84fa94-04c1-424b-9868-57a2d4851a1d" />
    <TestEntry testId="99c32d2e-8b99-f797-2b4d-6c46aea51096" executionId="5127a024-ad83-4a4f-a0d2-f2d8f2507914" testListId="8c84fa94-04c1-424b-9868-57a2d4851a1d" />
    <TestEntry testId="e91ee7e9-d11c-4b5e-c0d8-77486ce71c30" executionId="d745c08c-8e78-4d18-83f6-ca7ab3afd8f1" testListId="8c84fa94-04c1-424b-9868-57a2d4851a1d" />
    <TestEntry testId="1c8d68ef-ef52-7fbf-ca40-e50c5affb549" executionId="e969344a-c143-42ec-9c16-f370fb8988f2" testListId="8c84fa94-04c1-424b-9868-57a2d4851a1d" />
    <TestEntry testId="8e260cf6-3610-3cde-23a5-f006cb5f4db0" executionId="2566d426-f064-4cb1-92ea-a67e2af7d0ba" testListId="8c84fa94-04c1-424b-9868-57a2d4851a1d" />
    <TestEntry testId="9b1e8282-b1b2-4277-b828-ca4a01034356" executionId="0d9fea2c-da6a-4c3f-b6ef-d9030b84e2e6" testListId="8c84fa94-04c1-424b-9868-57a2d4851a1d" />
    <TestEntry testId="6f8feaed-3dd0-e229-7482-3a0efe36dbe1" executionId="3284f1ff-e056-4dae-8eeb-8bb8f0d494d2" testListId="8c84fa94-04c1-424b-9868-57a2d4851a1d" />
    <TestEntry testId="f0691513-1696-95db-1995-c3cfe45ed95f" executionId="1fc247e1-397b-4a4b-9778-367856e70b95" testListId="8c84fa94-04c1-424b-9868-57a2d4851a1d" />
    <TestEntry testId="2de44f33-2ccd-6edc-47a1-32456c407906" executionId="c3877aab-6492-4e22-af53-db599d9b0640" testListId="8c84fa94-04c1-424b-9868-57a2d4851a1d" />
    <TestEntry testId="d2125723-9c1c-c4e9-7743-c3e1aa6223df" executionId="97e3ee62-7be2-465c-b6c6-8684c434fb04" testListId="8c84fa94-04c1-424b-9868-57a2d4851a1d" />
    <TestEntry testId="9e885e18-a243-d214-d6a2-45f50bab8619" executionId="41aff1aa-99fa-42a4-9220-56bb796e9b94" testListId="8c84fa94-04c1-424b-9868-57a2d4851a1d" />
    <TestEntry testId="372e65bf-77aa-edb3-f793-cd8bf8262d6a" executionId="f456d0a8-95af-474c-99c5-1cc0ce5a0d3d" testListId="8c84fa94-04c1-424b-9868-57a2d4851a1d" />
    <TestEntry testId="7cffc5bf-b219-ed3e-8f7d-5230b9a06e9d" executionId="026fb0fa-bf84-4014-94c7-43659133e078" testListId="8c84fa94-04c1-424b-9868-57a2d4851a1d" />
    <TestEntry testId="093eaae8-d890-4487-b410-9a0df88a4173" executionId="0ad01e29-ae5a-4ff5-a274-e1e1d3ae4651" testListId="8c84fa94-04c1-424b-9868-57a2d4851a1d" />
  </TestEntries>
  <Results>
    <UnitTestResult executionId="4b4d254a-aafb-440d-8aeb-79aa5aebd394" testId="3737523e-d371-a3d0-e320-91f0366f7ad7" testName="CFG_administration_deleteJobInstance_Delete" computerName="user1computername" duration="00:00:00.8964607" startTime="2015-04-22T12:49:56.8076067-05:00" endTime="2015-04-22T12:49:58.4407700-05:00" testType="13cdc9d9-ddb5-4fa4-a97d-d965ccfc6d4b" outcome="Passed" testListId="8c84fa94-04c1-424b-9868-57a2d4851a1d" relativeResultsDirectory="4b4d254a-aafb-440d-8aeb-79aa5aebd394">
      <Output>
        <DebugTrace>Executing test initialization script...
1 batches, 0 ResultSets, 0 rows affected
Executing test script...
Sql Error: 'JobInstances to be deleted: 3' (Severity 0, State 1)
Sql Error: 'StepInstances to be deleted: 3' (Severity 0, State 1)
Sql Error: 'Metrics to be deleted: 0' (Severity 0, State 1)
Sql Error: 'Executables to be deleted: 0' (Severity 0, State 1)
Sql Error: 'Errors to be deleted: 0' (Severity 0, State 1)
Sql Error: 'Parameters to be deleted: 0' (Severity 0, State 1)
Sql Error: 'System Metrics to be deleted: 0' (Severity 0, State 1)
Sql Error: ' ' (Severity 0, State 1)
Sql Error: 'All Deleted!' (Severity 0, State 1)
1 batches, 1 ResultSets, 1 rows affected
Validating deleted_PassorFail
Executing test cleanup script...
1 batches, 0 ResultSets, 0 rows affected
</DebugTrace>
      </Output>
    </UnitTestResult>
    <UnitTestResult executionId="a0d59abb-4e65-454b-9ca7-30e32b03a0a9" testId="e1049faa-f9d5-0cbb-98c1-ba9933563daf" testName="CFG_administration_deleteJobInstance_NoDelete" computerName="user1computername" duration="00:00:00.1126568" startTime="2015-04-22T12:49:58.4437703-05:00" endTime="2015-04-22T12:49:58.5577817-05:00" testType="13cdc9d9-ddb5-4fa4-a97d-d965ccfc6d4b" outcome="Passed" testListId="8c84fa94-04c1-424b-9868-57a2d4851a1d" relativeResultsDirectory="a0d59abb-4e65-454b-9ca7-30e32b03a0a9">
      <Output>
        <DebugTrace>Executing test initialization script...
1 batches, 0 ResultSets, 0 rows affected
Executing test script...
Sql Error: 'JobInstances to be deleted: 3' (Severity 0, State 1)
Sql Error: 'StepInstances to be deleted: 3' (Severity 0, State 1)
Sql Error: 'Metrics to be deleted: 0' (Severity 0, State 1)
Sql Error: 'Executables to be deleted: 0' (Severity 0, State 1)
Sql Error: 'Errors to be deleted: 0' (Severity 0, State 1)
Sql Error: 'Parameters to be deleted: 0' (Severity 0, State 1)
Sql Error: 'System Metrics to be deleted: 0' (Severity 0, State 1)
1 batches, 1 ResultSets, 1 rows affected
Validating notdeleted_PassOrFail
Executing test cleanup script...
1 batches, 0 ResultSets, 0 rows affected
</DebugTrace>
      </Output>
    </UnitTestResult>
    <UnitTestResult executionId="36edf061-5b27-4309-a919-336c3d05a695" testId="1012650e-dd7c-4c95-1645-e70863a04bd6" testName="CFG_helper_getMetricDefinition_byName" computerName="user1computername" duration="00:00:00.1225192" startTime="2015-04-22T12:49:58.5607820-05:00" endTime="2015-04-22T12:49:58.6857945-05:00" testType="13cdc9d9-ddb5-4fa4-a97d-d965ccfc6d4b" outcome="Passed" testListId="8c84fa94-04c1-424b-9868-57a2d4851a1d" relativeResultsDirectory="36edf061-5b27-4309-a919-336c3d05a695">
      <Output>
        <DebugTrace>Executing test initialization script...
1 batches, 0 ResultSets, 0 rows affected
Executing test script...
1 batches, 1 ResultSets, 1 rows affected
Validating byName_metricDefinitionId
Validating byName_metricName
Validating byName_Description
Validating byName_dataType
Validating byName_insertedByCode
Validating byName_insertedDate
Executing test cleanup script...
1 batches, 0 ResultSets, 0 rows affected
</DebugTrace>
      </Output>
    </UnitTestResult>
    <UnitTestResult executionId="c94bcd25-9a6b-46b5-b8be-7bd87e75b9ff" testId="9dfea617-d649-60b9-93b6-f58d38db9070" testName="CFG_helper_getMetricDefinition_byNameAndType" computerName="user1computername" duration="00:00:00.1079803" startTime="2015-04-22T12:49:58.6877947-05:00" endTime="2015-04-22T12:49:58.7978057-05:00" testType="13cdc9d9-ddb5-4fa4-a97d-d965ccfc6d4b" outcome="Passed" testListId="8c84fa94-04c1-424b-9868-57a2d4851a1d" relativeResultsDirectory="c94bcd25-9a6b-46b5-b8be-7bd87e75b9ff">
      <Output>
        <DebugTrace>Executing test initialization script...
1 batches, 0 ResultSets, 0 rows affected
Executing test script...
1 batches, 1 ResultSets, 1 rows affected
Validating byNameAndType_metricDefinitionId
Validating byNameAndType_metricName
Validating byNameAndType_Description
Validating byNameAndType_dataType
Validating byNameAndType_insertedByCode
Validating byNameAndType_insertedDate
Executing test cleanup script...
1 batches, 0 ResultSets, 0 rows affected
</DebugTrace>
      </Output>
    </UnitTestResult>
    <UnitTestResult executionId="83294790-966d-4667-99c9-ef81344fde2b" testId="5677e893-d7c1-f6bd-7365-c179b9b72fe7" testName="CFG_helper_getMetricDefinition_insertNew" computerName="user1computername" duration="00:00:00.1188442" startTime="2015-04-22T12:49:58.8008060-05:00" endTime="2015-04-22T12:49:58.9218181-05:00" testType="13cdc9d9-ddb5-4fa4-a97d-d965ccfc6d4b" outcome="Passed" testListId="8c84fa94-04c1-424b-9868-57a2d4851a1d" relativeResultsDirectory="83294790-966d-4667-99c9-ef81344fde2b">
      <Output>
        <DebugTrace>Executing test initialization script...
1 batches, 0 ResultSets, 0 rows affected
Executing test script...
1 batches, 1 ResultSets, 2 rows affected
Validating insertNew_metricName
Validating insertNew_description
Validating insertNew_dataType
Validating insertNew_insertedByCode
Validating insertNew_insertedDate
Executing test cleanup script...
1 batches, 0 ResultSets, 0 rows affected
</DebugTrace>
      </Output>
    </UnitTestResult>
    <UnitTestResult executionId="28972df3-c50e-4eba-8af6-cecf3608615c" testId="9e4b882b-06d8-9673-5eb1-7d7e6b89cbaa" testName="CFG_metric_insertMetricDefinition_insert" computerName="user1computername" duration="00:00:00.1236454" startTime="2015-04-22T12:49:58.9248184-05:00" endTime="2015-04-22T12:49:59.0498309-05:00" testType="13cdc9d9-ddb5-4fa4-a97d-d965ccfc6d4b" outcome="Passed" testListId="8c84fa94-04c1-424b-9868-57a2d4851a1d" relativeResultsDirectory="28972df3-c50e-4eba-8af6-cecf3608615c">
      <Output>
        <DebugTrace>Executing test initialization script...
1 batches, 0 ResultSets, 0 rows affected
Executing test script...
1 batches, 1 ResultSets, 2 rows affected
Validating insert_checkName
Validating insert_checkDescription
Validating insert_checkDataType
Validating insert_checkInsertedByCode
Validating insert_checkInsertedDate
Executing test cleanup script...
1 batches, 0 ResultSets, 0 rows affected
</DebugTrace>
      </Output>
    </UnitTestResult>
    <UnitTestResult executionId="9bf188bf-c9e5-47d7-8d76-d913387d3d11" testId="5a96ec36-9546-a6e2-1227-4b405f6b2be1" testName="CFG_metric_insertMetricDefinition_insertFailure" computerName="user1computername" duration="00:00:00.1194154" startTime="2015-04-22T12:49:59.0528312-05:00" endTime="2015-04-22T12:49:59.1748434-05:00" testType="13cdc9d9-ddb5-4fa4-a97d-d965ccfc6d4b" outcome="Passed" testListId="8c84fa94-04c1-424b-9868-57a2d4851a1d" relativeResultsDirectory="9bf188bf-c9e5-47d7-8d76-d913387d3d11">
      <Output>
        <DebugTrace>Executing test initialization script...
1 batches, 0 ResultSets, 0 rows affected
Executing test script...
1 batches, 1 ResultSets, 1 rows affected
Validating insertFailure_errorMessage
Executing test cleanup script...
1 batches, 0 ResultSets, 0 rows affected
</DebugTrace>
      </Output>
    </UnitTestResult>
    <UnitTestResult executionId="0239e3fe-64cf-4388-a80a-e1f5576c3673" testId="56c047c1-c339-9273-b555-c930fcf06ff4" testName="CFG_systemSettings_getDebugFlagTest" computerName="user1computername" duration="00:00:00.1081990" startTime="2015-04-22T12:49:59.1778437-05:00" endTime="2015-04-22T12:49:59.2888548-05:00" testType="13cdc9d9-ddb5-4fa4-a97d-d965ccfc6d4b" outcome="Passed" testListId="8c84fa94-04c1-424b-9868-57a2d4851a1d" relativeResultsDirectory="0239e3fe-64cf-4388-a80a-e1f5576c3673">
      <Output>
        <DebugTrace>Executing test initialization script...
1 batches, 0 ResultSets, 0 rows affected
Executing test script...
1 batches, 1 ResultSets, 1 rows affected
Validating checkDebugFlag
Executing test cleanup script...
1 batches, 0 ResultSets, 0 rows affected
</DebugTrace>
      </Output>
    </UnitTestResult>
    <UnitTestResult executionId="80d9afd0-28af-438e-b3db-ff0cc03220ec" testId="764f8b97-6f1b-9584-56ab-da25710a39e7" testName="CFG_systemSettings_refreshProjectList_Reset" computerName="user1computername" duration="00:00:00.1094302" startTime="2015-04-22T12:49:59.2918551-05:00" endTime="2015-04-22T12:49:59.4038663-05:00" testType="13cdc9d9-ddb5-4fa4-a97d-d965ccfc6d4b" outcome="Passed" testListId="8c84fa94-04c1-424b-9868-57a2d4851a1d" relativeResultsDirectory="80d9afd0-28af-438e-b3db-ff0cc03220ec">
      <Output>
        <DebugTrace>Executing test initialization script...
1 batches, 0 ResultSets, 0 rows affected
Executing test script...
1 batches, 1 ResultSets, 1 rows affected
Validating reset_false
Executing test cleanup script...
1 batches, 0 ResultSets, 0 rows affected
</DebugTrace>
      </Output>
    </UnitTestResult>
    <UnitTestResult executionId="e9d4b033-9355-4bf3-bb9f-ba94a04d04d6" testId="25228721-22df-e97d-4000-41933450c770" testName="CFG_systemSettings_refreshProjectListTest" computerName="user1computername" duration="00:00:00.1085144" startTime="2015-04-22T12:49:59.4068666-05:00" endTime="2015-04-22T12:49:59.5178777-05:00" testType="13cdc9d9-ddb5-4fa4-a97d-d965ccfc6d4b" outcome="Passed" testListId="8c84fa94-04c1-424b-9868-57a2d4851a1d" relativeResultsDirectory="e9d4b033-9355-4bf3-bb9f-ba94a04d04d6">
      <Output>
        <DebugTrace>Executing test initialization script...
1 batches, 0 ResultSets, 0 rows affected
Executing test script...
1 batches, 1 ResultSets, 1 rows affected
Validating trueCondition
Executing test cleanup script...
1 batches, 0 ResultSets, 0 rows affected
</DebugTrace>
      </Output>
    </UnitTestResult>
    <UnitTestResult executionId="531de7d4-cc04-46cd-82b7-98e19de89024" testId="29726a10-4f21-6e46-8e1d-526b256c0243" testName="dbo_fnCheckValidOptions_checkConstraint" computerName="user1computername" duration="00:00:00.0257883" startTime="2015-04-22T12:49:59.5218781-05:00" endTime="2015-04-22T12:49:59.5498809-05:00" testType="13cdc9d9-ddb5-4fa4-a97d-d965ccfc6d4b" outcome="Passed" testListId="8c84fa94-04c1-424b-9868-57a2d4851a1d" relativeResultsDirectory="531de7d4-cc04-46cd-82b7-98e19de89024">
      <Output>
        <DebugTrace>Executing test script...
1 batches, 5 ResultSets, 5 rows affected
Validating fnCheckValidOptions_checkConstraint_CheckErrorNumber
Validating fnCheckValidOptions_checkConstraint_checkErrorProc
Validating fnCheckValidOptions_checkConstraint_checkErrorSeverity
Validating fnCheckValidOptions_checkConstraint_checkErrorState
Validating fnCheckValidOptions_checkConstraint_checkErrorMessage
</DebugTrace>
      </Output>
    </UnitTestResult>
    <UnitTestResult executionId="6728b1b4-e4c7-45eb-ab8d-60b08991b76f" testId="c9dd8bee-6d0d-e8d5-d171-402bb78e155e" testName="dbo_fnCheckValidOptions_step" computerName="user1computername" duration="00:00:00.0245990" startTime="2015-04-22T12:49:59.5528812-05:00" endTime="2015-04-22T12:49:59.5798839-05:00" testType="13cdc9d9-ddb5-4fa4-a97d-d965ccfc6d4b" outcome="Passed" testListId="8c84fa94-04c1-424b-9868-57a2d4851a1d" relativeResultsDirectory="6728b1b4-e4c7-45eb-ab8d-60b08991b76f">
      <Output>
        <DebugTrace>Executing test script...
1 batches, 3 ResultSets, 3 rows affected
Validating checkValidOptions_Step_SPROC
Validating checkValidOptions_Step_SSIS
Validating checkValidOptions_Step_Invalid
</DebugTrace>
      </Output>
    </UnitTestResult>
    <UnitTestResult executionId="4b573a36-f75e-4876-a989-2470fa5a5ebc" testId="dc91803b-5134-01c1-d7aa-f5d420a7e71a" testName="dbo_fnCheckValidOptions_stepInstance" computerName="user1computername" duration="00:00:00.0241123" startTime="2015-04-22T12:49:59.5838843-05:00" endTime="2015-04-22T12:49:59.6108870-05:00" testType="13cdc9d9-ddb5-4fa4-a97d-d965ccfc6d4b" outcome="Passed" testListId="8c84fa94-04c1-424b-9868-57a2d4851a1d" relativeResultsDirectory="4b573a36-f75e-4876-a989-2470fa5a5ebc">
      <Output>
        <DebugTrace>Executing test script...
1 batches, 7 ResultSets, 7 rows affected
Validating checkValidOptions_stepInstance_Cancelled
Validating checkValidOptions_stepInstance_Completed
Validating checkValidOptions_stepInstance_Error
Validating checkValidOptions_stepInstance_New
Validating checkValidOptions_stepInstance_Retrying
Validating checkValidOptions_stepInstance_Running
Validating checkValidOptions_stepInstance_Invalid
</DebugTrace>
      </Output>
    </UnitTestResult>
    <UnitTestResult executionId="c804fedf-d56b-457a-9907-8ea28e5b1f3b" testId="f71c9746-8da9-fe3e-1f0f-2099b89e285f" testName="dbo_fnCheckValidOptionsTest_jobInstance" computerName="user1computername" duration="00:00:00.0265956" startTime="2015-04-22T12:49:59.6138873-05:00" endTime="2015-04-22T12:49:59.6428902-05:00" testType="13cdc9d9-ddb5-4fa4-a97d-d965ccfc6d4b" outcome="Passed" testListId="8c84fa94-04c1-424b-9868-57a2d4851a1d" relativeResultsDirectory="c804fedf-d56b-457a-9907-8ea28e5b1f3b">
      <Output>
        <DebugTrace>Executing test script...
1 batches, 7 ResultSets, 7 rows affected
Validating checkValidOptions_JobInstance_Cancelled
Validating checkValidOptions_JobInstance_Completed
Validating checkValidOptions_JobInstance_Error
Validating checkValidOptions_JobInstance_New
Validating checkValidOptions_JobInstance_Queued
Validating checkValidOptions_JobInstance_Running
Validating checkValidOptions_JobInstance_Invalid
</DebugTrace>
      </Output>
    </UnitTestResult>
    <UnitTestResult executionId="5d73ccf4-6fd4-43fb-be03-7a68af091ed5" testId="519fb66b-4ab0-c02e-142a-a873cbead908" testName="dbo_fnGetIdTableFromListTest" computerName="user1computername" duration="00:00:00.0260268" startTime="2015-04-22T12:49:59.6448904-05:00" endTime="2015-04-22T12:49:59.6728932-05:00" testType="13cdc9d9-ddb5-4fa4-a97d-d965ccfc6d4b" outcome="Passed" testListId="8c84fa94-04c1-424b-9868-57a2d4851a1d" relativeResultsDirectory="5d73ccf4-6fd4-43fb-be03-7a68af091ed5">
      <Output>
        <DebugTrace>Executing test script...
1 batches, 1 ResultSets, 10 rows affected
Validating rowCountCondition1
Validating row1
Validating row2
Validating row3
Validating row4
Validating row5
Validating row6
Validating row7
Validating row8
Validating row9
Validating row10
</DebugTrace>
      </Output>
    </UnitTestResult>
    <UnitTestResult executionId="7d196afe-891a-4be9-9f6b-8f943a35750d" testId="d5156c59-d7ed-eaf7-be41-7ea608657ac6" testName="ETL_catalog_checkStepVersionTest" computerName="user1computername" duration="00:00:00.0390648" startTime="2015-04-22T12:49:59.6758935-05:00" endTime="2015-04-22T12:49:59.7178977-05:00" testType="13cdc9d9-ddb5-4fa4-a97d-d965ccfc6d4b" outcome="Failed" testListId="8c84fa94-04c1-424b-9868-57a2d4851a1d" relativeResultsDirectory="7d196afe-891a-4be9-9f6b-8f943a35750d">
      <Output>
        <DebugTrace>Executing test script...
1 batches, 1 ResultSets, 1 rows affected
Validating emptyResultSetCondition1
</DebugTrace>
        <ErrorInfo>
          <Message>EmptyResultSetCondition Condition (emptyResultSetCondition1) Failed: ResultSet 1 was not empty.</Message>
          <StackTrace>   at Microsoft.Data.Tools.Schema.Sql.UnitTesting.Conditions.TestCondition.FormatAndThrow(Exception innerException, String specificMessageFormat, Object[] arg)
   at Microsoft.Data.Tools.Schema.Sql.UnitTesting.Conditions.EmptyResultSetCondition.DoAssert(DataTable resultSet)
   at Microsoft.Data.Tools.Schema.Sql.UnitTesting.Conditions.ResultSetCondition.Assert(DbConnection validationConnection, SqlExecutionResult[] results)
   at Microsoft.Data.Tools.Schema.Sql.UnitTesting.ExecutionEngine.EvaluateConditions(DbConnection validationConnection, SqlExecutionResult[] results, Collection`1 conditions)
   at Microsoft.Data.Tools.Schema.Sql.UnitTesting.SqlDatabaseTestService.Execute(ConnectionContext scriptExecutionContext, ConnectionContext privilegedExecutionContext, SqlDatabaseTestAction action, DbParameter[] sqlParameters)
   at test.ETL_catalog_checkStepVersion_UT.ETL_catalog_checkStepVersionTest() in c:\_SourceControl\HLTFS\Tools\HLETLFramework\Dev\HLETLCentral\test\ETL_catalog_checkStepVersion_UT.cs:line 96
</StackTrace>
        </ErrorInfo>
      </Output>
    </UnitTestResult>
    <UnitTestResult executionId="03a01c3d-90c2-4f13-8d09-76182a5bd5a1" testId="2993583b-d541-5522-60d6-fafb0beb9fcb" testName="ETL_catalog_projectDelete_Error_DeleteFail" computerName="user1computername" duration="00:00:01.5155724" startTime="2015-04-22T12:49:59.7208980-05:00" endTime="2015-04-22T12:50:01.2380497-05:00" testType="13cdc9d9-ddb5-4fa4-a97d-d965ccfc6d4b" outcome="Passed" testListId="8c84fa94-04c1-424b-9868-57a2d4851a1d" relativeResultsDirectory="03a01c3d-90c2-4f13-8d09-76182a5bd5a1">
      <Output>
        <DebugTrace>Executing test initialization script...
1 batches, 0 ResultSets, 0 rows affected
Executing pre-test script...
Sql Error: 'Changed database context to 'SSISDB'.' (Severity 0, State 1)
1 batches, 0 ResultSets, 0 rows affected
Executing test script...
1 batches, 1 ResultSets, 1 rows affected
Validating checksumCondition3
Executing post-test script...
Sql Error: 'Changed database context to 'ETLCentralController'.' (Severity 0, State 1)
Sql Error: 'Changed database context to 'SSISDB'.' (Severity 0, State 1)
1 batches, 0 ResultSets, 1 rows affected
Executing test cleanup script...
1 batches, 0 ResultSets, 0 rows affected
</DebugTrace>
      </Output>
    </UnitTestResult>
    <UnitTestResult executionId="000e7970-430c-4b36-8fc9-59f48cbbcca1" testId="ca54d704-6393-f01f-4f07-b018036236e1" testName="ETL_catalog_projectDelete_Error_ProjectDoesNotExist" computerName="user1computername" duration="00:00:01.1750864" startTime="2015-04-22T12:50:01.2420501-05:00" endTime="2015-04-22T12:50:02.4201679-05:00" testType="13cdc9d9-ddb5-4fa4-a97d-d965ccfc6d4b" outcome="Passed" testListId="8c84fa94-04c1-424b-9868-57a2d4851a1d" relativeResultsDirectory="000e7970-430c-4b36-8fc9-59f48cbbcca1">
      <Output>
        <DebugTrace>Executing test initialization script...
1 batches, 0 ResultSets, 0 rows affected
Executing test script...
1 batches, 1 ResultSets, 1 rows affected
Validating checksumCondition1
Executing test cleanup script...
1 batches, 0 ResultSets, 0 rows affected
</DebugTrace>
      </Output>
    </UnitTestResult>
    <UnitTestResult executionId="2ff326ef-27e3-4835-89f5-284ad340088b" testId="5b63cf84-75fa-6156-e5dd-9305484a5099" testName="ETL_catalog_projectDelete_ProjectDeleted" computerName="user1computername" duration="00:00:01.2115231" startTime="2015-04-22T12:50:02.4231682-05:00" endTime="2015-04-22T12:50:03.6372896-05:00" testType="13cdc9d9-ddb5-4fa4-a97d-d965ccfc6d4b" outcome="Passed" testListId="8c84fa94-04c1-424b-9868-57a2d4851a1d" relativeResultsDirectory="2ff326ef-27e3-4835-89f5-284ad340088b">
      <Output>
        <DebugTrace>Executing test initialization script...
1 batches, 0 ResultSets, 0 rows affected
Executing test script...
1 batches, 1 ResultSets, 1 rows affected
Validating checksumCondition2
Executing test cleanup script...
1 batches, 0 ResultSets, 0 rows affected
</DebugTrace>
      </Output>
    </UnitTestResult>
    <UnitTestResult executionId="adbe2bd1-d8b7-4448-9934-73ab54dde325" testId="40df3a4f-fac6-8ff0-0632-d38302b9584f" testName="ETL_catalog_deployProject_DeployConstructedProjectName" computerName="user1computername" duration="00:00:01.3017195" startTime="2015-04-22T12:50:03.6432902-05:00" endTime="2015-04-22T12:50:04.9494208-05:00" testType="13cdc9d9-ddb5-4fa4-a97d-d965ccfc6d4b" outcome="Passed" testListId="8c84fa94-04c1-424b-9868-57a2d4851a1d" relativeResultsDirectory="adbe2bd1-d8b7-4448-9934-73ab54dde325">
      <Output>
        <DebugTrace>Executing test initialization script...
1 batches, 0 ResultSets, 0 rows affected
Executing test script...
1 batches, 1 ResultSets, 1 rows affected
Validating checksumCondition1
Executing post-test script...
1 batches, 0 ResultSets, 0 rows affected
Executing test cleanup script...
1 batches, 0 ResultSets, 0 rows affected
</DebugTrace>
      </Output>
    </UnitTestResult>
    <UnitTestResult executionId="48322ad8-094b-4d92-8a3b-902651b95c41" testId="419108dc-6ce3-ac52-10f4-8d4ae1c96cf9" testName="ETL_catalog_deployProject_DeployProvidedProjectName" computerName="user1computername" duration="00:00:01.2730302" startTime="2015-04-22T12:50:04.9524211-05:00" endTime="2015-04-22T12:50:06.2275486-05:00" testType="13cdc9d9-ddb5-4fa4-a97d-d965ccfc6d4b" outcome="Passed" testListId="8c84fa94-04c1-424b-9868-57a2d4851a1d" relativeResultsDirectory="48322ad8-094b-4d92-8a3b-902651b95c41">
      <Output>
        <DebugTrace>Executing test initialization script...
1 batches, 0 ResultSets, 0 rows affected
Executing test script...
1 batches, 1 ResultSets, 1 rows affected
Validating checksumCondition2
Executing post-test script...
1 batches, 0 ResultSets, 0 rows affected
Executing test cleanup script...
1 batches, 0 ResultSets, 0 rows affected
</DebugTrace>
      </Output>
    </UnitTestResult>
    <UnitTestResult executionId="498ed6c8-b20e-4010-971b-c05fa958ade1" testId="18c755bf-47b0-ff02-44cb-da721b97cf2c" testName="ETL_catalog_deployProject_Error_DeployFail" computerName="user1computername" duration="00:00:01.3262219" startTime="2015-04-22T12:50:06.2315490-05:00" endTime="2015-04-22T12:50:07.5596818-05:00" testType="13cdc9d9-ddb5-4fa4-a97d-d965ccfc6d4b" outcome="Passed" testListId="8c84fa94-04c1-424b-9868-57a2d4851a1d" relativeResultsDirectory="498ed6c8-b20e-4010-971b-c05fa958ade1">
      <Output>
        <DebugTrace>Executing test initialization script...
1 batches, 0 ResultSets, 0 rows affected
Executing test script...
1 batches, 1 ResultSets, 1 rows affected
Validating checksumCondition3
Executing test cleanup script...
1 batches, 0 ResultSets, 0 rows affected
</DebugTrace>
      </Output>
    </UnitTestResult>
    <UnitTestResult executionId="8b384eea-d716-488f-ad7c-21b7358ef479" testId="94e46a78-ced1-5460-ee0b-3f2259ff223b" testName="ETL_catalog_deployProject_Error_NoObjectInStore" computerName="user1computername" duration="00:00:00.2062135" startTime="2015-04-22T12:50:07.5626821-05:00" endTime="2015-04-22T12:50:07.7777036-05:00" testType="13cdc9d9-ddb5-4fa4-a97d-d965ccfc6d4b" outcome="Passed" testListId="8c84fa94-04c1-424b-9868-57a2d4851a1d" relativeResultsDirectory="8b384eea-d716-488f-ad7c-21b7358ef479">
      <Output>
        <DebugTrace>Executing test initialization script...
1 batches, 0 ResultSets, 0 rows affected
Executing pre-test script...
Skipping SQL execution because the SQL script was null or empty.
Executing test script...
1 batches, 1 ResultSets, 1 rows affected
Validating checksumCondition4
Executing post-test script...
Skipping SQL execution because the SQL script was null or empty.
Executing test cleanup script...
1 batches, 0 ResultSets, 0 rows affected
</DebugTrace>
      </Output>
    </UnitTestResult>
    <UnitTestResult executionId="00384756-be8e-4dc6-a7eb-b2d3034fb39c" testId="fc39a840-7c63-ae84-26e7-9c3cadb2a13f" testName="ETL_catalog_getExecutionParametersTest" computerName="user1computername" duration="00:00:00.0257548" startTime="2015-04-22T12:50:07.7797038-05:00" endTime="2015-04-22T12:50:07.8077066-05:00" testType="13cdc9d9-ddb5-4fa4-a97d-d965ccfc6d4b" outcome="Inconclusive" testListId="8c84fa94-04c1-424b-9868-57a2d4851a1d" relativeResultsDirectory="00384756-be8e-4dc6-a7eb-b2d3034fb39c">
      <Output>
        <DebugTrace>Executing test script...
1 batches, 0 ResultSets, 0 rows affected
Validating inconclusiveCondition1
</DebugTrace>
        <ErrorInfo>
          <Message>Assert.Inconclusive failed. </Message>
          <StackTrace>   at Microsoft.Data.Tools.Schema.Sql.UnitTesting.Conditions.InconclusiveCondition.Assert(DbConnection validationConnection, SqlExecutionResult[] results)
   at Microsoft.Data.Tools.Schema.Sql.UnitTesting.ExecutionEngine.EvaluateConditions(DbConnection validationConnection, SqlExecutionResult[] results, Collection`1 conditions)
   at Microsoft.Data.Tools.Schema.Sql.UnitTesting.SqlDatabaseTestService.Execute(ConnectionContext scriptExecutionContext, ConnectionContext privilegedExecutionContext, SqlDatabaseTestAction action, DbParameter[] sqlParameters)
   at test.ETL_catalog_getExecutionParameters_UT.ETL_catalog_getExecutionParametersTest() in c:\_SourceControl\HLTFS\Tools\HLETLFramework\Dev\HLETLCentral\test\ETL_catalog_getExecutionParameters_UT.cs:line 95
</StackTrace>
        </ErrorInfo>
      </Output>
    </UnitTestResult>
    <UnitTestResult executionId="bb738aca-f472-40ec-8f02-2f4a3881fd33" testId="5ffd5e01-2da0-a2d0-3133-a7a66b081bb5" testName="ETL_catalog_getExecutionStatisticsTest" computerName="user1computername" duration="00:00:00.0265439" startTime="2015-04-22T12:50:07.8107069-05:00" endTime="2015-04-22T12:50:07.8397098-05:00" testType="13cdc9d9-ddb5-4fa4-a97d-d965ccfc6d4b" outcome="Inconclusive" testListId="8c84fa94-04c1-424b-9868-57a2d4851a1d" relativeResultsDirectory="bb738aca-f472-40ec-8f02-2f4a3881fd33">
      <Output>
        <DebugTrace>Executing test script...
1 batches, 1 ResultSets, 1 rows affected
Validating inconclusiveCondition1
</DebugTrace>
        <ErrorInfo>
          <Message>Assert.Inconclusive failed. </Message>
          <StackTrace>   at Microsoft.Data.Tools.Schema.Sql.UnitTesting.Conditions.InconclusiveCondition.Assert(DbConnection validationConnection, SqlExecutionResult[] results)
   at Microsoft.Data.Tools.Schema.Sql.UnitTesting.ExecutionEngine.EvaluateConditions(DbConnection validationConnection, SqlExecutionResult[] results, Collection`1 conditions)
   at Microsoft.Data.Tools.Schema.Sql.UnitTesting.SqlDatabaseTestService.Execute(ConnectionContext scriptExecutionContext, ConnectionContext privilegedExecutionContext, SqlDatabaseTestAction action, DbParameter[] sqlParameters)
   at test.ETL_catalog_getExecutionStatistics_UT.ETL_catalog_getExecutionStatisticsTest() in c:\_SourceControl\HLTFS\Tools\HLETLFramework\Dev\HLETLCentral\test\ETL_catalog_getExecutionStatistics_UT.cs:line 95
</StackTrace>
        </ErrorInfo>
      </Output>
    </UnitTestResult>
    <UnitTestResult executionId="5a00c565-24d8-4382-8a21-54735ee1e167" testId="45c637e3-f568-fd03-9ff5-879a63fac1a0" testName="ETL_catalog_getExecutionSysInfoTest" computerName="user1computername" duration="00:00:00.0245335" startTime="2015-04-22T12:50:07.8417100-05:00" endTime="2015-04-22T12:50:07.8687127-05:00" testType="13cdc9d9-ddb5-4fa4-a97d-d965ccfc6d4b" outcome="Inconclusive" testListId="8c84fa94-04c1-424b-9868-57a2d4851a1d" relativeResultsDirectory="5a00c565-24d8-4382-8a21-54735ee1e167">
      <Output>
        <DebugTrace>Executing test script...
1 batches, 1 ResultSets, 1 rows affected
Validating inconclusiveCondition1
</DebugTrace>
        <ErrorInfo>
          <Message>Assert.Inconclusive failed. </Message>
          <StackTrace>   at Microsoft.Data.Tools.Schema.Sql.UnitTesting.Conditions.InconclusiveCondition.Assert(DbConnection validationConnection, SqlExecutionResult[] results)
   at Microsoft.Data.Tools.Schema.Sql.UnitTesting.ExecutionEngine.EvaluateConditions(DbConnection validationConnection, SqlExecutionResult[] results, Collection`1 conditions)
   at Microsoft.Data.Tools.Schema.Sql.UnitTesting.SqlDatabaseTestService.Execute(ConnectionContext scriptExecutionContext, ConnectionContext privilegedExecutionContext, SqlDatabaseTestAction action, DbParameter[] sqlParameters)
   at test.ETL_catalog_getExecutionSysInfo_UT.ETL_catalog_getExecutionSysInfoTest() in c:\_SourceControl\HLTFS\Tools\HLETLFramework\Dev\HLETLCentral\test\ETL_catalog_getExecutionSysInfo_UT.cs:line 95
</StackTrace>
        </ErrorInfo>
      </Output>
    </UnitTestResult>
    <UnitTestResult executionId="e0c9bd6f-e066-49e2-8af0-5b60e74d93de" testId="34be8351-c85c-7ede-0bd6-6747d9931453" testName="ETL_catalog_setupExecutionTest" computerName="user1computername" duration="00:00:00.0263272" startTime="2015-04-22T12:50:07.8717130-05:00" endTime="2015-04-22T12:50:07.9007159-05:00" testType="13cdc9d9-ddb5-4fa4-a97d-d965ccfc6d4b" outcome="Inconclusive" testListId="8c84fa94-04c1-424b-9868-57a2d4851a1d" relativeResultsDirectory="e0c9bd6f-e066-49e2-8af0-5b60e74d93de">
      <Output>
        <DebugTrace>Executing test script...
1 batches, 0 ResultSets, 0 rows affected
Validating inconclusiveCondition1
</DebugTrace>
        <ErrorInfo>
          <Message>Assert.Inconclusive failed. </Message>
          <StackTrace>   at Microsoft.Data.Tools.Schema.Sql.UnitTesting.Conditions.InconclusiveCondition.Assert(DbConnection validationConnection, SqlExecutionResult[] results)
   at Microsoft.Data.Tools.Schema.Sql.UnitTesting.ExecutionEngine.EvaluateConditions(DbConnection validationConnection, SqlExecutionResult[] results, Collection`1 conditions)
   at Microsoft.Data.Tools.Schema.Sql.UnitTesting.SqlDatabaseTestService.Execute(ConnectionContext scriptExecutionContext, ConnectionContext privilegedExecutionContext, SqlDatabaseTestAction action, DbParameter[] sqlParameters)
   at test.ETL_catalog_setupExecution_UT.ETL_catalog_setupExecutionTest() in c:\_SourceControl\HLTFS\Tools\HLETLFramework\Dev\HLETLCentral\test\ETL_catalog_setupExecution_UT.cs:line 95
</StackTrace>
        </ErrorInfo>
      </Output>
    </UnitTestResult>
    <UnitTestResult executionId="4f6135da-56eb-4448-9ac5-fc46ff9ba918" testId="495f5289-6273-1a25-278d-33b4c596bffb" testName="ETL_catalog_startExecutionTest" computerName="user1computername" duration="00:00:00.0244612" startTime="2015-04-22T12:50:07.9047163-05:00" endTime="2015-04-22T12:50:07.9317190-05:00" testType="13cdc9d9-ddb5-4fa4-a97d-d965ccfc6d4b" outcome="Inconclusive" testListId="8c84fa94-04c1-424b-9868-57a2d4851a1d" relativeResultsDirectory="4f6135da-56eb-4448-9ac5-fc46ff9ba918">
      <Output>
        <DebugTrace>Executing test script...
1 batches, 1 ResultSets, 1 rows affected
Validating inconclusiveCondition1
</DebugTrace>
        <ErrorInfo>
          <Message>Assert.Inconclusive failed. </Message>
          <StackTrace>   at Microsoft.Data.Tools.Schema.Sql.UnitTesting.Conditions.InconclusiveCondition.Assert(DbConnection validationConnection, SqlExecutionResult[] results)
   at Microsoft.Data.Tools.Schema.Sql.UnitTesting.ExecutionEngine.EvaluateConditions(DbConnection validationConnection, SqlExecutionResult[] results, Collection`1 conditions)
   at Microsoft.Data.Tools.Schema.Sql.UnitTesting.SqlDatabaseTestService.Execute(ConnectionContext scriptExecutionContext, ConnectionContext privilegedExecutionContext, SqlDatabaseTestAction action, DbParameter[] sqlParameters)
   at test.ETL_catalog_startExecution_UT.ETL_catalog_startExecutionTest() in c:\_SourceControl\HLTFS\Tools\HLETLFramework\Dev\HLETLCentral\test\ETL_catalog_startExecution_UT.cs:line 95
</StackTrace>
        </ErrorInfo>
      </Output>
    </UnitTestResult>
    <UnitTestResult executionId="7fdfb1c4-6bd0-40a1-b062-651e04c2098b" testId="7496046b-35ab-f2fe-91c2-89de1f566f38" testName="ETL_framework_logError_ErrorAlreadyExists" computerName="user1computername" duration="00:00:00.1206714" startTime="2015-04-22T12:50:07.9337192-05:00" endTime="2015-04-22T12:50:08.0567315-05:00" testType="13cdc9d9-ddb5-4fa4-a97d-d965ccfc6d4b" outcome="Passed" testListId="8c84fa94-04c1-424b-9868-57a2d4851a1d" relativeResultsDirectory="7fdfb1c4-6bd0-40a1-b062-651e04c2098b">
      <Output>
        <DebugTrace>Executing test initialization script...
1 batches, 0 ResultSets, 0 rows affected
Executing test script...
1 batches, 3 ResultSets, 4 rows affected
Validating errorExists_errorDescription_row1
Validating errorExists_error_insertedByCode_row1
Validating errorExists_error_insertedDate_row1
Validating errorExists_stepInstance_status
Validating errorExists_stepInstance_stepEnd
Validating errorExists_stepInstance_updatedByCode
Validating errorExists_stepInstance_updatedDate
Validating errorExists_jobInstance_status
Validating errorExists_jobInstance_endJob
Validating errorExists_jobInstance_updatedBy
Validating errorExists_jobInstance_updatedDate
Validating errorExists_error_sourceName_row1
Validating errorExists_error_errorNumber_row1
Validating errorExists_errorDescription_row2
Validating errorExists_error_insertedByCode_row2
Validating errorExists_error_insertedDate_row2
Validating errorExists_error_sourceName_row2
Validating errorExists_error_errorNumber_row2
Executing test cleanup script...
1 batches, 0 ResultSets, 0 rows affected
</DebugTrace>
      </Output>
    </UnitTestResult>
    <UnitTestResult executionId="c5da2410-ef20-4bf0-b42a-7d7af9e652d4" testId="429533c6-889a-1a81-0a4c-73ec6cacbf38" testName="ETL_framework_logError_multipleStepInstancesUnderJobInstance" computerName="user1computername" duration="00:00:00.1186086" startTime="2015-04-22T12:50:08.0597318-05:00" endTime="2015-04-22T12:50:08.1807439-05:00" testType="13cdc9d9-ddb5-4fa4-a97d-d965ccfc6d4b" outcome="Passed" testListId="8c84fa94-04c1-424b-9868-57a2d4851a1d" relativeResultsDirectory="c5da2410-ef20-4bf0-b42a-7d7af9e652d4">
      <Output>
        <DebugTrace>Executing test initialization script...
1 batches, 0 ResultSets, 0 rows affected
Executing test script...
1 batches, 3 ResultSets, 3 rows affected
Validating multipleStepInstances_errorDescription
Validating multipleStepInstances_error_insertedByCode
Validating multipleStepInstances_error_insertedDate
Validating multipleStepInstances_stepInstance_status
Validating multipleStepInstances_stepInstance_stepEnd
Validating multipleStepInstances_stepInstance_updatedByCode
Validating multipleStepInstances_stepInstance_updatedDate
Validating multipleStepInstances_jobInstance_status
Validating multipleStepInstances_jobInstance_endJob
Validating multipleStepInstances_jobInstance_updatedByCode
Validating multipleStepInstances_jobInstance_updatedDate
Validating multipleStepInstances_error_errorNumber
Validating multipleStepInstances_error_sourceName
Executing test cleanup script...
1 batches, 0 ResultSets, 0 rows affected
</DebugTrace>
      </Output>
    </UnitTestResult>
    <UnitTestResult executionId="e4e7e1a3-363e-4f2c-9da3-297733606263" testId="0197cd4a-6859-9a60-e9cf-8431f4126d13" testName="ETL_framework_logError_oneStepInstanceUnderJobInstance" computerName="user1computername" duration="00:00:00.1136973" startTime="2015-04-22T12:50:08.1827441-05:00" endTime="2015-04-22T12:50:08.2987557-05:00" testType="13cdc9d9-ddb5-4fa4-a97d-d965ccfc6d4b" outcome="Passed" testListId="8c84fa94-04c1-424b-9868-57a2d4851a1d" relativeResultsDirectory="e4e7e1a3-363e-4f2c-9da3-297733606263">
      <Output>
        <DebugTrace>Executing test initialization script...
1 batches, 0 ResultSets, 0 rows affected
Executing test script...
1 batches, 3 ResultSets, 3 rows affected
Validating oneStepInstance_errorDescription
Validating oneStepInstance_insertedByCode
Validating oneStepInstance_insertedUpdate
Validating oneStepInstance_stepInstance_Status
Validating oneStepInstance_stepInstance_StepEnd
Validating oneStepInstance_stepInstance_UpdatedBy
Validating oneStepInstance_stepInstance_updatedDate
Validating oneStepInstance_jobInstance_status
Validating oneStepInstance_jobInstance_endJob
Validating oneStepInstance_jobInstance_UpdatedBy
Validating oneStepInstance_jobInstance_UpdatedDate
Validating oneStepInstance_errorNumber
Validating oneStepInstance_sourceName
Executing test cleanup script...
1 batches, 0 ResultSets, 0 rows affected
</DebugTrace>
      </Output>
    </UnitTestResult>
    <UnitTestResult executionId="98c3b451-558e-403a-9567-87a911ab7f54" testId="d45fce5b-dc0a-1f28-34a7-5a531984a300" testName="ETL_framework_logMetric_datetime" computerName="user1computername" duration="00:00:00.1624703" startTime="2015-04-22T12:50:08.3017560-05:00" endTime="2015-04-22T12:50:08.4667725-05:00" testType="13cdc9d9-ddb5-4fa4-a97d-d965ccfc6d4b" outcome="Passed" testListId="8c84fa94-04c1-424b-9868-57a2d4851a1d" relativeResultsDirectory="98c3b451-558e-403a-9567-87a911ab7f54">
      <Output>
        <DebugTrace>Executing test initialization script...
1 batches, 0 ResultSets, 0 rows affected
Executing test script...
1 batches, 1 ResultSets, 20 rows affected
Validating datetime_metric1_name
Validating datetime_metric1_intValue
Validating datetime_metric1_stringValue
Validating datetime_metric1_datetimeValue
Validating datetime_metric1_floatValue
Validating datetime_metric1_insertedByCode
Validating datetime_metric1_insertedDate
Validating datetime_metric2_name
Validating datetime_metric2_intValue
Validating datetime_metric2_stringValue
Validating datetime_metric2_datetimeValue
Validating datetime_metric2_floatValue
Validating datetime_metric2_insertedByCode
Validating datetime_metric2_insertedDate
Validating datetime_metric3_name
Validating datetime_metric3_intValue
Validating datetime_metric3_stringValue
Validating datetime_metric3_datetimeValue
Validating datetime_metric3_floatValue
Validating datetime_metric3_insertedByCode
Validating datetime_metric3_insertedDate
Validating datetime_metric4_name
Validating datetime_metric4_intValue
Validating datetime_metric4_stringValue
Validating datetime_metric4_datetimeValue
Validating datetime_metric4_floatValue
Validating datetime_metric4_insertedByCode
Validating datetime_metric4_insertedDate
Validating datetime_metric5_name
Validating datetime_metric5_intValue
Validating datetime_metric5_stringValue
Validating datetime_metric5_datetimeValue
Validating datetime_metric5_floatValue
Validating datetime_metric5_insertedByCode
Validating datetime_metric5_insertedDate
Validating datetime_metric6_name
Validating datetime_metric6_intValue
Validating datetime_metric6_stringValue
Validating datetime_metric6_datetimeValue
Validating datetime_metric6_floatValue
Validating datetime_metric6_insertedByCode
Validating datetime_metric6_insertedDate
Validating datetime_metric7_name
Validating datetime_metric7_intValue
Validating datetime_metric7_stringValue
Validating datetime_metric7_datetimeValue
Validating datetime_metric7_floatValue
Validating datetime_metric7_insertedByCode
Validating datetime_metric7_insertedDate
Validating datetime_metric8_name
Validating datetime_metric8_intValue
Validating datetime_metric8_stringValue
Validating datetime_metric8_datetimeValue
Validating datetime_metric8_floatValue
Validating datetime_metric8_insertedByCode
Validating datetime_metric8_insertedDate
Validating datetime_metric9_name
Validating datetime_metric9_intValue
Validating datetime_metric9_stringValue
Validating datetime_metric9_datetimeValue
Validating datetime_metric9_floatValue
Validating datetime_metric9_insertedByCode
Validating datetime_metric9_insertedDate
Validating datetime_metric10_name
Validating datetime_metric10_intValue
Validating datetime_metric10_stringValue
Validating datetime_metric10_datetimeValue
Validating datetime_metric10_floatValue
Validating datetime_metric10_insertedByCode
Validating datetime_metric10_insertedDate
Executing test cleanup script...
1 batches, 0 ResultSets, 0 rows affected
</DebugTrace>
      </Output>
    </UnitTestResult>
    <UnitTestResult executionId="7ae18c63-a72c-4ff6-a016-3727688a57c7" testId="ed5817c4-ea89-d039-41be-b2f14ed3a0fd" testName="ETL_framework_logMetric_float" computerName="user1computername" duration="00:00:00.1464093" startTime="2015-04-22T12:50:08.4697728-05:00" endTime="2015-04-22T12:50:08.6187877-05:00" testType="13cdc9d9-ddb5-4fa4-a97d-d965ccfc6d4b" outcome="Passed" testListId="8c84fa94-04c1-424b-9868-57a2d4851a1d" relativeResultsDirectory="7ae18c63-a72c-4ff6-a016-3727688a57c7">
      <Output>
        <DebugTrace>Executing test initialization script...
1 batches, 0 ResultSets, 0 rows affected
Executing test script...
1 batches, 1 ResultSets, 20 rows affected
Validating float_metric1_name
Validating float_metric1_intValue
Validating float_metric1_stringValue
Validating float_metric1_datetimeValue
Validating float_metric1_floatValue
Validating float_metric1_insertedByCode
Validating float_metric1_insertedDate
Validating float_metric2_name
Validating float_metric2_intValue
Validating float_metric2_stringValue
Validating float_metric2_datetimeValue
Validating float_metric2_floatValue
Validating float_metric2_insertedByCode
Validating float_metric2_insertedDate
Validating float_metric3_name
Validating float_metric3_intValue
Validating float_metric3_stringValue
Validating float_metric3_datetimeValue
Validating float_metric3_floatValue
Validating float_metric3_insertedByCode
Validating float_metric3_insertedDate
Validating float_metric4_name
Validating float_metric4_intValue
Validating float_metric4_stringValue
Validating float_metric4_datetimeValue
Validating float_metric4_floatValue
Validating float_metric4_insertedByCode
Validating float_metric4_insertedDate
Validating float_metric5_name
Validating float_metric5_intValue
Validating float_metric5_stringValue
Validating float_metric5_datetimeValue
Validating float_metric5_floatValue
Validating float_metric5_insertedByCode
Validating float_metric5_insertedDate
Validating float_metric6_name
Validating float_metric6_intValue
Validating float_metric6_stringValue
Validating float_metric6_datetimeValue
Validating float_metric6_floatValue
Validating float_metric6_insertedByCode
Validating float_metric6_insertedDate
Validating float_metric7_name
Validating float_metric7_intValue
Validating float_metric7_stringValue
Validating float_metric7_datetimeValue
Validating float_metric7_floatValue
Validating float_metric7_insertedByCode
Validating float_metric7_insertedDate
Validating float_metric8_name
Validating float_metric8_intValue
Validating float_metric8_stringValue
Validating float_metric8_datetimeValue
Validating float_metric8_floatValue
Validating float_metric8_insertedByCode
Validating float_metric8_insertedDate
Validating float_metric9_name
Validating float_metric9_intValue
Validating float_metric9_stringValue
Validating float_metric9_datetimeValue
Validating float_metric9_floatValue
Validating float_metric9_insertedByCode
Validating float_metric9_insertedDate
Validating float_metric10_name
Validating float_metric10_intValue
Validating float_metric10_stringValue
Validating float_metric10_datetimeValue
Validating float_metric10_floatValue
Validating float_metric10_insertedByCode
Validating float_metric10_insertedDate
Executing test cleanup script...
1 batches, 0 ResultSets, 0 rows affected
</DebugTrace>
      </Output>
    </UnitTestResult>
    <UnitTestResult executionId="ec36f79a-aaa9-477a-9ffa-49c2e0e0a24d" testId="5a893c7c-d985-0681-a71e-63b64e0befd9" testName="ETL_framework_logMetric_int" computerName="user1computername" duration="00:00:00.1439702" startTime="2015-04-22T12:50:08.6227881-05:00" endTime="2015-04-22T12:50:08.7678026-05:00" testType="13cdc9d9-ddb5-4fa4-a97d-d965ccfc6d4b" outcome="Passed" testListId="8c84fa94-04c1-424b-9868-57a2d4851a1d" relativeResultsDirectory="ec36f79a-aaa9-477a-9ffa-49c2e0e0a24d">
      <Output>
        <DebugTrace>Executing test initialization script...
1 batches, 0 ResultSets, 0 rows affected
Executing test script...
1 batches, 1 ResultSets, 20 rows affected
Validating int_metric1_name
Validating int_metric1_intValue
Validating int_metric1_stringValue
Validating int_metric1_datetimeValue
Validating int_metric1_floatValue
Validating int_metric1_insertedByCode
Validating int_metric1_insertedDate
Validating int_metric2_name
Validating int_metric2_intValue
Validating int_metric2_stringValue
Validating int_metric2_datetimeValue
Validating int_metric2_floatValue
Validating int_metric2_insertedByCode
Validating int_metric2_insertedDate
Validating int_metric3_name
Validating int_metric3_intValue
Validating int_metric3_stringValue
Validating int_metric3_datetimeValue
Validating int_metric3_floatValue
Validating int_metric3_insertedByCode
Validating int_metric3_insertedDate
Validating int_metric4_name
Validating int_metric4_intValue
Validating int_metric4_stringValue
Validating int_metric4_datetimeValue
Validating int_metric4_floatValue
Validating int_metric4_insertedByCode
Validating int_metric4_insertedDate
Validating int_metric5_name
Validating int_metric5_intValue
Validating int_metric5_stringValue
Validating int_metric5_datetimeValue
Validating int_metric5_floatValue
Validating int_metric5_insertedByCode
Validating int_metric5_insertedDate
Validating int_metric6_name
Validating int_metric6_intValue
Validating int_metric6_stringValue
Validating int_metric6_datetimeValue
Validating int_metric6_floatValue
Validating int_metric6_insertedByCode
Validating int_metric6_insertedDate
Validating int_metric7_name
Validating int_metric7_intValue
Validating int_metric7_stringValue
Validating int_metric7_datetimeValue
Validating int_metric7_floatValue
Validating int_metric7_insertedByCode
Validating int_metric7_insertedDate
Validating int_metric8_name
Validating int_metric8_intValue
Validating int_metric8_stringValue
Validating int_metric8_datetimeValue
Validating int_metric8_floatValue
Validating int_metric8_insertedByCode
Validating int_metric8_insertedDate
Validating int_metric9_name
Validating int_metric9_intValue
Validating int_metric9_stringValue
Validating int_metric9_datetimeValue
Validating int_metric9_floatValue
Validating int_metric9_insertedByCode
Validating int_metric9_insertedDate
Validating int_metric10_name
Validating int_metric10_intValue
Validating int_metric10_stringValue
Validating int_metric10_datetimeValue
Validating int_metric10_floatValue
Validating int_metric10_insertedByCode
Validating int_metric10_insertedDate
Executing test cleanup script...
1 batches, 0 ResultSets, 0 rows affected
</DebugTrace>
      </Output>
    </UnitTestResult>
    <UnitTestResult executionId="2baa30db-04d4-4b4c-93ac-df9084a2b279" testId="56b3f25d-4957-0421-52be-40b531c3922e" testName="ETL_framework_logMetric_noStepDefinitionExists" computerName="user1computername" duration="00:00:00.1111595" startTime="2015-04-22T12:50:08.7708029-05:00" endTime="2015-04-22T12:50:08.8848143-05:00" testType="13cdc9d9-ddb5-4fa4-a97d-d965ccfc6d4b" outcome="Passed" testListId="8c84fa94-04c1-424b-9868-57a2d4851a1d" relativeResultsDirectory="2baa30db-04d4-4b4c-93ac-df9084a2b279">
      <Output>
        <DebugTrace>Executing test initialization script...
1 batches, 0 ResultSets, 0 rows affected
Executing test script...
1 batches, 1 ResultSets, 2 rows affected
Validating noStepDefExists_DataChecksum
Executing test cleanup script...
1 batches, 0 ResultSets, 0 rows affected
</DebugTrace>
      </Output>
    </UnitTestResult>
    <UnitTestResult executionId="5fbed8db-e18b-42dc-adab-92d4f6a12ec5" testId="f5456611-213c-a391-aa05-f02ffd1ab625" testName="ETL_framework_logMetric_string" computerName="user1computername" duration="00:00:00.1276638" startTime="2015-04-22T12:50:08.8868145-05:00" endTime="2015-04-22T12:50:09.0168275-05:00" testType="13cdc9d9-ddb5-4fa4-a97d-d965ccfc6d4b" outcome="Passed" testListId="8c84fa94-04c1-424b-9868-57a2d4851a1d" relativeResultsDirectory="5fbed8db-e18b-42dc-adab-92d4f6a12ec5">
      <Output>
        <DebugTrace>Executing test initialization script...
1 batches, 0 ResultSets, 0 rows affected
Executing test script...
1 batches, 1 ResultSets, 20 rows affected
Validating string_metric1_name
Validating string_metric1_intValue
Validating string_metric1_stringValue
Validating string_metric1_datetimeValue
Validating string_metric1_floatValue
Validating string_metric1_insertedByCode
Validating string_metric1_insertedDate
Validating string_metric2_name
Validating string_metric2_intValue
Validating string_metric2_stringValue
Validating string_metric2_datetimeValue
Validating string_metric2_floatValue
Validating string_metric2_insertedByCode
Validating string_metric2_insertedDate
Validating string_metric3_name
Validating string_metric3_intValue
Validating string_metric3_stringValue
Validating string_metric3_datetimeValue
Validating string_metric3_floatValue
Validating string_metric3_insertedByCode
Validating string_metric3_insertedDate
Validating string_metric4_name
Validating string_metric4_intValue
Validating string_metric4_stringValue
Validating string_metric4_datetimeValue
Validating string_metric4_floatValue
Validating string_metric4_insertedByCode
Validating string_metric4_insertedDate
Validating string_metric5_name
Validating string_metric5_intValue
Validating string_metric5_stringValue
Validating string_metric5_datetimeValue
Validating string_metric5_floatValue
Validating string_metric5_insertedByCode
Validating string_metric5_insertedDate
Validating string_metric6_name
Validating string_metric6_intValue
Validating string_metric6_stringValue
Validating string_metric6_datetimeValue
Validating string_metric6_floatValue
Validating string_metric6_insertedByCode
Validating string_metric6_insertedDate
Validating string_metric7_name
Validating string_metric7_intValue
Validating string_metric7_stringValue
Validating string_metric7_datetimeValue
Validating string_metric7_floatValue
Validating string_metric7_insertedByCode
Validating string_metric7_insertedDate
Validating string_metric8_name
Validating string_metric8_intValue
Validating string_metric8_stringValue
Validating string_metric8_datetimeValue
Validating string_metric8_floatValue
Validating string_metric8_insertedByCode
Validating string_metric8_insertedDate
Validating string_metric9_name
Validating string_metric9_intValue
Validating string_metric9_stringValue
Validating string_metric9_datetimeValue
Validating string_metric9_floatValue
Validating string_metric9_insertedByCode
Validating string_metric9_insertedDate
Validating string_metric10_name
Validating string_metric10_intValue
Validating string_metric10_stringValue
Validating string_metric10_datetimeValue
Validating string_metric10_floatValue
Validating string_metric10_insertedByCode
Validating string_metric10_insertedDate
Executing test cleanup script...
1 batches, 0 ResultSets, 0 rows affected
</DebugTrace>
      </Output>
    </UnitTestResult>
    <UnitTestResult executionId="1a1dc4cb-5842-410a-9c19-110660449595" testId="c5bf1c58-67d2-5650-bf39-81aa9e726a39" testName="ETL_framework_logMetric_withStepDefinition" computerName="user1computername" duration="00:00:00.1133385" startTime="2015-04-22T12:50:09.0188277-05:00" endTime="2015-04-22T12:50:09.1348393-05:00" testType="13cdc9d9-ddb5-4fa4-a97d-d965ccfc6d4b" outcome="Passed" testListId="8c84fa94-04c1-424b-9868-57a2d4851a1d" relativeResultsDirectory="1a1dc4cb-5842-410a-9c19-110660449595">
      <Output>
        <DebugTrace>Executing test initialization script...
1 batches, 0 ResultSets, 0 rows affected
Executing test script...
1 batches, 1 ResultSets, 2 rows affected
Validating withStepDefinition_stepInstanceId
Validating withStepDefinition_stepDefinitionId
Validating withStepDefinition_ExecutableName
Validating withStepDefinition_metricName
Validating withStepDefinition_Value
Validating withStepDefinition_stringValue
Validating withStepDefinition_datetimeValue
Validating withStepDefinition_floatValue
Validating withStepDefinition_insertedByCode
Validating withStepDefinition_insertedDate
Executing test cleanup script...
1 batches, 0 ResultSets, 0 rows affected
</DebugTrace>
      </Output>
    </UnitTestResult>
    <UnitTestResult executionId="faefb4f8-afae-4432-8e64-99526c5a996d" testId="262b6dc4-7ce2-8274-8f6e-a7c26aa4935b" testName="ETL_framework_packageEnd_AllErrors" computerName="user1computername" duration="00:00:00.1529003" startTime="2015-04-22T12:50:09.1368395-05:00" endTime="2015-04-22T12:50:09.2918550-05:00" testType="13cdc9d9-ddb5-4fa4-a97d-d965ccfc6d4b" outcome="Passed" testListId="8c84fa94-04c1-424b-9868-57a2d4851a1d" relativeResultsDirectory="faefb4f8-afae-4432-8e64-99526c5a996d">
      <Output>
        <DebugTrace>Executing test initialization script...
1 batches, 0 ResultSets, 0 rows affected
Executing test script...
1 batches, 2 ResultSets, 2 rows affected
Validating allErrors_stepInstance_status
Validating allErrors_stepInstance_stepEnd
Validating allErrors_stepInstance_UpdatedBy
Validating allErrors_stepInstance_UpdatedDate
Validating allErrors_jobInstance_status
Validating allErrors_jobInstance_EndJob
Validating allErrors_jobInstance_UpdatedBy
Validating allErrors_jobInstance_UpdatedDate
Validating allErrors_jobInstance_RowCount
Validating allErrors_stepInstance_rowCount
Executing test cleanup script...
1 batches, 0 ResultSets, 0 rows affected
</DebugTrace>
      </Output>
    </UnitTestResult>
    <UnitTestResult executionId="3d799309-94d6-47b1-80d2-ee15c1e5afa8" testId="801822bd-ded4-6443-ff1f-35484d14985c" testName="ETL_framework_packageEnd_AllSuccess" computerName="user1computername" duration="00:00:00.1218663" startTime="2015-04-22T12:50:09.2948553-05:00" endTime="2015-04-22T12:50:09.4188677-05:00" testType="13cdc9d9-ddb5-4fa4-a97d-d965ccfc6d4b" outcome="Passed" testListId="8c84fa94-04c1-424b-9868-57a2d4851a1d" relativeResultsDirectory="3d799309-94d6-47b1-80d2-ee15c1e5afa8">
      <Output>
        <DebugTrace>Executing test initialization script...
1 batches, 0 ResultSets, 0 rows affected
Executing test script...
1 batches, 2 ResultSets, 2 rows affected
Validating allSuccess_stepInstance_Status
Validating allSuccess_stepInstance_stepEnd
Validating allSuccess_stepInstance_updatedBy
Validating allSuccess_stepInstance_UpdatedDate
Validating allSuccess_jobInstance_status
Validating allSuccess_jobInstance_endJob
Validating allSuccess_jobInstance_UpdatedBy
Validating allSuccess_jobInstance_UpdatedDate
Executing test cleanup script...
1 batches, 0 ResultSets, 0 rows affected
</DebugTrace>
      </Output>
    </UnitTestResult>
    <UnitTestResult executionId="0a5522c5-ce2e-45ec-8950-31264b129e81" testId="9eb10f15-2049-b2ed-335f-7b8fdece835b" testName="ETL_framework_packageEnd_Child_withRunningSteps" computerName="user1computername" duration="00:00:00.1297744" startTime="2015-04-22T12:50:09.4228681-05:00" endTime="2015-04-22T12:50:09.5548813-05:00" testType="13cdc9d9-ddb5-4fa4-a97d-d965ccfc6d4b" outcome="Passed" testListId="8c84fa94-04c1-424b-9868-57a2d4851a1d" relativeResultsDirectory="0a5522c5-ce2e-45ec-8950-31264b129e81">
      <Output>
        <DebugTrace>Executing test initialization script...
1 batches, 0 ResultSets, 0 rows affected
Executing test script...
1 batches, 3 ResultSets, 12 rows affected
Validating child_withRunningSteps_DataChecksum
Executing test cleanup script...
1 batches, 0 ResultSets, 0 rows affected
</DebugTrace>
      </Output>
    </UnitTestResult>
    <UnitTestResult executionId="363a7738-f277-43ba-9b83-f33cd91c4c7f" testId="91d23019-ac33-ed09-a83f-69051ffb8653" testName="ETL_framework_packageEnd_Grandchild_Success" computerName="user1computername" duration="00:00:00.1173162" startTime="2015-04-22T12:50:09.5568815-05:00" endTime="2015-04-22T12:50:09.6768935-05:00" testType="13cdc9d9-ddb5-4fa4-a97d-d965ccfc6d4b" outcome="Passed" testListId="8c84fa94-04c1-424b-9868-57a2d4851a1d" relativeResultsDirectory="363a7738-f277-43ba-9b83-f33cd91c4c7f">
      <Output>
        <DebugTrace>Executing test initialization script...
1 batches, 0 ResultSets, 0 rows affected
Executing test script...
1 batches, 2 ResultSets, 5 rows affected
Validating grandchild_Success_DataChecksumValidation
Executing test cleanup script...
1 batches, 0 ResultSets, 0 rows affected
</DebugTrace>
      </Output>
    </UnitTestResult>
    <UnitTestResult executionId="0d112f46-70bf-471d-bb97-f5d41026aa5f" testId="1b06a454-da2c-fe80-b8ed-b19a93a0b3b7" testName="ETL_framework_packageEnd_parent_WithRunningChildandGrandChild" computerName="user1computername" duration="00:00:00.1419587" startTime="2015-04-22T12:50:09.6798938-05:00" endTime="2015-04-22T12:50:09.8229081-05:00" testType="13cdc9d9-ddb5-4fa4-a97d-d965ccfc6d4b" outcome="Passed" testListId="8c84fa94-04c1-424b-9868-57a2d4851a1d" relativeResultsDirectory="0d112f46-70bf-471d-bb97-f5d41026aa5f">
      <Output>
        <DebugTrace>Executing test initialization script...
1 batches, 0 ResultSets, 0 rows affected
Executing test script...
1 batches, 2 ResultSets, 11 rows affected
Validating parent_withRunningChildrenAndGrandchildren_dataChecksum
Executing test cleanup script...
1 batches, 0 ResultSets, 0 rows affected
</DebugTrace>
      </Output>
    </UnitTestResult>
    <UnitTestResult executionId="59715291-56bb-4f90-b1d5-4d4d95a3472c" testId="ad4bbaae-315b-da70-514b-85d1156a3a46" testName="ETL_framework_packageEnd_RunningSteps" computerName="user1computername" duration="00:00:00.1554211" startTime="2015-04-22T12:50:09.8269085-05:00" endTime="2015-04-22T12:50:09.9849243-05:00" testType="13cdc9d9-ddb5-4fa4-a97d-d965ccfc6d4b" outcome="Passed" testListId="8c84fa94-04c1-424b-9868-57a2d4851a1d" relativeResultsDirectory="59715291-56bb-4f90-b1d5-4d4d95a3472c">
      <Output>
        <DebugTrace>Executing test initialization script...
1 batches, 0 ResultSets, 0 rows affected
Executing test script...
1 batches, 3 ResultSets, 13 rows affected
Validating runningSteps_stepInstance_parent_status
Validating runningSteps_stepInstance_parent_stepEnd
Validating runningSteps_stepInstance_parent_UpdatedBy
Validating runningSteps_stepInstance_parent_UpdatedDate
Validating runningSteps_stepInstance_child1_status
Validating runningSteps_stepInstance_child1_stepEnd
Validating runningSteps_stepInstance_child1_UpdatedBy
Validating runningSteps_stepInstance_child1_UpdatedDate
Validating runningSteps_stepInstance_child2_status
Validating runningSteps_stepInstance_child2_stepEnd
Validating runningSteps_stepInstance_child2_updatedBY
Validating runningSteps_stepInstance_child2_UpdatedDate
Validating runningSteps_jobInstance_parent_status
Validating runningSteps_jobInstance_parent_endJob
Validating runningSteps_jobInstance_parent_UpdatedBy
Validating runningSteps_jobInstance_parent_UpdatedDate
Validating runningSteps_jobInstance_child1_status
Validating runningSteps_jobInstance_child1_endJob
Validating runningSteps_jobInstance_child1_UpdatedBy
Validating runningSteps_jobInstance_child1_UpdatedDate
Validating runningSteps_jobInstance_child2_status
Validating runningSteps_jobInstance_child2_endJob
Validating runningSteps_jobInstance_child2_UpdatedBy
Validating runningSteps_jobInstance_child2_UpdatedDate
Validating runningSteps_stepError_description
Validating runningSteps_stepError_insertedBy
Validating runningSteps_stepError_insertedDate
Executing test cleanup script...
1 batches, 0 ResultSets, 0 rows affected
</DebugTrace>
      </Output>
    </UnitTestResult>
    <UnitTestResult executionId="3fc91338-9148-45e9-8547-463435fe3d15" testId="08ceb4b1-0002-271d-d504-d5ca42d0971d" testName="ETL_framework_packageStart_Child_DifferentProjectIdFromParent" computerName="user1computername" duration="00:00:00.1416520" startTime="2015-04-22T12:50:09.9889247-05:00" endTime="2015-04-22T12:50:10.1329391-05:00" testType="13cdc9d9-ddb5-4fa4-a97d-d965ccfc6d4b" outcome="Passed" testListId="8c84fa94-04c1-424b-9868-57a2d4851a1d" relativeResultsDirectory="3fc91338-9148-45e9-8547-463435fe3d15">
      <Output>
        <DebugTrace>Executing test initialization script...
1 batches, 0 ResultSets, 0 rows affected
Executing test script...
1 batches, 3 ResultSets, 6 rows affected
Validating child_DiffProjectFromParent_RSNotEmpty_packageLogId
Validating child_DiffProjectFromParent_RSNotEmpty_stepInstance
Validating child_DiffProjectFromParent_RSNotEmpty_jobInstance
Validating child_DiffProjectFromParent_checkPackageLogId
Validating child_DiffProjectFromParent_RSNotEmpty_dataChecksum
Executing test cleanup script...
1 batches, 0 ResultSets, 0 rows affected
</DebugTrace>
      </Output>
    </UnitTestResult>
    <UnitTestResult executionId="7e75dbd4-5bc2-4064-8811-bd6240bc59d0" testId="cb3e4b13-64bf-124b-fff7-5819d9039fbf" testName="ETL_framework_packageStart_Child_ProjectSpecificParent_NoProjectId" computerName="user1computername" duration="00:00:00.1188292" startTime="2015-04-22T12:50:10.1369395-05:00" endTime="2015-04-22T12:50:10.2579516-05:00" testType="13cdc9d9-ddb5-4fa4-a97d-d965ccfc6d4b" outcome="Passed" testListId="8c84fa94-04c1-424b-9868-57a2d4851a1d" relativeResultsDirectory="7e75dbd4-5bc2-4064-8811-bd6240bc59d0">
      <Output>
        <DebugTrace>Executing test initialization script...
1 batches, 0 ResultSets, 0 rows affected
Executing test script...
1 batches, 3 ResultSets, 5 rows affected
Validating child_ProjectSpecificParent_noProjectId_RSNotEmpty_packageLogId
Validating child_ProjectSpecificParent_noProjectId_RSNotEmpty_stepInstances
Validating child_ProjectSpecificParent_noProjectId_RSNotEmpty_jobInstance
Validating child_ProjectSpecificParent_noProjectId_packageLogIdTest
Validating child_ProjectSpecificParent_noProjectId_DataChecksum
Executing test cleanup script...
1 batches, 0 ResultSets, 0 rows affected
</DebugTrace>
      </Output>
    </UnitTestResult>
    <UnitTestResult executionId="bd1a1e76-fdfb-473f-9dea-b6804091e945" testId="f0d05b35-9817-32a9-2e13-20b94845c829" testName="ETL_framework_packageStart_Child_ProjectSpecificParent_projectIdInStage_NoProjectId" computerName="user1computername" duration="00:00:00.1175376" startTime="2015-04-22T12:50:10.2619520-05:00" endTime="2015-04-22T12:50:10.3809639-05:00" testType="13cdc9d9-ddb5-4fa4-a97d-d965ccfc6d4b" outcome="Passed" testListId="8c84fa94-04c1-424b-9868-57a2d4851a1d" relativeResultsDirectory="bd1a1e76-fdfb-473f-9dea-b6804091e945">
      <Output>
        <DebugTrace>Executing test initialization script...
1 batches, 0 ResultSets, 0 rows affected
Executing test script...
1 batches, 3 ResultSets, 7 rows affected
Validating child_projectSpecificParent_projectIdInStage_NoProjectId_RSNotEmpty_packageLogId
Validating child_projectSpecificParent_projectIdInStage_NoProjectId_RSNotEmpty_stepInstances
Validating child_projectSpecificParent_projectIdInStage_NoProjectId_RSNotEmpty_jobInstance
Validating child_projectSpecificParent_projectIdInStage_NoProjectId_PackageLogId
Validating child_projectSpecificParent_projectIdInStage_NoProjectId_DataCheckSum
Executing test cleanup script...
1 batches, 0 ResultSets, 0 rows affected
</DebugTrace>
      </Output>
    </UnitTestResult>
    <UnitTestResult executionId="1f524863-534f-4eb2-a86f-44a915e57aa9" testId="745d998e-fa62-61a8-f680-7a63fae5b83d" testName="ETL_framework_packageStart_Child_UseExistingJob" computerName="user1computername" duration="00:00:00.3626314" startTime="2015-04-22T12:50:10.3839642-05:00" endTime="2015-04-22T12:50:10.7490007-05:00" testType="13cdc9d9-ddb5-4fa4-a97d-d965ccfc6d4b" outcome="Passed" testListId="8c84fa94-04c1-424b-9868-57a2d4851a1d" relativeResultsDirectory="1f524863-534f-4eb2-a86f-44a915e57aa9">
      <Output>
        <DebugTrace>Executing test initialization script...
1 batches, 0 ResultSets, 0 rows affected
Executing test script...
1 batches, 4 ResultSets, 6 rows affected
Validating Child_UseExistingJob_RSNotEmpty_packageLogId
Validating Child_UseExistingJob_RSNotEmpty_StepInstances
Validating Child_UseExistingJob_RSNotEmpty_jobInstance
Validating Child_UseExistingJob_RSNotEmpty_job
Validating Child_UseExistingJob_CheckPackageLogId
Validating Child_UseExistingJob_DataChecksumValidation
Executing test cleanup script...
1 batches, 0 ResultSets, 0 rows affected
</DebugTrace>
      </Output>
    </UnitTestResult>
    <UnitTestResult executionId="0646d206-22c9-4013-b736-b5d474aaf38c" testId="3613974a-5faf-789a-cc42-10ca0752bc87" testName="ETL_framework_packageStart_Child_UseExistingStep" computerName="user1computername" duration="00:00:00.1224888" startTime="2015-04-22T12:50:10.7530011-05:00" endTime="2015-04-22T12:50:10.8780136-05:00" testType="13cdc9d9-ddb5-4fa4-a97d-d965ccfc6d4b" outcome="Passed" testListId="8c84fa94-04c1-424b-9868-57a2d4851a1d" relativeResultsDirectory="0646d206-22c9-4013-b736-b5d474aaf38c">
      <Output>
        <DebugTrace>Executing test initialization script...
1 batches, 0 ResultSets, 0 rows affected
Executing test script...
1 batches, 4 ResultSets, 6 rows affected
Validating Child_UseExistingStep_RSNotEmpty_PackageLogId
Validating Child_UseExistingStep_RSNotEmpty_StepInstances
Validating Child_UseExistingStep_RSNotEmpty_jobInstance
Validating Child_UseExistingStep_RSNotEmpty_Job
Validating Child_UseExistingStep_PackageLogId
Validating Child_UseExistingStep_DataChecksum
Executing test cleanup script...
1 batches, 0 ResultSets, 0 rows affected
</DebugTrace>
      </Output>
    </UnitTestResult>
    <UnitTestResult executionId="040093bb-17a7-4d63-9ecd-6b9f5296c3b0" testId="d0eee0b6-a52b-c3a9-36f4-862ccae794c3" testName="ETL_framework_packageStart_ControllerStarted" computerName="user1computername" duration="00:00:00.1169163" startTime="2015-04-22T12:50:10.8810139-05:00" endTime="2015-04-22T12:50:11.0010259-05:00" testType="13cdc9d9-ddb5-4fa4-a97d-d965ccfc6d4b" outcome="Passed" testListId="8c84fa94-04c1-424b-9868-57a2d4851a1d" relativeResultsDirectory="040093bb-17a7-4d63-9ecd-6b9f5296c3b0">
      <Output>
        <DebugTrace>Executing test initialization script...
1 batches, 0 ResultSets, 0 rows affected
Executing test script...
1 batches, 1 ResultSets, 1 rows affected
Validating controllerStarted_stepInstanceId
Executing test cleanup script...
1 batches, 0 ResultSets, 0 rows affected
</DebugTrace>
      </Output>
    </UnitTestResult>
    <UnitTestResult executionId="9a900a80-a667-4426-bebc-23e4e51404f5" testId="4b705ab7-0ad7-ef3d-f432-a05bbbb25254" testName="ETL_framework_packageStart_Debugging_Child_InsertStep" computerName="user1computername" duration="00:00:00.1341757" startTime="2015-04-22T12:50:11.0040262-05:00" endTime="2015-04-22T12:50:11.1410399-05:00" testType="13cdc9d9-ddb5-4fa4-a97d-d965ccfc6d4b" outcome="Passed" testListId="8c84fa94-04c1-424b-9868-57a2d4851a1d" relativeResultsDirectory="9a900a80-a667-4426-bebc-23e4e51404f5">
      <Output>
        <DebugTrace>Executing test initialization script...
1 batches, 0 ResultSets, 0 rows affected
Executing test script...
1 batches, 4 ResultSets, 7 rows affected
Validating debug_child_InsertStep_PackageLogId
Validating debug_child_InsertStep_stepInstance_stepId
Validating debug_child_InsertStep_stepInstance_jobInstance
Validating debug_child_InsertStep_stepInstance_WorkerId
Validating debug_child_InsertStep_stepInstance_catalogExeId
Validating debug_child_InsertStep_stepInstance_Status
Validating debug_child_InsertStep_stepInstance_controller
Validating debug_child_InsertStep_stepInstance_stepStart
Validating debug_child_InsertStep_stepInstance_stepEnd
Validating debug_child_InsertStep_stepInstance_parentStepInstance
Validating debug_child_InsertStep_stepInstance_insertedBy
Validating debug_child_InsertStep_stepInstance_InsertedDate
Validating debug_child_InsertStep_stepInstance_updatedBy
Validating debug_child_InsertStep_stepInstance_updatedDate
Validating debug_child_InsertStep_step_Id
Validating debug_child_InsertStep_step_stepName
Validating debug_child_InsertStep_step_InsertedBy
Validating debug_child_InsertStep_step_InsertedDate
Validating debug_child_InsertStep_step_UpdatedDate
Validating debug_child_InsertStep_step_updatedBy
Validating debug_child_InsertStep_stepInstanceComb_Row1_Id
Validating debug_child_InsertStep_stepInstanceComb_Row2_Id
Validating debug_child_InsertStep_stepInstanceComb_Row1_stepId
Validating debug_child_InsertStep_stepInstanceComb_Row2_stepId
Validating debug_child_InsertStep_stepInstanceComb_Row1_jobInstanceId
Validating debug_child_InsertStep_stepInstanceComb_Row2_jobInstanceId
Validating debug_child_InsertStep_stepInstanceComb_Row1_status
Validating debug_child_InsertStep_stepInstanceComb_Row2_status
Validating debug_child_InsertStep_stepInstanceComb_Row1_parentStepInstanceId
Validating debug_child_InsertStep_stepInstanceComb_Row2_parentStepInstance
Executing test cleanup script...
1 batches, 0 ResultSets, 0 rows affected
</DebugTrace>
      </Output>
    </UnitTestResult>
    <UnitTestResult executionId="62db8e4e-98fa-4be9-a45f-4d36a1e294cd" testId="2b39dff0-fd84-6237-3051-25d86a3a2610" testName="ETL_framework_packageStart_Debugging_Child_UseExistingStep" computerName="user1computername" duration="00:00:00.1333452" startTime="2015-04-22T12:50:11.1430401-05:00" endTime="2015-04-22T12:50:11.2780536-05:00" testType="13cdc9d9-ddb5-4fa4-a97d-d965ccfc6d4b" outcome="Passed" testListId="8c84fa94-04c1-424b-9868-57a2d4851a1d" relativeResultsDirectory="62db8e4e-98fa-4be9-a45f-4d36a1e294cd">
      <Output>
        <DebugTrace>Executing test initialization script...
1 batches, 0 ResultSets, 0 rows affected
Executing test script...
1 batches, 2 ResultSets, 4 rows affected
Validating debug_existingStep_child_packageLogId
Validating debug_existingStep_child_stepInstance_Row1_Id
Validating debug_existingStep_child_stepInstance_Row2_Id
Validating debug_existingStep_child_stepInstance_Row1_stepId
Validating debug_existingStep_child_stepInstance_Row2_stepId
Validating debug_existingStep_child_stepInstance_Row1_jobInstanceId
Validating debug_existingStep_child_stepInstance_Row2_jobInstanceId
Validating debug_existingStep_child_stepInstance_Row1_workerId
Validating debug_existingStep_child_stepInstance_Row2_workerId
Validating debug_existingStep_child_stepInstance_Row1_catalogExeId
Validating debug_existingStep_child_stepInstance_Row2_catalogExeId
Validating debug_existingStep_child_stepInstance_Row1_status
Validating debug_existingStep_child_stepInstance_Row2_status
Validating debug_existingStep_child_stepInstance_Row1_controller
Validating debug_existingStep_child_stepInstance_Row2_Controller
Validating debug_existingStep_child_stepInstance_Row1_stepStart
Validating debug_existingStep_child_stepInstance_Row2_stepStart
Validating debug_existingStep_child_stepInstance_Row1_stepEnd
Validating debug_existingStep_child_stepInstance_Row2_stepEnd
Validating debug_existingStep_child_stepInstance_Row1_parentStepInstance
Validating debug_existingStep_child_stepInstance_Row2_parentStepInstance
Validating debug_existingStep_child_stepInstance_Row1_insertedBy
Validating debug_existingStep_child_stepInstance_Row2_insertedBy
Validating debug_existingStep_child_stepInstance_Row1_InsertedDate
Validating debug_existingStep_child_stepInstance_Row2_insertedDate
Validating debug_existingStep_child_stepInstance_Row1_UpdatedBy
Validating debug_existingStep_child_stepInstance_Row2_UpdatedBy
Validating debug_existingStep_child_stepInstance_Row1_UpdatedDate
Validating debug_existingStep_child_stepInstance_Row2_updatedDate
Executing test cleanup script...
1 batches, 0 ResultSets, 0 rows affected
</DebugTrace>
      </Output>
    </UnitTestResult>
    <UnitTestResult executionId="7e27f0e7-f2cc-40ee-baca-f251136ff6b2" testId="c44a468a-675b-ffc9-8378-22ffbaf4ae42" testName="ETL_framework_packageStart_Debugging_InsertStep" computerName="user1computername" duration="00:00:00.1287805" startTime="2015-04-22T12:50:11.2820540-05:00" endTime="2015-04-22T12:50:11.4130671-05:00" testType="13cdc9d9-ddb5-4fa4-a97d-d965ccfc6d4b" outcome="Passed" testListId="8c84fa94-04c1-424b-9868-57a2d4851a1d" relativeResultsDirectory="7e27f0e7-f2cc-40ee-baca-f251136ff6b2">
      <Output>
        <DebugTrace>Executing test initialization script...
1 batches, 0 ResultSets, 0 rows affected
Executing test script...
1 batches, 3 ResultSets, 6 rows affected
Validating debug_insertStep_checkLogId
Validating debug_insertStep_stepInstance_stepId
Validating debug_insertStep_stepInstance_jobInstanceId
Validating debug_insertStep_stepInstance_WorkerId
Validating debug_insertStep_stepInstance_CatalogExecutionId
Validating debug_insertStep_stepInstance_status
Validating debug_insertStep_stepInstance_controller
Validating debug_insertStep_stepInstance_stepStart
Validating debug_insertStep_stepInstance_stepEnd
Validating debug_insertStep_stepInstance_parentStepId
Validating debug_insertStep_stepInstance_InsertedBy
Validating debug_insertStep_stepInstance_InsertedDate
Validating debug_insertStep_stepInstance_UpdatedBy
Validating debug_insertStep_stepInstance_UpdatedDate
Validating debug_insertStep_jobInstance_Id
Validating debug_insertStep_jobInstance_JobId
Validating debug_insertStep_jobInstance_ProjectId
Validating debug_insertStep_jobInstance_status
Validating debug_insertStep_jobInstance_controller
Validating debug_insertStep_jobInstance_beginJob
Validating debug_insertStep_jobInstance_endJob
Validating debug_insertStep_jobInstance_parentJobInstanceId
Validating debug_insertStep_jobInstance_InsertedBy
Validating debug_insertStep_jobInstance_InsertedDate
Validating debug_insertStep_jobInstance_UpdatedBy
Validating debug_insertStep_jobInstance_updatedDate
Executing test cleanup script...
1 batches, 0 ResultSets, 0 rows affected
</DebugTrace>
      </Output>
    </UnitTestResult>
    <UnitTestResult executionId="d4a26635-8320-48ba-9bab-e513b90738a4" testId="57f7a741-d962-9806-3e0d-00934660bfe4" testName="ETL_framework_packageStart_Debugging_UseExistingStep" computerName="user1computername" duration="00:00:00.1268921" startTime="2015-04-22T12:50:11.4160674-05:00" endTime="2015-04-22T12:50:11.5450803-05:00" testType="13cdc9d9-ddb5-4fa4-a97d-d965ccfc6d4b" outcome="Passed" testListId="8c84fa94-04c1-424b-9868-57a2d4851a1d" relativeResultsDirectory="d4a26635-8320-48ba-9bab-e513b90738a4">
      <Output>
        <DebugTrace>Executing test initialization script...
1 batches, 0 ResultSets, 0 rows affected
Executing test script...
1 batches, 3 ResultSets, 5 rows affected
Validating debug_UseExistingStep_checkLogId
Validating debug_UseExistingStep_stepInstance_stepId
Validating debug_UseExistingStep_stepInstance_jobInstanceId
Validating debug_UseExistingStep_stepInstance_WorkerId
Validating debug_UseExistingStep_stepInstance_CatalogExecutionId
Validating debug_UseExistingStep_stepInstance_status
Validating debug_UseExistingStep_stepInstance_controller
Validating debug_UseExistingStep_stepInstance_stepStart
Validating debug_UseExistingStep_stepInstance_stepEnd
Validating debug_UseExistingStep_stepInstance_parentStepId
Validating debug_UseExistingStep_stepInstance_InsertedBy
Validating debug_UseExistingStep_stepInstance_InsertedDate
Validating debug_UseExistingStep_stepInstance_UpdatedBy
Validating debug_UseExistingStep_stepInstance_UpdatedDate
Validating debug_UseExistingStep_jobInstance_Id
Validating debug_UseExistingStep_jobInstance_JobId
Validating debug_UseExistingStep_jobInstance_ProjectId
Validating debug_UseExistingStep_jobInstance_status
Validating debug_UseExistingStep_jobInstance_controller
Validating debug_UseExistingStep_jobInstance_beginJob
Validating debug_UseExistingStep_jobInstance_endJob
Validating debug_UseExistingStep_jobInstance_parentJobInstanceId
Validating debug_UseExistingStep_jobInstance_InsertedBy
Validating debug_UseExistingStep_jobInstance_InsertedDate
Validating debug_UseExistingStep_jobInstance_UpdatedBy
Validating debug_UseExistingStep_jobInstance_updatedDate
Executing test cleanup script...
1 batches, 0 ResultSets, 0 rows affected
</DebugTrace>
      </Output>
    </UnitTestResult>
    <UnitTestResult executionId="d5c4cb54-155e-4be0-b210-1bb7b983d4ee" testId="ebf2efd3-ccb3-66af-44df-4f2268697a0f" testName="ETL_framework_packageStart_GrandChild_ProjectSpecific" computerName="user1computername" duration="00:00:00.1316218" startTime="2015-04-22T12:50:11.5480806-05:00" endTime="2015-04-22T12:50:11.6820940-05:00" testType="13cdc9d9-ddb5-4fa4-a97d-d965ccfc6d4b" outcome="Passed" testListId="8c84fa94-04c1-424b-9868-57a2d4851a1d" relativeResultsDirectory="d5c4cb54-155e-4be0-b210-1bb7b983d4ee">
      <Output>
        <DebugTrace>Executing test initialization script...
1 batches, 0 ResultSets, 0 rows affected
Executing test script...
1 batches, 3 ResultSets, 5 rows affected
Validating grandchild_ProjectSpecific_CheckPackageLogId
Validating grandchild_ProjectSpecific_RSNotEmpty_StepInstances
Validating grandchild_ProjectSpecific_RSNotEmpty_JobInstances
Validating grandchild_ProjectSpecific_DatachecksumValidation
Executing test cleanup script...
1 batches, 0 ResultSets, 0 rows affected
</DebugTrace>
      </Output>
    </UnitTestResult>
    <UnitTestResult executionId="1d5af956-2100-488c-b481-cf011d0eb290" testId="cc2525dd-f498-b9f4-855c-819e8109119c" testName="ETL_framework_packageStart_stepDoesNotExist" computerName="user1computername" duration="00:00:00.1424458" startTime="2015-04-22T12:50:11.6840942-05:00" endTime="2015-04-22T12:50:11.8291087-05:00" testType="13cdc9d9-ddb5-4fa4-a97d-d965ccfc6d4b" outcome="Passed" testListId="8c84fa94-04c1-424b-9868-57a2d4851a1d" relativeResultsDirectory="1d5af956-2100-488c-b481-cf011d0eb290">
      <Output>
        <DebugTrace>Executing test initialization script...
1 batches, 0 ResultSets, 0 rows affected
Executing test script...
1 batches, 5 ResultSets, 10 rows affected
Validating stepDoesNotExist_RSNotEmpty_packageLogId
Validating stepDoesNotExist_RSNotEmpty_stepInstance
Validating stepDoesNotExist_RSNotEmpty_jobInstance
Validating stepDoesNotExist_RSNotEmpty_stepId
Validating stepDoesNotExist_RSNotEmpty_job
Validating stepDoesNotExist_CheckPackageLogID
Validating stepDoesNotExist_DataChecksumValidation
Executing test cleanup script...
1 batches, 0 ResultSets, 0 rows affected
</DebugTrace>
      </Output>
    </UnitTestResult>
    <UnitTestResult executionId="c9d35fbb-99d5-4e07-97e6-3e035c9a499c" testId="c6996755-826f-9723-7933-fad394d98a92" testName="ETL_framework_packageStart_UseExistingJob" computerName="user1computername" duration="00:00:00.1255065" startTime="2015-04-22T12:50:11.8311089-05:00" endTime="2015-04-22T12:50:11.9591217-05:00" testType="13cdc9d9-ddb5-4fa4-a97d-d965ccfc6d4b" outcome="Passed" testListId="8c84fa94-04c1-424b-9868-57a2d4851a1d" relativeResultsDirectory="c9d35fbb-99d5-4e07-97e6-3e035c9a499c">
      <Output>
        <DebugTrace>Executing test initialization script...
1 batches, 0 ResultSets, 0 rows affected
Executing test script...
1 batches, 4 ResultSets, 6 rows affected
Validating UseExistingJob_RSNotEmpty_PackageLogId
Validating UseExistingJob_RSNotEmpty_StepInstance
Validating UseExistingJob_RSNotEmpty_jobInstance
Validating UseExistingJob_RSNotEmpty_Job
Validating UseExistingJob_CheckPackageLogId
Validating UseExistingJob_DataChecksum
Executing test cleanup script...
1 batches, 0 ResultSets, 0 rows affected
</DebugTrace>
      </Output>
    </UnitTestResult>
    <UnitTestResult executionId="84e36d5c-b7b5-4a1b-96c2-c62bed3eb176" testId="2310bb75-8882-23a2-0dd1-44a45e632cd5" testName="ETL_framework_packageStart_UseExistingStep" computerName="user1computername" duration="00:00:00.1388853" startTime="2015-04-22T12:50:11.9621220-05:00" endTime="2015-04-22T12:50:12.1031361-05:00" testType="13cdc9d9-ddb5-4fa4-a97d-d965ccfc6d4b" outcome="Passed" testListId="8c84fa94-04c1-424b-9868-57a2d4851a1d" relativeResultsDirectory="84e36d5c-b7b5-4a1b-96c2-c62bed3eb176">
      <Output>
        <DebugTrace>Executing test initialization script...
1 batches, 0 ResultSets, 0 rows affected
Executing test script...
1 batches, 4 ResultSets, 8 rows affected
Validating UseExistingStep_RSNotEmpty_PackageLogId
Validating UseExistingStep_RSNotEmpty_StepInstance
Validating UseExistingStep_RSNotEmpty_JobInstance
Validating UseExistingSTep_RSNotEmpty_Job
Validating UseExistingStep_CheckSum
Executing test cleanup script...
1 batches, 0 ResultSets, 0 rows affected
</DebugTrace>
      </Output>
    </UnitTestResult>
    <UnitTestResult executionId="b1a14008-5d72-44ae-bf47-82561b01e959" testId="db6be25f-bbc0-f3cb-cddc-68be338576df" testName="ETL_framework_projectEndTest" computerName="user1computername" duration="00:00:00.1148665" startTime="2015-04-22T12:50:12.1061364-05:00" endTime="2015-04-22T12:50:12.2231481-05:00" testType="13cdc9d9-ddb5-4fa4-a97d-d965ccfc6d4b" outcome="Passed" testListId="8c84fa94-04c1-424b-9868-57a2d4851a1d" relativeResultsDirectory="b1a14008-5d72-44ae-bf47-82561b01e959">
      <Output>
        <DebugTrace>Executing test initialization script...
1 batches, 0 ResultSets, 0 rows affected
Executing test script...
1 batches, 2 ResultSets, 2 rows affected
Validating stepInstance_checkStepInstanceId
Validating stepInstance_checkStepId
Validating stepInstance_jobInstanceID
Validating stepInstance_workerId
Validating stepInstance_catalogExecutionId
Validating stepInstance_status
Validating stepInstance_controller
Validating stepInstance_stepStart
Validating stepInstance_stepEnd
Validating stepInstance_parentStepInstanceId
Validating stepInstance_comments
Validating stepInstance_insertedByCode
Validating stepInstance_insertedDate
Validating stepInstance_updatedByCode
Validating stepInstance_updatedDate
Validating jobInstance_jobInstanceId
Validating jobInstance_JobId
Validating jobInstance_projectId
Validating jobInstance_status
Validating jobInstance_controller
Validating jobInstance_beginJob
Validating jobInstance_endJob
Validating jobInstance_insertedByCode
Validating jobInstance_insertedDate
Validating jobInstance_UpdatedBy
Validating jobInstance_UpdatedDate
Validating jobInstance_ParentJobInstanceID
Executing test cleanup script...
1 batches, 0 ResultSets, 0 rows affected
</DebugTrace>
      </Output>
    </UnitTestResult>
    <UnitTestResult executionId="2078c71f-b41e-43d2-8623-e7de8d32943f" testId="091a3c1b-9e55-5e87-dfa5-9ed1195485c4" testName="ETL_framework_projectStart_AddNewProject" computerName="user1computername" duration="00:00:00.1489893" startTime="2015-04-22T12:50:12.2251483-05:00" endTime="2015-04-22T12:50:12.3761634-05:00" testType="13cdc9d9-ddb5-4fa4-a97d-d965ccfc6d4b" outcome="Passed" testListId="8c84fa94-04c1-424b-9868-57a2d4851a1d" relativeResultsDirectory="2078c71f-b41e-43d2-8623-e7de8d32943f">
      <Output>
        <DebugTrace>Executing test initialization script...
1 batches, 0 ResultSets, 0 rows affected
Executing test script...
1 batches, 5 ResultSets, 9 rows affected
Validating AddNewProject_checkLogId
Validating AddNewProject_stepInstance_stepInstanceId
Validating AddNewProject_stepInstance_jobInstanceId
Validating AddNewProject_stepInstance_WorkerId
Validating AddNewProject_stepInstance_CatalogExecutionId
Validating AddNewProject_stepInstance_status
Validating AddNewProject_stepInstance_controller
Validating AddNewProject_stepInstance_stepStart
Validating AddNewProject_stepInstance_stepEnd
Validating AddNewProject_stepInstance_parentStepId
Validating AddNewProject_stepInstance_InsertedBy
Validating AddNewProject_stepInstance_InsertedDate
Validating AddNewProject_stepInstance_UpdatedBy
Validating AddNewProject_stepInstance_UpdatedDate
Validating AddNewProject_jobInstance_Id
Validating AddNewProject_jobInstance_JobId
Validating AddNewProject_jobInstance_ProjectId
Validating AddNewProject_jobInstance_status
Validating AddNewProject_jobInstance_controller
Validating AddNewProject_jobInstance_beginJob
Validating AddNewProject_jobInstance_endJob
Validating AddNewProject_jobInstance_parentJobInstanceId
Validating AddNewProject_jobInstance_InsertedBy
Validating AddNewProject_jobInstance_InsertedDate
Validating AddNewProject_jobInstance_UpdatedBy
Validating AddNewProject_jobInstance_updatedDate
Validating AddNewProject_stepInstance_stepId
Validating AddNewProject_link_jobInstanceID
Validating AddNewProject_link_ProjectId
Validating AddNewProject_link_comments
Validating AddNewProject_link_InsertedBy
Validating AddNewProject_link_InsertedDate
Validating AddNewProject_settingValue
Executing test cleanup script...
1 batches, 0 ResultSets, 0 rows affected
</DebugTrace>
      </Output>
    </UnitTestResult>
    <UnitTestResult executionId="575d8961-c2d5-4e17-b6be-d3af351d4961" testId="76dd94e1-fd8d-b403-8e8f-53e2ac9b35e9" testName="ETL_framework_projectStart_packageStartedFromController" computerName="user1computername" duration="00:00:00.1297930" startTime="2015-04-22T12:50:12.3791637-05:00" endTime="2015-04-22T12:50:12.5121770-05:00" testType="13cdc9d9-ddb5-4fa4-a97d-d965ccfc6d4b" outcome="Passed" testListId="8c84fa94-04c1-424b-9868-57a2d4851a1d" relativeResultsDirectory="575d8961-c2d5-4e17-b6be-d3af351d4961">
      <Output>
        <DebugTrace>Executing test initialization script...
1 batches, 0 ResultSets, 0 rows affected
Executing test script...
1 batches, 1 ResultSets, 1 rows affected
Validating controllerStart_stepinstanceId
Executing test cleanup script...
1 batches, 0 ResultSets, 0 rows affected
</DebugTrace>
      </Output>
    </UnitTestResult>
    <UnitTestResult executionId="bf9dbd3a-cefb-40a1-ae30-a165336404cb" testId="e3f7710a-44b3-769e-36c0-031ab25566e7" testName="ETL_framework_projectStart_withExistingProject" computerName="user1computername" duration="00:00:00.1281339" startTime="2015-04-22T12:50:12.5151773-05:00" endTime="2015-04-22T12:50:12.6451903-05:00" testType="13cdc9d9-ddb5-4fa4-a97d-d965ccfc6d4b" outcome="Passed" testListId="8c84fa94-04c1-424b-9868-57a2d4851a1d" relativeResultsDirectory="bf9dbd3a-cefb-40a1-ae30-a165336404cb">
      <Output>
        <DebugTrace>Executing test initialization script...
1 batches, 0 ResultSets, 0 rows affected
Executing test script...
1 batches, 3 ResultSets, 5 rows affected
Validating withExistingProject_checkLogId
Validating withExistingProject_stepInstance_stepInstanceId
Validating withExistingProject_stepInstance_jobInstanceId
Validating withExistingProject_stepInstance_WorkerId
Validating withExistingProject_stepInstance_CatalogExecutionId
Validating withExistingProject_stepInstance_status
Validating withExistingProject_stepInstance_controller
Validating withExistingProject_stepInstance_stepStart
Validating withExistingProject_stepInstance_stepEnd
Validating withExistingProject_stepInstance_parentStepId
Validating withExistingProject_stepInstance_InsertedBy
Validating withExistingProject_stepInstance_InsertedDate
Validating withExistingProject_stepInstance_UpdatedBy
Validating withExistingProject_stepInstance_UpdatedDate
Validating withExistingProject_jobInstance_Id
Validating withExistingProject_jobInstance_JobId
Validating withExistingProject_jobInstance_ProjectId
Validating withExistingProject_jobInstance_status
Validating withExistingProject_jobInstance_controller
Validating withExistingProject_jobInstance_beginJob
Validating withExistingProject_jobInstance_endJob
Validating withExistingProject_jobInstance_parentJobInstanceId
Validating withExistingProject_jobInstance_InsertedBy
Validating withExistingProject_jobInstance_InsertedDate
Validating withExistingProject_jobInstance_UpdatedBy
Validating withExistingProject_jobInstance_updatedDate
Validating withExistingProject_stepInstance_stepId
Executing test cleanup script...
1 batches, 0 ResultSets, 0 rows affected
</DebugTrace>
      </Output>
    </UnitTestResult>
    <UnitTestResult executionId="b58566c4-dca4-4f8e-9d77-c517e21923fb" testId="8dbc9947-7cae-00e7-ae54-bdae7b76511e" testName="ETL_framework_taskEndTest" computerName="user1computername" duration="00:00:00.1139274" startTime="2015-04-22T12:50:12.6471905-05:00" endTime="2015-04-22T12:50:12.7672025-05:00" testType="13cdc9d9-ddb5-4fa4-a97d-d965ccfc6d4b" outcome="Passed" testListId="8c84fa94-04c1-424b-9868-57a2d4851a1d" relativeResultsDirectory="b58566c4-dca4-4f8e-9d77-c517e21923fb">
      <Output>
        <DebugTrace>Executing test initialization script...
1 batches, 0 ResultSets, 0 rows affected
Executing test script...
1 batches, 1 ResultSets, 1 rows affected
Validating checkEnd
Validating updatedBy
Validating updatedDate
Executing test cleanup script...
1 batches, 0 ResultSets, 0 rows affected
</DebugTrace>
      </Output>
    </UnitTestResult>
    <UnitTestResult executionId="8185a913-7655-4368-b60b-f00e9858cba8" testId="1ddb994e-69d7-e2c8-0758-3ae4eedfab8d" testName="ETL_framework_taskStart_byTaskGUID" computerName="user1computername" duration="00:00:00.1263406" startTime="2015-04-22T12:50:12.7692027-05:00" endTime="2015-04-22T12:50:12.8972155-05:00" testType="13cdc9d9-ddb5-4fa4-a97d-d965ccfc6d4b" outcome="Passed" testListId="8c84fa94-04c1-424b-9868-57a2d4851a1d" relativeResultsDirectory="8185a913-7655-4368-b60b-f00e9858cba8">
      <Output>
        <DebugTrace>Executing test initialization script...
1 batches, 0 ResultSets, 0 rows affected
Executing test script...
1 batches, 1 ResultSets, 2 rows affected
Validating taskGUID_stepInstanceId
Validating taskGUID_stepDefinitionId
Validating taskGUID_GUID
Validating taskGUID_name
Validating taskGUID_path
Validating taskGUID_controller
Validating taskGUID_start
Validating taskGUID_end
Validating taskGUID_insertedBy
Validating taskGUID_insertedDate
Validating taskGUID_updatedBy
Validating taskGUID_updatedDate
Executing test cleanup script...
1 batches, 0 ResultSets, 0 rows affected
</DebugTrace>
      </Output>
    </UnitTestResult>
    <UnitTestResult executionId="9258a698-9860-4e8d-bf67-3dadccf386c8" testId="2615d453-e43c-bb80-faf4-c9d2cc04e83e" testName="ETL_framework_taskStart_byTaskGUIDandStepInstanceId" computerName="user1computername" duration="00:00:00.1134904" startTime="2015-04-22T12:50:12.9022160-05:00" endTime="2015-04-22T12:50:13.0182276-05:00" testType="13cdc9d9-ddb5-4fa4-a97d-d965ccfc6d4b" outcome="Passed" testListId="8c84fa94-04c1-424b-9868-57a2d4851a1d" relativeResultsDirectory="9258a698-9860-4e8d-bf67-3dadccf386c8">
      <Output>
        <DebugTrace>Executing test initialization script...
1 batches, 0 ResultSets, 0 rows affected
Executing test script...
1 batches, 1 ResultSets, 2 rows affected
Validating guidAndStepInstanceId_stepInstanceId
Validating guidAndStepInstanceId_stepDefinitionId
Validating guidAndStepInstanceId_GUID
Validating guidAndStepInstanceId_name
Validating guidAndStepInstanceId_path
Validating guidAndStepInstanceId_controller
Validating guidAndStepInstanceId_start
Validating guidAndStepInstanceId_end
Validating guidAndStepInstanceId_insertedBy
Validating guidAndStepInstanceId_insertedDate
Validating guidAndStepInstanceId_updatedBy
Validating guidAndStepInstanceId_updatedDate
Executing test cleanup script...
1 batches, 0 ResultSets, 0 rows affected
</DebugTrace>
      </Output>
    </UnitTestResult>
    <UnitTestResult executionId="d389a03e-a025-49f0-96b7-ace1b1dcdc83" testId="5e568c56-4500-c6df-f0c4-9ea6dc89fcec" testName="ETL_framework_taskStart_noDefinitionExists" computerName="user1computername" duration="00:00:00.1132457" startTime="2015-04-22T12:50:13.0202278-05:00" endTime="2015-04-22T12:50:13.1372395-05:00" testType="13cdc9d9-ddb5-4fa4-a97d-d965ccfc6d4b" outcome="Passed" testListId="8c84fa94-04c1-424b-9868-57a2d4851a1d" relativeResultsDirectory="d389a03e-a025-49f0-96b7-ace1b1dcdc83">
      <Output>
        <DebugTrace>Executing test initialization script...
1 batches, 0 ResultSets, 0 rows affected
Executing test script...
1 batches, 1 ResultSets, 2 rows affected
Validating noDefinition_stepInstanceId
Validating noDefinition_stepDefinitionId
Validating noDefinition_GUID
Validating noDefinition_name
Validating noDefinition_path
Validating noDefinition_controller
Validating noDefinition_start
Validating noDefinition_end
Validating noDefinition_insertedBy
Validating noDefinition_insertedDate
Validating noDefinition_updatedBy
Validating noDefinition_updatedDate
Executing test cleanup script...
1 batches, 0 ResultSets, 0 rows affected
</DebugTrace>
      </Output>
    </UnitTestResult>
    <UnitTestResult executionId="d06671e8-1aaa-41cd-a2e7-c84f9ce864ad" testId="cd0cf42f-fbff-cc0f-6a17-221620adeb5c" testName="ETL_GetObjectFromStoreTest" computerName="user1computername" duration="00:00:00.1043606" startTime="2015-04-22T12:50:13.1402398-05:00" endTime="2015-04-22T12:50:13.2462504-05:00" testType="13cdc9d9-ddb5-4fa4-a97d-d965ccfc6d4b" outcome="Passed" testListId="8c84fa94-04c1-424b-9868-57a2d4851a1d" relativeResultsDirectory="d06671e8-1aaa-41cd-a2e7-c84f9ce864ad">
      <Output>
        <DebugTrace>Executing test initialization script...
1 batches, 0 ResultSets, 0 rows affected
Executing pre-test script...
Skipping SQL execution because the SQL script was null or empty.
Executing test script...
1 batches, 1 ResultSets, 1 rows affected
Validating scalarValueCondition1
Validating rowCountCondition1
Executing test cleanup script...
1 batches, 0 ResultSets, 0 rows affected
</DebugTrace>
      </Output>
    </UnitTestResult>
    <UnitTestResult executionId="229d3adc-be05-4db8-bf36-0a0c91fa01f0" testId="3414297b-9770-b3ca-2bf9-a1d03f4d7485" testName="ETL_GetObjectStoreIdTest" computerName="user1computername" duration="00:00:00.1042651" startTime="2015-04-22T12:50:13.2492507-05:00" endTime="2015-04-22T12:50:13.3552613-05:00" testType="13cdc9d9-ddb5-4fa4-a97d-d965ccfc6d4b" outcome="Passed" testListId="8c84fa94-04c1-424b-9868-57a2d4851a1d" relativeResultsDirectory="229d3adc-be05-4db8-bf36-0a0c91fa01f0">
      <Output>
        <DebugTrace>Executing test initialization script...
1 batches, 0 ResultSets, 0 rows affected
Executing test script...
1 batches, 1 ResultSets, 1 rows affected
Validating scalarValueCondition1
Validating rowCountCondition1
Executing test cleanup script...
1 batches, 0 ResultSets, 0 rows affected
</DebugTrace>
      </Output>
    </UnitTestResult>
    <UnitTestResult executionId="877ce367-e382-4266-aa7d-7b1c8a13b517" testId="4ba1cbc5-eda4-195b-0227-9273f6f5a92c" testName="ETL_helper_debugWriteTest_allParameters" computerName="user1computername" duration="00:00:00.1162374" startTime="2015-04-22T12:50:13.3582616-05:00" endTime="2015-04-22T12:50:13.4772735-05:00" testType="13cdc9d9-ddb5-4fa4-a97d-d965ccfc6d4b" outcome="Passed" testListId="8c84fa94-04c1-424b-9868-57a2d4851a1d" relativeResultsDirectory="877ce367-e382-4266-aa7d-7b1c8a13b517">
      <Output>
        <DebugTrace>Executing test initialization script...
1 batches, 0 ResultSets, 0 rows affected
Executing test script...
1 batches, 1 ResultSets, 2 rows affected
Validating checkJobInstanceId_allParameters
Validating checkStepInstanceId_allParameters
Validating checkSeverity_allParameters
Validating checkEventName_allParameters
Validating checkEventDetail_allParameters
Validating checkSource
Validating checkLogRecordWritten_allParameters
Executing test cleanup script...
1 batches, 0 ResultSets, 0 rows affected
</DebugTrace>
      </Output>
    </UnitTestResult>
    <UnitTestResult executionId="394c6e04-28de-45bb-9840-54435c38053f" testId="6c3d666a-7380-a6f7-df74-dbcdef289a30" testName="ETL_helper_debugWriteTest_dateTimeValueParameter" computerName="user1computername" duration="00:00:00.1098723" startTime="2015-04-22T12:50:13.4802738-05:00" endTime="2015-04-22T12:50:13.5922850-05:00" testType="13cdc9d9-ddb5-4fa4-a97d-d965ccfc6d4b" outcome="Passed" testListId="8c84fa94-04c1-424b-9868-57a2d4851a1d" relativeResultsDirectory="394c6e04-28de-45bb-9840-54435c38053f">
      <Output>
        <DebugTrace>Executing test initialization script...
1 batches, 0 ResultSets, 0 rows affected
Executing test script...
1 batches, 1 ResultSets, 2 rows affected
Validating checkJobInstanceId_dateTimeValueParameter
Validating checkStepInstanceId_dateTimeValueParameter
Validating checkSeverity_dateTimeValueParameter
Validating checkEventName_dateTimeValueParameter
Validating checkEventDetail_dateTimeValueParameter
Validating checkLogRecordWritten_dateTimeValueParameter
Executing test cleanup script...
1 batches, 0 ResultSets, 0 rows affected
</DebugTrace>
      </Output>
    </UnitTestResult>
    <UnitTestResult executionId="3c27ad8f-5fdc-4a38-bfa7-1b3ab85bb108" testId="435e4950-dfce-bbac-4b2c-21b7bf737aab" testName="ETL_helper_debugWriteTest_integerValueParameter" computerName="user1computername" duration="00:00:00.1240271" startTime="2015-04-22T12:50:13.5952853-05:00" endTime="2015-04-22T12:50:13.7222980-05:00" testType="13cdc9d9-ddb5-4fa4-a97d-d965ccfc6d4b" outcome="Passed" testListId="8c84fa94-04c1-424b-9868-57a2d4851a1d" relativeResultsDirectory="3c27ad8f-5fdc-4a38-bfa7-1b3ab85bb108">
      <Output>
        <DebugTrace>Executing test initialization script...
1 batches, 0 ResultSets, 0 rows affected
Executing test script...
1 batches, 1 ResultSets, 2 rows affected
Validating checkJobInstanceId_integerValueParameter
Validating checkStepInstanceId_integerValueParameter
Validating checkSeverity_integerValueParameter
Validating checkEventName_integerValueParameter
Validating checkEventDetail_integerValueParameter
Validating checkLogRecordWritten_integerValueParameter
Executing test cleanup script...
1 batches, 0 ResultSets, 0 rows affected
</DebugTrace>
      </Output>
    </UnitTestResult>
    <UnitTestResult executionId="c4e59d37-5963-4930-8b99-dc05331adc62" testId="046b2f65-1e1e-21d6-c94c-003364f11884" testName="ETL_helper_debugWriteTest_jobInstanceIdParameter" computerName="user1computername" duration="00:00:00.1329181" startTime="2015-04-22T12:50:13.7252983-05:00" endTime="2015-04-22T12:50:13.8603118-05:00" testType="13cdc9d9-ddb5-4fa4-a97d-d965ccfc6d4b" outcome="Passed" testListId="8c84fa94-04c1-424b-9868-57a2d4851a1d" relativeResultsDirectory="c4e59d37-5963-4930-8b99-dc05331adc62">
      <Output>
        <DebugTrace>Executing test initialization script...
1 batches, 0 ResultSets, 0 rows affected
Executing test script...
1 batches, 1 ResultSets, 2 rows affected
Validating checkJobInstanceId_jobInstanceIdParameter
Validating checkStepInstanceId_jobInstanceIdParameter
Validating checkSeverity_jobInstanceIdParameter
Validating checkEventName_jobInstanceIdParameter
Validating checkEventDetail_jobInstanceIdParameter
Validating checkSource_jobInstanceIdParameter
Validating checkLogRecordWritten_jobInstanceIdParameter
Executing test cleanup script...
1 batches, 0 ResultSets, 0 rows affected
</DebugTrace>
      </Output>
    </UnitTestResult>
    <UnitTestResult executionId="e0ca93af-fd58-429c-a562-e219165e1e66" testId="28884fdd-0fde-995d-c028-37914fbd9b9e" testName="ETL_helper_debugWriteTest_messageParameterOnly" computerName="user1computername" duration="00:00:00.1128300" startTime="2015-04-22T12:50:13.8633121-05:00" endTime="2015-04-22T12:50:13.9783236-05:00" testType="13cdc9d9-ddb5-4fa4-a97d-d965ccfc6d4b" outcome="Passed" testListId="8c84fa94-04c1-424b-9868-57a2d4851a1d" relativeResultsDirectory="e0ca93af-fd58-429c-a562-e219165e1e66">
      <Output>
        <DebugTrace>Executing test initialization script...
1 batches, 0 ResultSets, 0 rows affected
Executing test script...
1 batches, 1 ResultSets, 2 rows affected
Validating checkJobInstanceId_messageParameterOnly
Validating checkStepInstanceId_messageParameterOnly
Validating checkSeverity_messageParameterOnly
Validating checkEventName_messageParameterOnly
Validating checkEventDetail_messageParameterOnly
Validating checkForLogRecord_messageParameterOnly
Executing test cleanup script...
1 batches, 0 ResultSets, 0 rows affected
</DebugTrace>
      </Output>
    </UnitTestResult>
    <UnitTestResult executionId="a3531f89-ef45-4f26-b72a-fe2b0ac480e2" testId="b7dc9825-4819-7cf5-9712-8f29c5251b4d" testName="ETL_helper_debugWriteTest_sourceParameter" computerName="user1computername" duration="00:00:00.1110956" startTime="2015-04-22T12:50:13.9813239-05:00" endTime="2015-04-22T12:50:14.0943352-05:00" testType="13cdc9d9-ddb5-4fa4-a97d-d965ccfc6d4b" outcome="Passed" testListId="8c84fa94-04c1-424b-9868-57a2d4851a1d" relativeResultsDirectory="a3531f89-ef45-4f26-b72a-fe2b0ac480e2">
      <Output>
        <DebugTrace>Executing test initialization script...
1 batches, 0 ResultSets, 0 rows affected
Executing test script...
1 batches, 1 ResultSets, 2 rows affected
Validating checkJobInstanceId_sourceParameter
Validating checkStepInstanceId_sourceParameter
Validating checkSeverity_sourceParameter
Validating checkEventName_sourceParameter
Validating checkEventDetail_sourceParameter
Validating checkSource_sourceParameter
Validating checkLogRecordWritten_sourceParameter
Executing test cleanup script...
1 batches, 0 ResultSets, 0 rows affected
</DebugTrace>
      </Output>
    </UnitTestResult>
    <UnitTestResult executionId="c536da81-ede6-40e3-862d-32d9fa419363" testId="c8aa000d-7c66-a84d-1339-9f4c5f61d24c" testName="ETL_helper_debugWriteTest_stepInstanceIdParameter" computerName="user1computername" duration="00:00:00.1092735" startTime="2015-04-22T12:50:14.0973355-05:00" endTime="2015-04-22T12:50:14.2103468-05:00" testType="13cdc9d9-ddb5-4fa4-a97d-d965ccfc6d4b" outcome="Passed" testListId="8c84fa94-04c1-424b-9868-57a2d4851a1d" relativeResultsDirectory="c536da81-ede6-40e3-862d-32d9fa419363">
      <Output>
        <DebugTrace>Executing test initialization script...
1 batches, 0 ResultSets, 0 rows affected
Executing test script...
1 batches, 1 ResultSets, 2 rows affected
Validating checkJobInstanceId_stepInstanceIdParameter
Validating checkStepInstanceId_stepInstanceIdParameter
Validating checkSeverity_stepInstanceIdParameter
Validating checkEventName_stepInstanceIdParameter
Validating checkEventDetail_stepInstanceIdParameter
Validating checkSource_stepInstanceIdParameter
Validating checkLogRecordWritten_stepInstanceIdParameter
Executing test cleanup script...
1 batches, 0 ResultSets, 0 rows affected
</DebugTrace>
      </Output>
    </UnitTestResult>
    <UnitTestResult executionId="7dfc43f7-21c5-45a6-8992-7c88c1679f36" testId="076400fc-682c-d338-9613-1f2abc9a24af" testName="ETL_helper_debugWriteTest_stringValueParameter" computerName="user1computername" duration="00:00:00.1094436" startTime="2015-04-22T12:50:14.2133471-05:00" endTime="2015-04-22T12:50:14.3253583-05:00" testType="13cdc9d9-ddb5-4fa4-a97d-d965ccfc6d4b" outcome="Passed" testListId="8c84fa94-04c1-424b-9868-57a2d4851a1d" relativeResultsDirectory="7dfc43f7-21c5-45a6-8992-7c88c1679f36">
      <Output>
        <DebugTrace>Executing test initialization script...
1 batches, 0 ResultSets, 0 rows affected
Executing test script...
1 batches, 1 ResultSets, 2 rows affected
Validating checkJobInstanceId_stringValueParameter
Validating checkStepInstanceId_stringValueParameter
Validating checkSeverity_stringValueParameter
Validating checkEventName_stringValueParameter
Validating checkEventDetail_stringValueParameter
Validating checkLogRecordWritten_stringValueParameter
Executing test cleanup script...
1 batches, 0 ResultSets, 0 rows affected
</DebugTrace>
      </Output>
    </UnitTestResult>
    <UnitTestResult executionId="10d0c5d5-d86e-49a1-af9b-bea1f234f242" testId="f02035ec-b352-32e6-0f98-82a687a762ea" testName="ETL_helper_defineNewJob_debuggingMode" computerName="user1computername" duration="00:00:00.1286553" startTime="2015-04-22T12:50:14.3283586-05:00" endTime="2015-04-22T12:50:14.4593717-05:00" testType="13cdc9d9-ddb5-4fa4-a97d-d965ccfc6d4b" outcome="Passed" testListId="8c84fa94-04c1-424b-9868-57a2d4851a1d" relativeResultsDirectory="10d0c5d5-d86e-49a1-af9b-bea1f234f242">
      <Output>
        <DebugTrace>Executing test initialization script...
1 batches, 0 ResultSets, 0 rows affected
Executing test script...
1 batches, 2 ResultSets, 2 rows affected
Validating checkJobName_RS1_debuggingMode
Validating checkIsActive_RS1_debuggingMode
Validating checkIsProjectSpecific_RS1_debuggingMode
Validating checkInsertedByCode_RS1_debuggingMode
Validating checkInsertedDate_RS1_debuggingMode
Validating checkStepId_RS2_debuggingMode
Validating checkInsertedByCode_RS2_debuggingMode
Validating checkInsertedDate_RS2_debuggingMode
Validating checkJobInsertion_debuggingMode
Validating checkJobDefinitionInsertion_debuggingMode
Executing test cleanup script...
1 batches, 0 ResultSets, 0 rows affected
</DebugTrace>
      </Output>
    </UnitTestResult>
    <UnitTestResult executionId="72409696-f12e-4763-a3a8-c67f9b91c281" testId="1d9bc78f-1bb3-f2fa-3d5f-0b57f2447969" testName="ETL_helper_defineNewJob_with1Step" computerName="user1computername" duration="00:00:00.1210685" startTime="2015-04-22T12:50:14.4623720-05:00" endTime="2015-04-22T12:50:14.5843842-05:00" testType="13cdc9d9-ddb5-4fa4-a97d-d965ccfc6d4b" outcome="Passed" testListId="8c84fa94-04c1-424b-9868-57a2d4851a1d" relativeResultsDirectory="72409696-f12e-4763-a3a8-c67f9b91c281">
      <Output>
        <DebugTrace>Executing test initialization script...
1 batches, 0 ResultSets, 0 rows affected
Executing test script...
1 batches, 2 ResultSets, 2 rows affected
Validating checkJobName_RS1_with1Step
Validating checkIsActive_RS1_with1Step
Validating checkIsProjectSpecific_RS1_with1Step
Validating checkInsertedByCode_RS1_with1Step
Validating checkInsertedDate_RS1_with1Step
Validating checkfkStepId_RS2_with1Step
Validating checkInsertedByCode_RS2_with1Step
Validating checkInsertedDate_RS2_with1Step
Validating checkJobInsertion_with1Step
Validating checkJobDefinitionInserted_with1Step
Executing test cleanup script...
1 batches, 0 ResultSets, 0 rows affected
</DebugTrace>
      </Output>
    </UnitTestResult>
    <UnitTestResult executionId="43a7e41d-05e3-41fe-be7f-019df6101168" testId="062fd20e-f1a3-492f-80c2-ee30a15aab9c" testName="ETL_helper_defineNewJob_withMultipleSteps" computerName="user1computername" duration="00:00:00.1139389" startTime="2015-04-22T12:50:14.5873845-05:00" endTime="2015-04-22T12:50:14.7033961-05:00" testType="13cdc9d9-ddb5-4fa4-a97d-d965ccfc6d4b" outcome="Passed" testListId="8c84fa94-04c1-424b-9868-57a2d4851a1d" relativeResultsDirectory="43a7e41d-05e3-41fe-be7f-019df6101168">
      <Output>
        <DebugTrace>Executing test initialization script...
1 batches, 0 ResultSets, 0 rows affected
Executing test script...
1 batches, 2 ResultSets, 4 rows affected
Validating checkJobName_RS1_withMultipleSteps
Validating checkIsActive_RS1_withMultipleSteps
Validating checkIsProjectSpecific_RS1_withMultipleSteps
Validating checkInsertedByCode_RS1_withMultipleSteps
Validating checkInsertedDate_RS1_withMultipleSteps
Validating checkStepId_step2_RS2_withMultipleSteps
Validating checkInsertedByCode_step2_RS2_withMultipleSteps
Validating checkInsertedDate_step2_RS2_withMultipleSteps
Validating checkStepId_step3_RS2_withMultipleSteps
Validating checkInsertedByCode_step3_RS2_withMultipleSteps
Validating checkInsertedDate_step3_RS2_withMultipleSteps
Validating checkStepId_step4_RS2_withMultipleSteps
Validating checkInsertedByCode_step4_RS2_withMultipleSteps
Validating checkInsertedDate_step4_RS2_withMultipleSteps
Validating checkJobInsertion_withMultipleSteps
Validating checkJobDefinitionInserted_withMultipleSteps
Executing test cleanup script...
1 batches, 0 ResultSets, 0 rows affected
</DebugTrace>
      </Output>
    </UnitTestResult>
    <UnitTestResult executionId="fa315aeb-d97e-455e-86d0-ed92c8e94291" testId="163bb6fd-e9e7-eaec-e4fe-a9730d542dc9" testName="ETL_helper_defineNewStepSproc_debugLogging" computerName="user1computername" duration="00:00:00.0556622" startTime="2015-04-22T12:50:14.7063964-05:00" endTime="2015-04-22T12:50:14.7654023-05:00" testType="13cdc9d9-ddb5-4fa4-a97d-d965ccfc6d4b" outcome="Passed" testListId="8c84fa94-04c1-424b-9868-57a2d4851a1d" relativeResultsDirectory="fa315aeb-d97e-455e-86d0-ed92c8e94291">
      <Output>
        <DebugTrace>Executing test script...
1 batches, 1 ResultSets, 1 rows affected
Validating checksumCondition1
Executing test cleanup script...
1 batches, 0 ResultSets, 1 rows affected
</DebugTrace>
      </Output>
    </UnitTestResult>
    <UnitTestResult executionId="15f21200-8f49-44b1-8750-8614753e52e2" testId="1ca9f444-35e2-dd03-9679-d726b75249cd" testName="ETL_helper_defineNewStepSproc_Error_newerStepAlreadyExists" computerName="user1computername" duration="00:00:00.0445414" startTime="2015-04-22T12:50:14.7684026-05:00" endTime="2015-04-22T12:50:14.8154073-05:00" testType="13cdc9d9-ddb5-4fa4-a97d-d965ccfc6d4b" outcome="Passed" testListId="8c84fa94-04c1-424b-9868-57a2d4851a1d" relativeResultsDirectory="15f21200-8f49-44b1-8750-8614753e52e2">
      <Output>
        <DebugTrace>Executing pre-test script...
1 batches, 0 ResultSets, 2 rows affected
Executing test script...
1 batches, 1 ResultSets, 1 rows affected
Validating checksumCondition7
Executing test cleanup script...
1 batches, 0 ResultSets, 1 rows affected
</DebugTrace>
      </Output>
    </UnitTestResult>
    <UnitTestResult executionId="e9799dd5-0fcb-4377-adf3-efdc7751acab" testId="8126622b-f319-2ea0-7bfa-1b92d09ee846" testName="ETL_helper_defineNewStepSproc_Error_sprocDoesNotExist" computerName="user1computername" duration="00:00:00.0407223" startTime="2015-04-22T12:50:14.8184076-05:00" endTime="2015-04-22T12:50:14.8614119-05:00" testType="13cdc9d9-ddb5-4fa4-a97d-d965ccfc6d4b" outcome="Passed" testListId="8c84fa94-04c1-424b-9868-57a2d4851a1d" relativeResultsDirectory="e9799dd5-0fcb-4377-adf3-efdc7751acab">
      <Output>
        <DebugTrace>Executing test script...
1 batches, 1 ResultSets, 1 rows affected
Validating checksumCondition5
Executing test cleanup script...
1 batches, 0 ResultSets, 0 rows affected
</DebugTrace>
      </Output>
    </UnitTestResult>
    <UnitTestResult executionId="5b5f8e62-374d-4ab7-9988-cbfb45819621" testId="39b588e9-c500-5215-2a1c-737caab85106" testName="ETL_helper_defineNewStepSproc_Error_stepAlreadyExists" computerName="user1computername" duration="00:00:00.0425886" startTime="2015-04-22T12:50:14.8644122-05:00" endTime="2015-04-22T12:50:14.9094167-05:00" testType="13cdc9d9-ddb5-4fa4-a97d-d965ccfc6d4b" outcome="Passed" testListId="8c84fa94-04c1-424b-9868-57a2d4851a1d" relativeResultsDirectory="5b5f8e62-374d-4ab7-9988-cbfb45819621">
      <Output>
        <DebugTrace>Executing pre-test script...
1 batches, 0 ResultSets, 0 rows affected
Executing test script...
1 batches, 1 ResultSets, 1 rows affected
Validating checksumCondition6
Executing test cleanup script...
1 batches, 0 ResultSets, 1 rows affected
</DebugTrace>
      </Output>
    </UnitTestResult>
    <UnitTestResult executionId="1cca2316-f2c3-4b87-95b2-ee3c5812cc2b" testId="3abc5c4b-d045-c992-f241-955596aea469" testName="ETL_helper_defineNewStepSproc_successfulInsert" computerName="user1computername" duration="00:00:00.0365508" startTime="2015-04-22T12:50:14.9114169-05:00" endTime="2015-04-22T12:50:14.9504208-05:00" testType="13cdc9d9-ddb5-4fa4-a97d-d965ccfc6d4b" outcome="Passed" testListId="8c84fa94-04c1-424b-9868-57a2d4851a1d" relativeResultsDirectory="1cca2316-f2c3-4b87-95b2-ee3c5812cc2b">
      <Output>
        <DebugTrace>Executing test script...
1 batches, 3 ResultSets, 6 rows affected
Validating checksumCondition2
Executing test cleanup script...
1 batches, 0 ResultSets, 1 rows affected
</DebugTrace>
      </Output>
    </UnitTestResult>
    <UnitTestResult executionId="278cdd41-9a20-4306-97f5-7fac4494659b" testId="ddd2c11e-7d88-0ddd-ec30-820251eaa147" testName="ETL_helper_defineNewStepSproc_successfulInsert_specifiedStepName" computerName="user1computername" duration="00:00:00.0437649" startTime="2015-04-22T12:50:14.9524210-05:00" endTime="2015-04-22T12:50:14.9984256-05:00" testType="13cdc9d9-ddb5-4fa4-a97d-d965ccfc6d4b" outcome="Passed" testListId="8c84fa94-04c1-424b-9868-57a2d4851a1d" relativeResultsDirectory="278cdd41-9a20-4306-97f5-7fac4494659b">
      <Output>
        <DebugTrace>Executing pre-test script...
1 batches, 0 ResultSets, 0 rows affected
Executing test script...
1 batches, 3 ResultSets, 11 rows affected
Validating checksumCondition4
Executing test cleanup script...
1 batches, 0 ResultSets, 2 rows affected
</DebugTrace>
      </Output>
    </UnitTestResult>
    <UnitTestResult executionId="4bd0222f-f526-4043-8c46-8095077ceedf" testId="2f2e7c19-87ba-df3d-9cea-66e0d2d4debe" testName="ETL_helper_defineNewStepSproc_successfulUpdate" computerName="user1computername" duration="00:00:00.0424915" startTime="2015-04-22T12:50:15.0014259-05:00" endTime="2015-04-22T12:50:15.0464304-05:00" testType="13cdc9d9-ddb5-4fa4-a97d-d965ccfc6d4b" outcome="Passed" testListId="8c84fa94-04c1-424b-9868-57a2d4851a1d" relativeResultsDirectory="4bd0222f-f526-4043-8c46-8095077ceedf">
      <Output>
        <DebugTrace>Executing pre-test script...
1 batches, 0 ResultSets, 2 rows affected
Executing test script...
1 batches, 3 ResultSets, 11 rows affected
Validating checksumCondition3
Executing test cleanup script...
1 batches, 0 ResultSets, 2 rows affected
</DebugTrace>
      </Output>
    </UnitTestResult>
    <UnitTestResult executionId="81497bae-cbce-4b46-86ae-bc21e173c3c0" testId="34f0d5ae-cbd3-d427-cea0-6698060b9c47" testName="ETL_helper_defineNewStepTest" computerName="user1computername" duration="00:00:00.0247565" startTime="2015-04-22T12:50:15.0484306-05:00" endTime="2015-04-22T12:50:15.0754333-05:00" testType="13cdc9d9-ddb5-4fa4-a97d-d965ccfc6d4b" outcome="Inconclusive" testListId="8c84fa94-04c1-424b-9868-57a2d4851a1d" relativeResultsDirectory="81497bae-cbce-4b46-86ae-bc21e173c3c0">
      <Output>
        <DebugTrace>Executing test script...
1 batches, 0 ResultSets, 0 rows affected
Validating inconclusiveCondition1
</DebugTrace>
        <ErrorInfo>
          <Message>Assert.Inconclusive failed. </Message>
          <StackTrace>   at Microsoft.Data.Tools.Schema.Sql.UnitTesting.Conditions.InconclusiveCondition.Assert(DbConnection validationConnection, SqlExecutionResult[] results)
   at Microsoft.Data.Tools.Schema.Sql.UnitTesting.ExecutionEngine.EvaluateConditions(DbConnection validationConnection, SqlExecutionResult[] results, Collection`1 conditions)
   at Microsoft.Data.Tools.Schema.Sql.UnitTesting.SqlDatabaseTestService.Execute(ConnectionContext scriptExecutionContext, ConnectionContext privilegedExecutionContext, SqlDatabaseTestAction action, DbParameter[] sqlParameters)
   at test.ETL_helper_defineNewStepSSIS_UT.ETL_helper_defineNewStepTest() in c:\_SourceControl\HLTFS\Tools\HLETLFramework\Dev\HLETLCentral\test\ETL_helper_defineNewStepSSIS_UT.cs:line 95
</StackTrace>
        </ErrorInfo>
      </Output>
    </UnitTestResult>
    <UnitTestResult executionId="e9b7bfec-d7a1-477d-9d49-749081860a06" testId="848c7a1d-f7b7-6b9a-f3e6-fa78d9d37cb1" testName="ETL_helper_errorWriteTest" computerName="user1computername" duration="00:00:00.1218012" startTime="2015-04-22T12:50:15.0774335-05:00" endTime="2015-04-22T12:50:15.2024460-05:00" testType="13cdc9d9-ddb5-4fa4-a97d-d965ccfc6d4b" outcome="Passed" testListId="8c84fa94-04c1-424b-9868-57a2d4851a1d" relativeResultsDirectory="e9b7bfec-d7a1-477d-9d49-749081860a06">
      <Output>
        <DebugTrace>Executing test initialization script...
1 batches, 0 ResultSets, 0 rows affected
Executing test script...
1 batches, 1 ResultSets, 2 rows affected
Validating checkJobInstanceId
Validating checkStepInstanceId
Validating checkSeverity
Validating checkEventName
Validating checkEventDetail
Validating checkSource
Executing test cleanup script...
1 batches, 0 ResultSets, 0 rows affected
</DebugTrace>
      </Output>
    </UnitTestResult>
    <UnitTestResult executionId="520d4b71-fb0f-4cae-abcc-1ffedf3114e7" testId="41d0e81d-d317-0dcc-b8a4-3e95b89a35a4" testName="ETL_helper_finishJobTest" computerName="user1computername" duration="00:00:00.1209406" startTime="2015-04-22T12:50:15.2054463-05:00" endTime="2015-04-22T12:50:15.3294587-05:00" testType="13cdc9d9-ddb5-4fa4-a97d-d965ccfc6d4b" outcome="Passed" testListId="8c84fa94-04c1-424b-9868-57a2d4851a1d" relativeResultsDirectory="520d4b71-fb0f-4cae-abcc-1ffedf3114e7">
      <Output>
        <DebugTrace>Executing test initialization script...
1 batches, 0 ResultSets, 0 rows affected
Executing test script...
1 batches, 1 ResultSets, 1 rows affected
Validating checkJobid
Validating checkCdStatus
Validating checkBeginJob
Validating checkEndJob
Validating checkInsertedByCode
Validating checkInsertedDate
Validating checkUpdatedByCode
Validating checkUpdatedDate
Validating checkRecordUpdated
Executing test cleanup script...
1 batches, 0 ResultSets, 0 rows affected
</DebugTrace>
      </Output>
    </UnitTestResult>
    <UnitTestResult executionId="3f6b2ba1-251c-419c-be21-86507677497a" testId="8f0ee6fc-fb5a-eebf-db7e-e7fe732044b7" testName="ETL_helper_finishStep_with1Step" computerName="user1computername" duration="00:00:00.1247072" startTime="2015-04-22T12:50:15.3324590-05:00" endTime="2015-04-22T12:50:15.4594717-05:00" testType="13cdc9d9-ddb5-4fa4-a97d-d965ccfc6d4b" outcome="Passed" testListId="8c84fa94-04c1-424b-9868-57a2d4851a1d" relativeResultsDirectory="3f6b2ba1-251c-419c-be21-86507677497a">
      <Output>
        <DebugTrace>Executing test initialization script...
1 batches, 0 ResultSets, 0 rows affected
Executing test script...
1 batches, 2 ResultSets, 2 rows affected
Validating checkStatus_RS1_with1Step
Validating checkStepStartValid_RS1_with1Step
Validating checkStepEndValid_RS1_with1Step
Validating checkInsertedByCode_RS1_with1Step
Validating checkInsertedDate_RS1_with1Step
Validating checkUpdatedByCodeValid_RS1_with1Step
Validating checkUpdatedDateValid_RS1_with1Step
Validating checkStatus_RS2_with1Step
Validating CheckBeginJobValid_RS2_with1Step
Validating checkEndJobValid_RS2_with1Step
Validating checkInsertedByCode_RS2_with1Step
Validating checkInsertedDate_RS2_with1Step
Validating checkUpdatedByCodeValid_RS2_with1Step
Validating checkUpdatedDateValid_RS2_with1Step
Validating checkRecordSet_RS1_with1Step
Validating checkRecordSet_RS2_with1Step
Executing test cleanup script...
1 batches, 0 ResultSets, 0 rows affected
</DebugTrace>
      </Output>
    </UnitTestResult>
    <UnitTestResult executionId="025e94b0-21f1-42d5-9de4-38a0e5a83e93" testId="500daf7c-af05-f6ea-ab24-b6c9f3639de3" testName="ETL_helper_finishStep_withMultipleSteps" computerName="user1computername" duration="00:00:00.1088034" startTime="2015-04-22T12:50:15.4624720-05:00" endTime="2015-04-22T12:50:15.5734831-05:00" testType="13cdc9d9-ddb5-4fa4-a97d-d965ccfc6d4b" outcome="Inconclusive" testListId="8c84fa94-04c1-424b-9868-57a2d4851a1d" relativeResultsDirectory="025e94b0-21f1-42d5-9de4-38a0e5a83e93">
      <Output>
        <DebugTrace>Executing test initialization script...
1 batches, 0 ResultSets, 0 rows affected
Executing test script...
1 batches, 0 ResultSets, 0 rows affected
Validating inconclusiveCondition1
Executing test cleanup script...
1 batches, 0 ResultSets, 0 rows affected
</DebugTrace>
        <ErrorInfo>
          <Message>Assert.Inconclusive failed. </Message>
          <StackTrace>   at Microsoft.Data.Tools.Schema.Sql.UnitTesting.Conditions.InconclusiveCondition.Assert(DbConnection validationConnection, SqlExecutionResult[] results)
   at Microsoft.Data.Tools.Schema.Sql.UnitTesting.ExecutionEngine.EvaluateConditions(DbConnection validationConnection, SqlExecutionResult[] results, Collection`1 conditions)
   at Microsoft.Data.Tools.Schema.Sql.UnitTesting.SqlDatabaseTestService.Execute(ConnectionContext scriptExecutionContext, ConnectionContext privilegedExecutionContext, SqlDatabaseTestAction action, DbParameter[] sqlParameters)
   at test.ETL_helper_finishStep_UT.ETL_helper_finishStep_withMultipleSteps() in c:\_SourceControl\HLTFS\Tools\HLETLFramework\Dev\HLETLCentral\test\ETL_helper_finishStep_UT.cs:line 348
</StackTrace>
        </ErrorInfo>
      </Output>
    </UnitTestResult>
    <UnitTestResult executionId="83822364-4dc0-45c1-bd88-8048fc5f3d2a" testId="96aaaedc-ddc6-14bc-9af0-f8ff21f1578b" testName="ETL_helper_getTableReferenceDate_noRecordExists" computerName="user1computername" duration="00:00:00.1076452" startTime="2015-04-22T12:50:15.5764834-05:00" endTime="2015-04-22T12:50:15.6854943-05:00" testType="13cdc9d9-ddb5-4fa4-a97d-d965ccfc6d4b" outcome="Passed" testListId="8c84fa94-04c1-424b-9868-57a2d4851a1d" relativeResultsDirectory="83822364-4dc0-45c1-bd88-8048fc5f3d2a">
      <Output>
        <DebugTrace>Executing test initialization script...
1 batches, 0 ResultSets, 0 rows affected
Executing test script...
Sql Error: 'Warning: Null value is eliminated by an aggregate or other SET operation.' (Severity 0, State 1)
1 batches, 1 ResultSets, 1 rows affected
Validating noRecord_date
Executing test cleanup script...
1 batches, 0 ResultSets, 0 rows affected
</DebugTrace>
      </Output>
    </UnitTestResult>
    <UnitTestResult executionId="394588ca-3308-4cfe-ae1c-8699656166c4" testId="7c58e3eb-19cf-2d31-d885-0b5ea0bf03ef" testName="ETL_helper_getTableReferenceDate_onlyStagingRecordExists" computerName="user1computername" duration="00:00:00.1128908" startTime="2015-04-22T12:50:15.6884946-05:00" endTime="2015-04-22T12:50:15.8045062-05:00" testType="13cdc9d9-ddb5-4fa4-a97d-d965ccfc6d4b" outcome="Passed" testListId="8c84fa94-04c1-424b-9868-57a2d4851a1d" relativeResultsDirectory="394588ca-3308-4cfe-ae1c-8699656166c4">
      <Output>
        <DebugTrace>Executing test initialization script...
1 batches, 0 ResultSets, 0 rows affected
Executing test script...
Sql Error: 'Warning: Null value is eliminated by an aggregate or other SET operation.' (Severity 0, State 1)
1 batches, 1 ResultSets, 9 rows affected
Validating onlyStaging_date
Executing test cleanup script...
1 batches, 0 ResultSets, 0 rows affected
</DebugTrace>
      </Output>
    </UnitTestResult>
    <UnitTestResult executionId="5f6d9368-c20c-4e11-b68f-73ba78e0fa00" testId="6b001464-d13e-127d-8889-e596c37deede" testName="ETL_helper_getTableReferenceDate_recordsInStagingAndTableLog" computerName="user1computername" duration="00:00:00.1180366" startTime="2015-04-22T12:50:15.8085066-05:00" endTime="2015-04-22T12:50:15.9295187-05:00" testType="13cdc9d9-ddb5-4fa4-a97d-d965ccfc6d4b" outcome="Passed" testListId="8c84fa94-04c1-424b-9868-57a2d4851a1d" relativeResultsDirectory="5f6d9368-c20c-4e11-b68f-73ba78e0fa00">
      <Output>
        <DebugTrace>Executing test initialization script...
1 batches, 0 ResultSets, 0 rows affected
Executing test script...
1 batches, 1 ResultSets, 13 rows affected
Validating both_date
Executing test cleanup script...
1 batches, 0 ResultSets, 0 rows affected
</DebugTrace>
      </Output>
    </UnitTestResult>
    <UnitTestResult executionId="ddd2a91c-1687-4b7d-8865-9714251a7321" testId="7ce6f9a9-0401-8cb6-d02a-60b319a46425" testName="ETL_helper_getTableReferenceDate_tableLogDateOnly" computerName="user1computername" duration="00:00:00.1203928" startTime="2015-04-22T12:50:15.9325190-05:00" endTime="2015-04-22T12:50:16.0555313-05:00" testType="13cdc9d9-ddb5-4fa4-a97d-d965ccfc6d4b" outcome="Passed" testListId="8c84fa94-04c1-424b-9868-57a2d4851a1d" relativeResultsDirectory="ddd2a91c-1687-4b7d-8865-9714251a7321">
      <Output>
        <DebugTrace>Executing test initialization script...
1 batches, 0 ResultSets, 0 rows affected
Executing test script...
Sql Error: 'Warning: Null value is eliminated by an aggregate or other SET operation.' (Severity 0, State 1)
1 batches, 1 ResultSets, 5 rows affected
Validating tableLogDate_date
Executing test cleanup script...
1 batches, 0 ResultSets, 0 rows affected
</DebugTrace>
      </Output>
    </UnitTestResult>
    <UnitTestResult executionId="a6a6a9c3-c43e-4449-b148-07a6089ba9b7" testId="511faa74-ef29-4ef4-0ee3-491376d23e9b" testName="ETL_helper_lateArrivingProjectId_withoutValidProject" computerName="user1computername" duration="00:00:00.1105962" startTime="2015-04-22T12:50:16.0575315-05:00" endTime="2015-04-22T12:50:16.1705428-05:00" testType="13cdc9d9-ddb5-4fa4-a97d-d965ccfc6d4b" outcome="Passed" testListId="8c84fa94-04c1-424b-9868-57a2d4851a1d" relativeResultsDirectory="a6a6a9c3-c43e-4449-b148-07a6089ba9b7">
      <Output>
        <DebugTrace>Executing test initialization script...
1 batches, 0 ResultSets, 0 rows affected
Executing test script...
1 batches, 2 ResultSets, 4 rows affected
Validating withoutValidProject_projectId
Validating withoutValidProject_updatedBy
Validating withoutValidProject_updatedDate
Validating withoutValidProject_stage_jobInstanceId
Validating withoutValidProject_stage_projectId
Validating withoutValidProject_stage_comments
Validating withoutValidProject_stage_insertedBy
Validating withoutValidProject_stage_insertedDate
Executing test cleanup script...
1 batches, 0 ResultSets, 0 rows affected
</DebugTrace>
      </Output>
    </UnitTestResult>
    <UnitTestResult executionId="eb39d0ac-9885-414d-91a7-0f5e263aa6b6" testId="ec7ebffd-9e89-69fd-2b86-6c46054d84a2" testName="ETL_helper_lateArrivingProjectId_withValidProject" computerName="user1computername" duration="00:00:00.1147303" startTime="2015-04-22T12:50:16.1735431-05:00" endTime="2015-04-22T12:50:16.2915549-05:00" testType="13cdc9d9-ddb5-4fa4-a97d-d965ccfc6d4b" outcome="Passed" testListId="8c84fa94-04c1-424b-9868-57a2d4851a1d" relativeResultsDirectory="eb39d0ac-9885-414d-91a7-0f5e263aa6b6">
      <Output>
        <DebugTrace>Executing test initialization script...
1 batches, 0 ResultSets, 0 rows affected
Executing test script...
1 batches, 1 ResultSets, 2 rows affected
Validating withValidProject_projectId
Validating withValidProject_updatedBy
Validating withValidProject_updatedDate
Executing test cleanup script...
1 batches, 0 ResultSets, 0 rows affected
</DebugTrace>
      </Output>
    </UnitTestResult>
    <UnitTestResult executionId="e986265b-3297-43fe-b8db-851cdee5e764" testId="3ec8033d-628c-62e7-cb14-9dc446825b88" testName="ETL_helper_logTableEndTest" computerName="user1computername" duration="00:00:00.1250506" startTime="2015-04-22T12:50:16.2935551-05:00" endTime="2015-04-22T12:50:16.4215679-05:00" testType="13cdc9d9-ddb5-4fa4-a97d-d965ccfc6d4b" outcome="Passed" testListId="8c84fa94-04c1-424b-9868-57a2d4851a1d" relativeResultsDirectory="e986265b-3297-43fe-b8db-851cdee5e764">
      <Output>
        <DebugTrace>Executing test initialization script...
1 batches, 0 ResultSets, 0 rows affected
Executing test script...
1 batches, 1 ResultSets, 2 rows affected
Validating stepInstanceId
Validating projectId
Validating tableName
Validating startDT
Validating endDT
Validating execStatus
Executing test cleanup script...
1 batches, 0 ResultSets, 0 rows affected
</DebugTrace>
      </Output>
    </UnitTestResult>
    <UnitTestResult executionId="1f254a86-7469-4ad9-b981-0f579217c52f" testId="0e454e5b-8358-8bf1-39bf-c140d5199946" testName="ETL_helper_logTableStart_withMissingProject" computerName="user1computername" duration="00:00:00.1121290" startTime="2015-04-22T12:50:16.4235681-05:00" endTime="2015-04-22T12:50:16.5375795-05:00" testType="13cdc9d9-ddb5-4fa4-a97d-d965ccfc6d4b" outcome="Passed" testListId="8c84fa94-04c1-424b-9868-57a2d4851a1d" relativeResultsDirectory="1f254a86-7469-4ad9-b981-0f579217c52f">
      <Output>
        <DebugTrace>Executing test initialization script...
1 batches, 0 ResultSets, 0 rows affected
Executing test script...
1 batches, 2 ResultSets, 4 rows affected
Validating missingProject_stepInstanceId
Validating missingProject_projectId
Validating missingProject_tableName
Validating missingProject_startDT
Validating missingProject_endDT
Validating missingProject_execStatus
Validating missingProject_stage_projectId
Validating missingProject_stage_insertedby
Validating missingProject_stage_insertedDate
Executing test cleanup script...
1 batches, 0 ResultSets, 0 rows affected
</DebugTrace>
      </Output>
    </UnitTestResult>
    <UnitTestResult executionId="ed6ec25a-6e3f-40c6-9851-25522d6415c5" testId="e8678655-b2a0-49b9-447c-700d012913b8" testName="ETL_helper_logTableStart_withValidProject" computerName="user1computername" duration="00:00:00.1227872" startTime="2015-04-22T12:50:16.5405798-05:00" endTime="2015-04-22T12:50:16.6655923-05:00" testType="13cdc9d9-ddb5-4fa4-a97d-d965ccfc6d4b" outcome="Passed" testListId="8c84fa94-04c1-424b-9868-57a2d4851a1d" relativeResultsDirectory="ed6ec25a-6e3f-40c6-9851-25522d6415c5">
      <Output>
        <DebugTrace>Executing test initialization script...
1 batches, 0 ResultSets, 0 rows affected
Executing test script...
1 batches, 1 ResultSets, 2 rows affected
Validating withValidProject_stepInstanceId
Validating withValidProject_projectId
Validating withValidProject_tableName
Validating withValidProject_startDT
Validating withValidProject_endDT
Validating withValidProject_execStatus
Executing test cleanup script...
1 batches, 0 ResultSets, 0 rows affected
</DebugTrace>
      </Output>
    </UnitTestResult>
    <UnitTestResult executionId="f9608ec7-e2b6-4373-9513-0a88c53ec1bf" testId="8c1d0f7b-8579-3343-ec20-6d988bfb6f2b" testName="ETL_helper_objectStoreInsert_Error_BadFileExtension" computerName="user1computername" duration="00:00:00.0430236" startTime="2015-04-22T12:50:16.6675925-05:00" endTime="2015-04-22T12:50:16.7135971-05:00" testType="13cdc9d9-ddb5-4fa4-a97d-d965ccfc6d4b" outcome="Passed" testListId="8c84fa94-04c1-424b-9868-57a2d4851a1d" relativeResultsDirectory="f9608ec7-e2b6-4373-9513-0a88c53ec1bf">
      <Output>
        <DebugTrace>Executing test script...
1 batches, 1 ResultSets, 1 rows affected
Validating checksumCondition7
Executing test cleanup script...
1 batches, 0 ResultSets, 0 rows affected
</DebugTrace>
      </Output>
    </UnitTestResult>
    <UnitTestResult executionId="c398a64a-4f9a-4637-af68-7eb004602117" testId="8d4d516d-a202-4f3d-88c6-30c08be1731e" testName="ETL_helper_objectStoreInsert_Error_GeneralAttemptedUpdateOverwriteOff" computerName="user1computername" duration="00:00:00.0428223" startTime="2015-04-22T12:50:16.7165974-05:00" endTime="2015-04-22T12:50:16.7626020-05:00" testType="13cdc9d9-ddb5-4fa4-a97d-d965ccfc6d4b" outcome="Passed" testListId="8c84fa94-04c1-424b-9868-57a2d4851a1d" relativeResultsDirectory="c398a64a-4f9a-4637-af68-7eb004602117">
      <Output>
        <DebugTrace>Executing pre-test script...
1 batches, 0 ResultSets, 1 rows affected
Executing test script...
1 batches, 1 ResultSets, 1 rows affected
Validating checksumCondition6
Executing test cleanup script...
1 batches, 0 ResultSets, 0 rows affected
</DebugTrace>
      </Output>
    </UnitTestResult>
    <UnitTestResult executionId="ce9d8f1b-73e1-4824-802c-d620120b154a" testId="5487e1e8-d443-05ae-f8ee-a385de5bf3c5" testName="ETL_helper_objectStoreInsert_Error_ImportFail" computerName="user1computername" duration="00:00:00.0831685" startTime="2015-04-22T12:50:16.7656023-05:00" endTime="2015-04-22T12:50:16.8506108-05:00" testType="13cdc9d9-ddb5-4fa4-a97d-d965ccfc6d4b" outcome="Passed" testListId="8c84fa94-04c1-424b-9868-57a2d4851a1d" relativeResultsDirectory="ce9d8f1b-73e1-4824-802c-d620120b154a">
      <Output>
        <DebugTrace>Executing test script...
1 batches, 1 ResultSets, 1 rows affected
Validating checksumCondition8
Executing test cleanup script...
1 batches, 0 ResultSets, 0 rows affected
</DebugTrace>
      </Output>
    </UnitTestResult>
    <UnitTestResult executionId="18e44eda-7fc8-4dca-a545-c7b9a2bc7031" testId="9effc09c-7d8d-5fb0-2cab-27b4a2596591" testName="ETL_helper_objectStoreInsert_Error_ProjectAttemptedUpdateOverwriteOff" computerName="user1computername" duration="00:00:00.0432573" startTime="2015-04-22T12:50:16.8536111-05:00" endTime="2015-04-22T12:50:16.8996157-05:00" testType="13cdc9d9-ddb5-4fa4-a97d-d965ccfc6d4b" outcome="Passed" testListId="8c84fa94-04c1-424b-9868-57a2d4851a1d" relativeResultsDirectory="18e44eda-7fc8-4dca-a545-c7b9a2bc7031">
      <Output>
        <DebugTrace>Executing pre-test script...
1 batches, 0 ResultSets, 1 rows affected
Executing test script...
1 batches, 1 ResultSets, 1 rows affected
Validating checksumCondition5
Executing test cleanup script...
1 batches, 0 ResultSets, 0 rows affected
</DebugTrace>
      </Output>
    </UnitTestResult>
    <UnitTestResult executionId="7f0e8910-826a-46da-8ac8-acfa4801ee08" testId="d7a4e912-205c-866f-a226-2ef21714f0be" testName="ETL_helper_objectStoreInsert_Error_UnknownObjectType" computerName="user1computername" duration="00:00:00.0441999" startTime="2015-04-22T12:50:16.9046162-05:00" endTime="2015-04-22T12:50:16.9506208-05:00" testType="13cdc9d9-ddb5-4fa4-a97d-d965ccfc6d4b" outcome="Passed" testListId="8c84fa94-04c1-424b-9868-57a2d4851a1d" relativeResultsDirectory="7f0e8910-826a-46da-8ac8-acfa4801ee08">
      <Output>
        <DebugTrace>Executing test script...
1 batches, 1 ResultSets, 1 rows affected
Validating checksumCondition9
Executing test cleanup script...
1 batches, 0 ResultSets, 0 rows affected
</DebugTrace>
      </Output>
    </UnitTestResult>
    <UnitTestResult executionId="cc50f312-a86a-4618-b487-18e21d997947" testId="fed4cbd5-a0c9-29e3-e7d3-3684495d7697" testName="ETL_helper_objectStoreInsert_GeneralISPAC_Insert" computerName="user1computername" duration="00:00:00.1005214" startTime="2015-04-22T12:50:16.9546212-05:00" endTime="2015-04-22T12:50:17.0566314-05:00" testType="13cdc9d9-ddb5-4fa4-a97d-d965ccfc6d4b" outcome="Passed" testListId="8c84fa94-04c1-424b-9868-57a2d4851a1d" relativeResultsDirectory="cc50f312-a86a-4618-b487-18e21d997947">
      <Output>
        <DebugTrace>Executing test script...
1 batches, 1 ResultSets, 1 rows affected
Validating checksumCondition4
Executing test cleanup script...
1 batches, 0 ResultSets, 0 rows affected
</DebugTrace>
      </Output>
    </UnitTestResult>
    <UnitTestResult executionId="336a7dde-9a84-4074-964c-ebdbf254a3e3" testId="b89de215-3873-a9b7-172e-8da26d05a103" testName="ETL_helper_objectStoreInsert_GeneralISPAC_Update" computerName="user1computername" duration="00:00:00.0744804" startTime="2015-04-22T12:50:17.0596317-05:00" endTime="2015-04-22T12:50:17.1356393-05:00" testType="13cdc9d9-ddb5-4fa4-a97d-d965ccfc6d4b" outcome="Passed" testListId="8c84fa94-04c1-424b-9868-57a2d4851a1d" relativeResultsDirectory="336a7dde-9a84-4074-964c-ebdbf254a3e3">
      <Output>
        <DebugTrace>Executing pre-test script...
1 batches, 0 ResultSets, 1 rows affected
Executing test script...
1 batches, 1 ResultSets, 1 rows affected
Validating checksumCondition3
Executing test cleanup script...
1 batches, 0 ResultSets, 0 rows affected
</DebugTrace>
      </Output>
    </UnitTestResult>
    <UnitTestResult executionId="4528e2c4-8002-4023-8580-2c9d7392efba" testId="5238d7ef-71f1-8677-81f4-cf0c4aa93445" testName="ETL_helper_objectStoreInsert_ProjectISPAC_Insert" computerName="user1computername" duration="00:00:00.0906965" startTime="2015-04-22T12:50:17.1386396-05:00" endTime="2015-04-22T12:50:17.2306488-05:00" testType="13cdc9d9-ddb5-4fa4-a97d-d965ccfc6d4b" outcome="Passed" testListId="8c84fa94-04c1-424b-9868-57a2d4851a1d" relativeResultsDirectory="4528e2c4-8002-4023-8580-2c9d7392efba">
      <Output>
        <DebugTrace>Executing test script...
1 batches, 1 ResultSets, 1 rows affected
Validating checksumCondition1
Executing test cleanup script...
1 batches, 0 ResultSets, 0 rows affected
</DebugTrace>
      </Output>
    </UnitTestResult>
    <UnitTestResult executionId="c2c81148-4dcf-4c6e-8592-8232b7f7e47c" testId="50c97857-a761-307f-f0da-cb5669d98953" testName="ETL_helper_objectStoreInsert_ProjectISPAC_Update" computerName="user1computername" duration="00:00:00.0765630" startTime="2015-04-22T12:50:17.2326490-05:00" endTime="2015-04-22T12:50:17.3126570-05:00" testType="13cdc9d9-ddb5-4fa4-a97d-d965ccfc6d4b" outcome="Passed" testListId="8c84fa94-04c1-424b-9868-57a2d4851a1d" relativeResultsDirectory="c2c81148-4dcf-4c6e-8592-8232b7f7e47c">
      <Output>
        <DebugTrace>Executing pre-test script...
1 batches, 0 ResultSets, 1 rows affected
Executing test script...
1 batches, 1 ResultSets, 1 rows affected
Validating checksumCondition2
Executing test cleanup script...
1 batches, 0 ResultSets, 0 rows affected
</DebugTrace>
      </Output>
    </UnitTestResult>
    <UnitTestResult executionId="64de2178-2e08-4934-ab78-44b10ce0e9f8" testId="6f88e808-a6e2-1c2d-9584-30d6f1318fa3" testName="ETL_helper_objectStoreInsertISPAC_Error_CleanedUp" computerName="user1computername" duration="00:00:00.1609336" startTime="2015-04-22T12:50:17.3146572-05:00" endTime="2015-04-22T12:50:17.4776735-05:00" testType="13cdc9d9-ddb5-4fa4-a97d-d965ccfc6d4b" outcome="Passed" testListId="8c84fa94-04c1-424b-9868-57a2d4851a1d" relativeResultsDirectory="64de2178-2e08-4934-ab78-44b10ce0e9f8">
      <Output>
        <DebugTrace>Executing pre-test script...
Sql Error: 'Changed database context to 'master'.' (Severity 0, State 1)
Sql Error: 'Changed database context to 'ETLCentralController'.' (Severity 0, State 1)
Sql Error: 'Changed database context to 'SSISDB'.' (Severity 0, State 1)
1 batches, 0 ResultSets, 0 rows affected
Executing test script...
Sql Error: 'Loading ISPAC to object store...' (Severity 1, State 1)
Sql Error: 'Deploying ISPAC to SSIS Catalog...' (Severity 1, State 1)
1 batches, 1 ResultSets, 1 rows affected
Validating checksumCondition2
Executing post-test script...
Sql Error: 'Changed database context to 'ETLCentralController'.' (Severity 0, State 1)
Sql Error: 'Changed database context to 'SSISDB'.' (Severity 0, State 1)
1 batches, 0 ResultSets, 0 rows affected
Executing test cleanup script...
1 batches, 0 ResultSets, 0 rows affected
</DebugTrace>
      </Output>
    </UnitTestResult>
    <UnitTestResult executionId="9afc191b-55fe-486b-be6c-12eba100b98b" testId="fd705c13-edf4-e696-cd2f-884f3924f353" testName="ETL_helper_objectStoreInsertISPAC_InsertSuccess" computerName="user1computername" duration="00:00:01.3345583" startTime="2015-04-22T12:50:17.4806738-05:00" endTime="2015-04-22T12:50:18.8178075-05:00" testType="13cdc9d9-ddb5-4fa4-a97d-d965ccfc6d4b" outcome="Passed" testListId="8c84fa94-04c1-424b-9868-57a2d4851a1d" relativeResultsDirectory="9afc191b-55fe-486b-be6c-12eba100b98b">
      <Output>
        <DebugTrace>Executing test script...
Sql Error: 'Loading ISPAC to object store...' (Severity 1, State 1)
Sql Error: 'Deploying ISPAC to SSIS Catalog...' (Severity 1, State 1)
Sql Error: 'Defining ETL Controller step...' (Severity 1, State 1)
Sql Error: 'Deleting project from SSIS Catalog...' (Severity 1, State 1)
1 batches, 1 ResultSets, 1 rows affected
Validating checksumCondition1
Executing test cleanup script...
1 batches, 0 ResultSets, 3 rows affected
</DebugTrace>
      </Output>
    </UnitTestResult>
    <UnitTestResult executionId="047149e6-0cbf-4854-8826-2d2c5a38f677" testId="86e611db-db10-eaaa-67b2-013103898bfc" testName="ETL_helper_queueJob_groupSpecific" computerName="user1computername" duration="00:00:00.2269430" startTime="2015-04-22T12:50:18.8218079-05:00" endTime="2015-04-22T12:50:19.0508308-05:00" testType="13cdc9d9-ddb5-4fa4-a97d-d965ccfc6d4b" outcome="Passed" testListId="8c84fa94-04c1-424b-9868-57a2d4851a1d" relativeResultsDirectory="047149e6-0cbf-4854-8826-2d2c5a38f677">
      <Output>
        <DebugTrace>Executing test initialization script...
1 batches, 0 ResultSets, 0 rows affected
Executing test script...
1 batches, 4 ResultSets, 16 rows affected
Validating groupSpecific_RS1_row1_checkJobId
Validating groupSpecific_RS1_row2_checkJobId
Validating groupSpecific_RS1_row3_checkJobId
Validating groupSpecific_RS1_row4_checkJobId
Validating groupSpecific_RS1_row5_checkJobId
Validating groupSpecific_RS1_row6_checkJobId
Validating groupSpecific_RS1_row7_checkJobId
Validating groupSpecific_RS1_row8_checkJobId
Validating groupSpecific_RS1_row9_checkJobId
Validating groupSpecific_RS1_row10_checkJobId
Validating groupSpecific_RS1_row11_checkJobId
Validating groupSpecific_RS1_row1_checkProjectId
Validating groupSpecific_RS1_row2_checkProjectId
Validating groupSpecific_RS1_row3_checkProjectId
Validating groupSpecific_RS1_row4_checkProjectId
Validating groupSpecific_RS1_row5_checkProjectId
Validating groupSpecific_RS1_row6_checkProjectId
Validating groupSpecific_RS1_row7_checkProjectId
Validating groupSpecific_RS1_row8_checkProjectId
Validating groupSpecific_RS1_row9_checkProjectId
Validating groupSpecific_RS1_row10_checkProjectId
Validating groupSpecific_RS1_row11_checkProjectId
Validating groupSpecific_RS1_row1_checkStatus
Validating groupSpecific_RS1_row2_checkStatus
Validating groupSpecific_RS1_row3_checkStatus
Validating groupSpecific_RS1_row4_checkStatus
Validating groupSpecific_RS1_row5_checkStatus
Validating groupSpecific_RS1_row6_checkStatus
Validating groupSpecific_RS1_row7_checkStatus
Validating groupSpecific_RS1_row8_checkStatus
Validating groupSpecific_RS1_row9_checkStatus
Validating groupSpecific_RS1_row10_checkStatus
Validating groupSpecific_RS1_row11_checkStatus
Validating groupSpecific_RS1_row1_checkBeginJob
Validating groupSpecific_RS1_row2_checkBeginJob
Validating groupSpecific_RS1_row3_checkBeginJob
Validating groupSpecific_RS1_row4_checkBeginJob
Validating groupSpecific_RS1_row5_checkBeginJob
Validating groupSpecific_RS1_row6_checkBeginJob
Validating groupSpecific_RS1_row7_checkBeginJob
Validating groupSpecific_RS1_row8_checkBeginJob
Validating groupSpecific_RS1_row9_checkBeginJob
Validating groupSpecific_RS1_row10_checkBeginJob
Validating groupSpecific_RS1_row11_checkBeginJob
Validating groupSpecific_RS1_row1_checkEndJob
Validating groupSpecific_RS1_row2_checkEndJob
Validating groupSpecific_RS1_row3_checkEndJob
Validating groupSpecific_RS1_row4_checkEndJob
Validating groupSpecific_RS1_row5_checkEndJob
Validating groupSpecific_RS1_row6_checkEndJob
Validating groupSpecific_RS1_row7_checkEndJob
Validating groupSpecific_RS1_row8_checkEndJob
Validating groupSpecific_RS1_row9_checkEndJob
Validating groupSpecific_RS1_row10_checkEndJob
Validating groupSpecific_RS1_row11_checkEndJob
Validating groupSpecific_RS1_row1_checkInsertedBy
Validating groupSpecific_RS1_row2_checkInsertedBy
Validating groupSpecific_RS1_row3_checkInsertedBy
Validating groupSpecific_RS1_row4_checkInsertedBy
Validating groupSpecific_RS1_row5_checkInsertedBy
Validating groupSpecific_RS1_row6_checkInsertedBy
Validating groupSpecific_RS1_row7_checkInsertedBy
Validating groupSpecific_RS1_row8_checkInsertedBy
Validating groupSpecific_RS1_row9_checkInsertedBy
Validating groupSpecific_RS1_row10_checkInsertedBy
Validating groupSpecific_RS1_row11_checkInsertedBy
Validating groupSpecific_RS1_row1_checkInsertedDate
Validating groupSpecific_RS1_row2_checkInsertedDate
Validating groupSpecific_RS1_row3_checkInsertedDate
Validating groupSpecific_RS1_row4_checkInsertedDate
Validating groupSpecific_RS1_row5_checkInsertedDate
Validating groupSpecific_RS1_row6_checkInsertedDate
Validating groupSpecific_RS1_row7_checkInsertedDate
Validating groupSpecific_RS1_row8_checkInsertedDate
Validating groupSpecific_RS1_row9_checkInsertedDate
Validating groupSpecific_RS1_row10_checkInsertedDate
Validating groupSpecific_RS1_row11_checkInsertedDate
Validating groupSpecific_RS1_row1_checkUpdatedBy
Validating groupSpecific_RS1_row2_checkUpdatedBy
Validating groupSpecific_RS1_row3_checkUpdatedBy
Validating groupSpecific_RS1_row4_checkUpdatedBy
Validating groupSpecific_RS1_row5_checkUpdatedBy
Validating groupSpecific_RS1_row6_checkUpdatedBy
Validating groupSpecific_RS1_row7_checkUpdatedBy
Validating groupSpecific_RS1_row8_checkUpdatedBy
Validating groupSpecific_RS1_row9_checkUpdatedBy
Validating groupSpecific_RS1_row10_checkUpdatedBy
Validating groupSpecific_RS1_row11_checkUpdatedBy
Validating groupSpecific_RS1_row1_checkUpdatedDate
Validating groupSpecific_RS1_row2_checkUpdatedDate
Validating groupSpecific_RS1_row3_checkUpdatedDate
Validating groupSpecific_RS1_row4_checkUpdatedDate
Validating groupSpecific_RS1_row5_checkUpdatedDate
Validating groupSpecific_RS1_row6_checkUpdatedDate
Validating groupSpecific_RS1_row7_checkUpdatedDate
Validating groupSpecific_RS1_row8_checkUpdatedDate
Validating groupSpecific_RS1_row9_checkUpdatedDate
Validating groupSpecific_RS1_row10_checkUpdatedDate
Validating groupSpecific_RS1_row11_checkUpdatedDate
Validating groupSpecific_RS2_checkIsRunning
Validating groupSpecific_RS2_checkPriority
Validating groupSpecific_RS2_checkScheduled
Validating groupSpecific_RS2_checkInsertedByCode
Validating groupSpecific_RS2_checkInsertedDate
Validating groupSpecific_RS3_row1_checkStepId
Validating groupSpecific_RS3_row1_checkWorkerId
Validating groupSpecific_RS3_row1_checkCatalogExecutionId
Validating groupSpecific_RS3_row1_checkStatus
Validating groupSpecific_RS3_row1_checkBeginJob
Validating groupSpecific_RS3_row1_endJob
Validating groupSpecific_RS3_row1_checkComments
Validating groupSpecific_RS3_row1_checkInsertedByCode
Validating groupSpecific_RS3_row1_checkInsertedDate
Validating groupSpecific_RS3_row1_checkUpdatedByCode
Validating groupSpecific_RS3_row1_checkUpdatedDate
Validating groupSpecific_RS3_row1_checkStepInstanceCount
Validating groupSpecific_RS3_row2_checkStepId
Validating groupSpecific_RS3_row2_checkWorkerId
Validating groupSpecific_RS3_row2_checkCatalogExecutionId
Validating groupSpecific_RS3_row2_checkStatus
Validating groupSpecific_RS3_row2_checkBeginJob
Validating groupSpecific_RS3_row2_endJob
Validating groupSpecific_RS3_row2_checkComments
Validating groupSpecific_RS3_row2_checkInsertedByCode
Validating groupSpecific_RS3_row2_checkInsertedDate
Validating groupSpecific_RS3_row2_checkUpdatedByCode
Validating groupSpecific_RS3_row2_checkUpdatedDate
Validating groupSpecific_RS3_row2_checkStepInstanceCount
Validating groupSpecific_RS3_row3_checkStepId
Validating groupSpecific_RS3_row3_checkWorkerId
Validating groupSpecific_RS3_row3_checkCatalogExecutionId
Validating groupSpecific_RS3_row3_checkStatus
Validating groupSpecific_RS3_row3_checkBeginJob
Validating groupSpecific_RS3_row3_endJob
Validating groupSpecific_RS3_row3_checkComments
Validating groupSpecific_RS3_row3_checkInsertedByCode
Validating groupSpecific_RS3_row3_checkInsertedDate
Validating groupSpecific_RS3_row3_checkUpdatedByCode
Validating groupSpecific_RS3_row3_checkUpdatedDate
Validating groupSpecific_RS3_row3_checkStepInstanceCount
Validating groupSpecific_checkQueueCount
Executing test cleanup script...
1 batches, 0 ResultSets, 0 rows affected
</DebugTrace>
      </Output>
    </UnitTestResult>
    <UnitTestResult executionId="46198e7c-23a2-49d2-90b6-cad1d7bf901a" testId="d9539e3b-1291-529f-b519-48a3546628b6" testName="ETL_helper_queueJob_noProject_or_Group" computerName="user1computername" duration="00:00:00.1426653" startTime="2015-04-22T12:50:19.0538311-05:00" endTime="2015-04-22T12:50:19.1988456-05:00" testType="13cdc9d9-ddb5-4fa4-a97d-d965ccfc6d4b" outcome="Passed" testListId="8c84fa94-04c1-424b-9868-57a2d4851a1d" relativeResultsDirectory="46198e7c-23a2-49d2-90b6-cad1d7bf901a">
      <Output>
        <DebugTrace>Executing test initialization script...
1 batches, 0 ResultSets, 0 rows affected
Executing test script...
1 batches, 3 ResultSets, 5 rows affected
Validating nojob_nogroup_RS1_checkJobId
Validating nojob_nogroup_RS1_checkProjectId
Validating nojob_nogroup_RS1_checkCdStatus
Validating nojob_nogroup_RS1_checkBeginJob
Validating nojob_nogroup_RS1_checkEndJob
Validating nojob_nogroup_RS1_checkInsertedByCode
Validating nojob_nogroup_RS1_checkInsertedDate
Validating nojob_nogroup_RS1_checkUpdatedByCode
Validating nojob_nogroup_RS1_checkUpdatedDate
Validating nojob_nogroup_RS2_checkIsRunning
Validating nojob_nogroup_RS2_checkPriority
Validating nojob_nogroup_RS2_checkScheduled
Validating nojob_nogroup_RS2_checkInsertedByCode
Validating nojob_nogroup_RS2_checkInsertedDate
Validating nojob_nogroup_RS3_Row1_checkStepId
Validating nojob_nogroup_RS3_Row1_checkWorkerId
Validating nojob_nogroup_RS3_Row1_checkCatalogExecutionId
Validating nojob_nogroup_RS3_Row1_checkStatus
Validating nojob_nogroup_RS3_Row1_checkStepStart
Validating nojob_nogroup_RS3_Row1_checkStepEnd
Validating nojob_nogroup_RS3_Row1_checkComments
Validating nojob_nogroup_RS3_Row1_checkInsertedByCode
Validating nojob_nogroup_RS3_Row1_checkInsertedDate
Validating nojob_nogroup_RS3_Row1_checkUpdatedBy
Validating nojob_nogroup_RS3_Row1_checkUpdatedDate
Validating nojob_nogroup_RS3_Row2_checkStepId
Validating nojob_nogroup_RS3_Row2_checkWorkerId
Validating nojob_nogroup_RS3_Row2_checkCatalogExecutionId
Validating nojob_nogroup_RS3_Row2_checkStatus
Validating nojob_nogroup_RS3_Row2_checkStepStart
Validating nojob_nogroup_RS3_Row2_checkStepEnd
Validating nojob_nogroup_RS3_Row2_checkComments
Validating nojob_nogroup_RS3_Row2_checkInsertedBy
Validating nojob_nogroup_RS3_Row2_checkInsertedDate
Validating nojob_nogroup_RS3_Row2_checkUpdatedBy
Validating nojob_nogroup_RS3_Row2_checkUpdatedDate
Validating nojob_nogroup_RS3_Row3_checkStepId
Validating nojob_nogroup_RS3_Row3_checkWorkerId
Validating nojob_nogroup_RS3_Row3_checkCatalogExecutionId
Validating nojob_nogroup_RS3_Row3_checkStatus
Validating nojob_nogroup_RS3_Row3_checkStepStart
Validating nojob_nogroup_RS3_Row3_checkStepEnd
Validating nojob_nogroup_RS3_Row3_checkComments
Validating nojob_nogroup_RS3_Row3_checkInsertedBy
Validating nojob_nogroup_RS3_Row3_checkInsertedDate
Validating nojob_nogroup_RS3_Row3_checkUpdatedBy
Validating nojob_nogroup_RS3_Row3_checkUpdatedDate
Executing test cleanup script...
1 batches, 0 ResultSets, 0 rows affected
</DebugTrace>
      </Output>
    </UnitTestResult>
    <UnitTestResult executionId="7d9d52eb-ea3a-4037-98d3-3ad35c22a6bd" testId="fdc6906a-6d6f-9642-d74c-c02e007e32b2" testName="ETL_helper_queueJob_projectSpecific" computerName="user1computername" duration="00:00:00.1195196" startTime="2015-04-22T12:50:19.2018459-05:00" endTime="2015-04-22T12:50:19.3238581-05:00" testType="13cdc9d9-ddb5-4fa4-a97d-d965ccfc6d4b" outcome="Passed" testListId="8c84fa94-04c1-424b-9868-57a2d4851a1d" relativeResultsDirectory="7d9d52eb-ea3a-4037-98d3-3ad35c22a6bd">
      <Output>
        <DebugTrace>Executing test initialization script...
1 batches, 0 ResultSets, 0 rows affected
Executing test script...
1 batches, 3 ResultSets, 5 rows affected
Validating projectSpecific_RS1_checkJobId
Validating projectSpecific_RS1_checkProjectId
Validating projectSpecific_RS1_checkCdStatus
Validating projectSpecific_RS1_checkBeginJob
Validating projectSpecific_RS1_checkEndJob
Validating projectSpecific_RS1_checkInsertedByCode
Validating projectSpecific_RS1_checkInsertedDate
Validating projectSpecific_RS1_checkUpdatedByCode
Validating projectSpecific_RS1_checkUpdatedDate
Validating projectSpecific_RS2_checkIsRunning
Validating projectSpecific_RS2_checkPriority
Validating projectSpecific_RS2_checkScheduled
Validating projectSpecific_RS2_checkInsertedByCode
Validating projectSpecific_RS2_checkInsertedDate
Validating projectSpecific_RS3_Row1_checkStepId
Validating projectSpecific_RS3_Row1_checkWorkerId
Validating projectSpecific_RS3_Row1_checkCatalogExecutionId
Validating projectSpecific_RS3_Row1_checkStatus
Validating projectSpecific_RS3_Row1_checkStepStart
Validating projectSpecific_RS3_Row1_checkStepEnd
Validating projectSpecific_RS3_Row1_checkComments
Validating projectSpecific_RS3_Row1_checkInsertedByCode
Validating projectSpecific_RS3_Row1_checkInsertedDate
Validating projectSpecific_RS3_Row1_checkUpdatedBy
Validating projectSpecific_RS3_Row1_checkUpdatedDate
Validating projectSpecific_RS3_Row2_checkStepId
Validating projectSpecific_RS3_Row2_checkWorkerId
Validating projectSpecific_RS3_Row2_checkCatalogExecutionId
Validating projectSpecific_RS3_Row2_checkStatus
Validating projectSpecific_RS3_Row2_checkStepStart
Validating projectSpecific_RS3_Row2_checkStepEnd
Validating projectSpecific_RS3_Row2_checkComments
Validating projectSpecific_RS3_Row2_checkInsertedBy
Validating projectSpecific_RS3_Row2_checkInsertedDate
Validating projectSpecific_RS3_Row2_checkUpdatedBy
Validating projectSpecific_RS3_Row2_checkUpdatedDate
Validating projectSpecific_RS3_Row3_checkStepId
Validating projectSpecific_RS3_Row3_checkWorkerId
Validating projectSpecific_RS3_Row3_checkCatalogExecutionId
Validating projectSpecific_RS3_Row3_checkStatus
Validating projectSpecific_RS3_Row3_checkStepStart
Validating projectSpecific_RS3_Row3_checkStepEnd
Validating projectSpecific_RS3_Row3_checkComments
Validating projectSpecific_RS3_Row3_checkInsertedBy
Validating projectSpecific_RS3_Row3_checkInsertedDate
Validating projectSpecific_RS3_Row3_checkUpdatedBy
Validating projectSpecific_RS3_Row3_checkUpdatedDate
Executing test cleanup script...
1 batches, 0 ResultSets, 0 rows affected
</DebugTrace>
      </Output>
    </UnitTestResult>
    <UnitTestResult executionId="57d0908d-07e8-42f4-9be5-ffe4555401fa" testId="f08b8bbd-f087-c366-8cb8-467284add925" testName="ETL_helper_startJobTest" computerName="user1computername" duration="00:00:00.0247466" startTime="2015-04-22T12:50:19.3268584-05:00" endTime="2015-04-22T12:50:19.3538611-05:00" testType="13cdc9d9-ddb5-4fa4-a97d-d965ccfc6d4b" outcome="Inconclusive" testListId="8c84fa94-04c1-424b-9868-57a2d4851a1d" relativeResultsDirectory="57d0908d-07e8-42f4-9be5-ffe4555401fa">
      <Output>
        <DebugTrace>Executing test script...
1 batches, 1 ResultSets, 1 rows affected
Validating inconclusiveCondition1
</DebugTrace>
        <ErrorInfo>
          <Message>Assert.Inconclusive failed. </Message>
          <StackTrace>   at Microsoft.Data.Tools.Schema.Sql.UnitTesting.Conditions.InconclusiveCondition.Assert(DbConnection validationConnection, SqlExecutionResult[] results)
   at Microsoft.Data.Tools.Schema.Sql.UnitTesting.ExecutionEngine.EvaluateConditions(DbConnection validationConnection, SqlExecutionResult[] results, Collection`1 conditions)
   at Microsoft.Data.Tools.Schema.Sql.UnitTesting.SqlDatabaseTestService.Execute(ConnectionContext scriptExecutionContext, ConnectionContext privilegedExecutionContext, SqlDatabaseTestAction action, DbParameter[] sqlParameters)
   at test.ETL_helper_startJob_UT.ETL_helper_startJobTest() in c:\_SourceControl\HLTFS\Tools\HLETLFramework\Dev\HLETLCentral\test\ETL_helper_startJob_UT.cs:line 95
</StackTrace>
        </ErrorInfo>
      </Output>
    </UnitTestResult>
    <UnitTestResult executionId="d65f6069-6585-4339-b695-f6d47600c1d3" testId="3ac9445c-da5c-7cc7-435c-29b80d0b052a" testName="ETL_helper_startStepTest" computerName="user1computername" duration="00:00:00.0270239" startTime="2015-04-22T12:50:19.3568614-05:00" endTime="2015-04-22T12:50:19.3868644-05:00" testType="13cdc9d9-ddb5-4fa4-a97d-d965ccfc6d4b" outcome="Inconclusive" testListId="8c84fa94-04c1-424b-9868-57a2d4851a1d" relativeResultsDirectory="d65f6069-6585-4339-b695-f6d47600c1d3">
      <Output>
        <DebugTrace>Executing test script...
1 batches, 0 ResultSets, 0 rows affected
Validating inconclusiveCondition1
</DebugTrace>
        <ErrorInfo>
          <Message>Assert.Inconclusive failed. </Message>
          <StackTrace>   at Microsoft.Data.Tools.Schema.Sql.UnitTesting.Conditions.InconclusiveCondition.Assert(DbConnection validationConnection, SqlExecutionResult[] results)
   at Microsoft.Data.Tools.Schema.Sql.UnitTesting.ExecutionEngine.EvaluateConditions(DbConnection validationConnection, SqlExecutionResult[] results, Collection`1 conditions)
   at Microsoft.Data.Tools.Schema.Sql.UnitTesting.SqlDatabaseTestService.Execute(ConnectionContext scriptExecutionContext, ConnectionContext privilegedExecutionContext, SqlDatabaseTestAction action, DbParameter[] sqlParameters)
   at test.ETL_helper_startStep_UT.ETL_helper_startStepTest() in c:\_SourceControl\HLTFS\Tools\HLETLFramework\Dev\HLETLCentral\test\ETL_helper_startStep_UT.cs:line 95
</StackTrace>
        </ErrorInfo>
      </Output>
    </UnitTestResult>
    <UnitTestResult executionId="7815c3c3-3fed-48b0-a464-b3b8f37e0db7" testId="b1c1a495-8082-e182-df9d-76902a064934" testName="ETL_helper_warningWriteTest_allParameters" computerName="user1computername" duration="00:00:00.1156319" startTime="2015-04-22T12:50:19.3888646-05:00" endTime="2015-04-22T12:50:19.5068764-05:00" testType="13cdc9d9-ddb5-4fa4-a97d-d965ccfc6d4b" outcome="Passed" testListId="8c84fa94-04c1-424b-9868-57a2d4851a1d" relativeResultsDirectory="7815c3c3-3fed-48b0-a464-b3b8f37e0db7">
      <Output>
        <DebugTrace>Executing test initialization script...
1 batches, 0 ResultSets, 0 rows affected
Executing test script...
1 batches, 1 ResultSets, 2 rows affected
Validating checkJobInstanceId_allParameters
Validating checkStepInstanceId_allParameters
Validating checkSeverity_allParameters
Validating checkEventName_allParameters
Validating checkEventDetail_allParameters
Validating checkSource
Validating checkLogRecordWritten_allParameters
Executing test cleanup script...
1 batches, 0 ResultSets, 0 rows affected
</DebugTrace>
      </Output>
    </UnitTestResult>
    <UnitTestResult executionId="25bc721f-9db6-4c88-a422-ef5ed370a361" testId="198bbb0c-b19b-4758-524c-5583195bd8b9" testName="ETL_helper_warningWriteTest_dateTimeValueParameter" computerName="user1computername" duration="00:00:00.1192733" startTime="2015-04-22T12:50:19.5088766-05:00" endTime="2015-04-22T12:50:19.6308888-05:00" testType="13cdc9d9-ddb5-4fa4-a97d-d965ccfc6d4b" outcome="Passed" testListId="8c84fa94-04c1-424b-9868-57a2d4851a1d" relativeResultsDirectory="25bc721f-9db6-4c88-a422-ef5ed370a361">
      <Output>
        <DebugTrace>Executing test initialization script...
1 batches, 0 ResultSets, 0 rows affected
Executing test script...
1 batches, 1 ResultSets, 2 rows affected
Validating checkJobInstanceId_dateTimeValueParameter
Validating checkStepInstanceId_dateTimeValueParameter
Validating checkSeverity_dateTimeValueParameter
Validating checkEventName_dateTimeValueParameter
Validating checkEventDetail_dateTimeValueParameter
Validating checkLogRecordWritten_dateTimeValueParameter
Executing test cleanup script...
1 batches, 0 ResultSets, 0 rows affected
</DebugTrace>
      </Output>
    </UnitTestResult>
    <UnitTestResult executionId="b040be4f-7be3-4d50-af49-f858f838f634" testId="efc9805d-5ae4-6ef7-38f0-c704ccf08d6c" testName="ETL_helper_warningWriteTest_integerValueParameter" computerName="user1computername" duration="00:00:00.1221454" startTime="2015-04-22T12:50:19.6328890-05:00" endTime="2015-04-22T12:50:19.7579015-05:00" testType="13cdc9d9-ddb5-4fa4-a97d-d965ccfc6d4b" outcome="Passed" testListId="8c84fa94-04c1-424b-9868-57a2d4851a1d" relativeResultsDirectory="b040be4f-7be3-4d50-af49-f858f838f634">
      <Output>
        <DebugTrace>Executing test initialization script...
1 batches, 0 ResultSets, 0 rows affected
Executing test script...
1 batches, 1 ResultSets, 2 rows affected
Validating checkJobInstanceId_integerValueParameter
Validating checkStepInstanceId_integerValueParameter
Validating checkSeverity_integerValueParameter
Validating checkEventName_integerValueParameter
Validating checkEventDetail_integerValueParameter
Validating checkLogRecordWritten_integerValueParameter
Executing test cleanup script...
1 batches, 0 ResultSets, 0 rows affected
</DebugTrace>
      </Output>
    </UnitTestResult>
    <UnitTestResult executionId="85d8267a-6c42-4660-b23e-e11135f7ff5c" testId="5bb0ca4a-56ad-3a56-5b24-2c735a211bbd" testName="ETL_helper_warningWriteTest_jobInstanceIdParameter" computerName="user1computername" duration="00:00:00.1167304" startTime="2015-04-22T12:50:19.7609018-05:00" endTime="2015-04-22T12:50:19.8809138-05:00" testType="13cdc9d9-ddb5-4fa4-a97d-d965ccfc6d4b" outcome="Passed" testListId="8c84fa94-04c1-424b-9868-57a2d4851a1d" relativeResultsDirectory="85d8267a-6c42-4660-b23e-e11135f7ff5c">
      <Output>
        <DebugTrace>Executing test initialization script...
1 batches, 0 ResultSets, 0 rows affected
Executing test script...
1 batches, 1 ResultSets, 2 rows affected
Validating checkJobInstanceId_jobInstanceIdParameter
Validating checkStepInstanceId_jobInstanceIdParameter
Validating checkSeverity_jobInstanceIdParameter
Validating checkEventName_jobInstanceIdParameter
Validating checkEventDetail_jobInstanceIdParameter
Validating checkSource_jobInstanceIdParameter
Validating checkLogRecordWritten_jobInstanceIdParameter
Executing test cleanup script...
1 batches, 0 ResultSets, 0 rows affected
</DebugTrace>
      </Output>
    </UnitTestResult>
    <UnitTestResult executionId="0f264123-3e9d-4e34-b7d1-bc38d741d660" testId="a1d9a69c-7c08-535c-a82f-8014c8e4aa68" testName="ETL_helper_warningWriteTest_messageParameterOnly" computerName="user1computername" duration="00:00:00.1160984" startTime="2015-04-22T12:50:19.8839141-05:00" endTime="2015-04-22T12:50:20.0029260-05:00" testType="13cdc9d9-ddb5-4fa4-a97d-d965ccfc6d4b" outcome="Passed" testListId="8c84fa94-04c1-424b-9868-57a2d4851a1d" relativeResultsDirectory="0f264123-3e9d-4e34-b7d1-bc38d741d660">
      <Output>
        <DebugTrace>Executing test initialization script...
1 batches, 0 ResultSets, 0 rows affected
Executing test script...
1 batches, 1 ResultSets, 2 rows affected
Validating checkJobInstanceId_messageParameterOnly
Validating checkStepInstanceId_messageParameterOnly
Validating checkSeverity_messageParameterOnly
Validating checkEventName_messageParameterOnly
Validating checkEventDetail_messageParameterOnly
Validating checkForLogRecord_messageParameterOnly
Executing test cleanup script...
1 batches, 0 ResultSets, 0 rows affected
</DebugTrace>
      </Output>
    </UnitTestResult>
    <UnitTestResult executionId="14696865-85f6-4c39-8127-af91159fe56d" testId="bbf9f8ad-9f28-41c4-56ea-79d4b4864b9c" testName="ETL_helper_warningWriteTest_sourceParameter" computerName="user1computername" duration="00:00:00.1138208" startTime="2015-04-22T12:50:20.0049262-05:00" endTime="2015-04-22T12:50:20.1209378-05:00" testType="13cdc9d9-ddb5-4fa4-a97d-d965ccfc6d4b" outcome="Passed" testListId="8c84fa94-04c1-424b-9868-57a2d4851a1d" relativeResultsDirectory="14696865-85f6-4c39-8127-af91159fe56d">
      <Output>
        <DebugTrace>Executing test initialization script...
1 batches, 0 ResultSets, 0 rows affected
Executing test script...
1 batches, 1 ResultSets, 2 rows affected
Validating checkJobInstanceId_sourceParameter
Validating checkStepInstanceId_sourceParameter
Validating checkSeverity_sourceParameter
Validating checkEventName_sourceParameter
Validating checkEventDetail_sourceParameter
Validating checkSource_sourceParameter
Validating checkLogRecordWritten_sourceParameter
Executing test cleanup script...
1 batches, 0 ResultSets, 0 rows affected
</DebugTrace>
      </Output>
    </UnitTestResult>
    <UnitTestResult executionId="08880de6-098b-446e-896b-0badc190e691" testId="ade8feb4-0003-ae45-f8e3-eb2a863581b9" testName="ETL_helper_warningWriteTest_stepInstanceIdParameter" computerName="user1computername" duration="00:00:00.1098561" startTime="2015-04-22T12:50:20.1239381-05:00" endTime="2015-04-22T12:50:20.2359493-05:00" testType="13cdc9d9-ddb5-4fa4-a97d-d965ccfc6d4b" outcome="Passed" testListId="8c84fa94-04c1-424b-9868-57a2d4851a1d" relativeResultsDirectory="08880de6-098b-446e-896b-0badc190e691">
      <Output>
        <DebugTrace>Executing test initialization script...
1 batches, 0 ResultSets, 0 rows affected
Executing test script...
1 batches, 1 ResultSets, 2 rows affected
Validating checkJobInstanceId_stepInstanceIdParameter
Validating checkStepInstanceId_stepInstanceIdParameter
Validating checkSeverity_stepInstanceIdParameter
Validating checkEventName_stepInstanceIdParameter
Validating checkEventDetail_stepInstanceIdParameter
Validating checkSource_stepInstanceIdParameter
Validating checkLogRecordWritten_stepInstanceIdParameter
Executing test cleanup script...
1 batches, 0 ResultSets, 0 rows affected
</DebugTrace>
      </Output>
    </UnitTestResult>
    <UnitTestResult executionId="56bb5394-0482-401a-8d51-a599424c7c65" testId="ccfc17c8-4744-c73b-e6df-cbdb121cd18f" testName="ETL_helper_warningWriteTest_stringValueParameter" computerName="user1computername" duration="00:00:00.1133029" startTime="2015-04-22T12:50:20.2379495-05:00" endTime="2015-04-22T12:50:20.3529610-05:00" testType="13cdc9d9-ddb5-4fa4-a97d-d965ccfc6d4b" outcome="Passed" testListId="8c84fa94-04c1-424b-9868-57a2d4851a1d" relativeResultsDirectory="56bb5394-0482-401a-8d51-a599424c7c65">
      <Output>
        <DebugTrace>Executing test initialization script...
1 batches, 0 ResultSets, 0 rows affected
Executing test script...
1 batches, 1 ResultSets, 2 rows affected
Validating checkJobInstanceId_stringValueParameter
Validating checkStepInstanceId_stringValueParameter
Validating checkSeverity_stringValueParameter
Validating checkEventName_stringValueParameter
Validating checkEventDetail_stringValueParameter
Validating checkLogRecordWritten_stringValueParameter
Executing test cleanup script...
1 batches, 0 ResultSets, 0 rows affected
</DebugTrace>
      </Output>
    </UnitTestResult>
    <UnitTestResult executionId="3ff09acb-2943-483a-bf43-231bcdb96e02" testId="ac5ebfa8-72f6-c232-3105-4928ceab5b00" testName="ETL_job_insertJobTest" computerName="user1computername" duration="00:00:00.1128407" startTime="2015-04-22T12:50:20.3559613-05:00" endTime="2015-04-22T12:50:20.4709728-05:00" testType="13cdc9d9-ddb5-4fa4-a97d-d965ccfc6d4b" outcome="Passed" testListId="8c84fa94-04c1-424b-9868-57a2d4851a1d" relativeResultsDirectory="3ff09acb-2943-483a-bf43-231bcdb96e02">
      <Output>
        <DebugTrace>Executing test initialization script...
1 batches, 0 ResultSets, 0 rows affected
Executing test script...
1 batches, 1 ResultSets, 2 rows affected
Validating checkJobName
Validating checkIsActive
Validating checkIsProjectSpecific
Validating checkComments
Validating checkInsertedByCode
Validating checkInsertedDate
Validating checkResultSet
Executing test cleanup script...
1 batches, 0 ResultSets, 0 rows affected
</DebugTrace>
      </Output>
    </UnitTestResult>
    <UnitTestResult executionId="14b9b681-3128-4f7b-82ab-146257465469" testId="15969d94-066c-33bf-1750-37377c2ccf77" testName="ETL_job_insertJobDefinitionTest" computerName="user1computername" duration="00:00:00.1162958" startTime="2015-04-22T12:50:20.4739731-05:00" endTime="2015-04-22T12:50:20.5919849-05:00" testType="13cdc9d9-ddb5-4fa4-a97d-d965ccfc6d4b" outcome="Passed" testListId="8c84fa94-04c1-424b-9868-57a2d4851a1d" relativeResultsDirectory="14b9b681-3128-4f7b-82ab-146257465469">
      <Output>
        <DebugTrace>Executing test initialization script...
1 batches, 0 ResultSets, 0 rows affected
Executing test script...
1 batches, 1 ResultSets, 2 rows affected
Validating checkJobId
Validating checkStepId
Validating checkComments
Validating checkInsertedByCode
Validating checkInsertedDate
Validating checkRecordSet
Executing test cleanup script...
1 batches, 0 ResultSets, 0 rows affected
</DebugTrace>
      </Output>
    </UnitTestResult>
    <UnitTestResult executionId="a6589019-ca4b-4b1e-ba47-d17eb90e3021" testId="1f328a94-2a95-a239-17f4-a2fde51501e7" testName="ETL_job_insertJobInstanceTest" computerName="user1computername" duration="00:00:00.3678739" startTime="2015-04-22T12:50:20.5949852-05:00" endTime="2015-04-22T12:50:20.9660223-05:00" testType="13cdc9d9-ddb5-4fa4-a97d-d965ccfc6d4b" outcome="Passed" testListId="8c84fa94-04c1-424b-9868-57a2d4851a1d" relativeResultsDirectory="a6589019-ca4b-4b1e-ba47-d17eb90e3021">
      <Output>
        <DebugTrace>Executing test initialization script...
1 batches, 0 ResultSets, 0 rows affected
Executing test script...
1 batches, 1 ResultSets, 2 rows affected
Validating checkJobId
Validating checkStatusCode
Validating checkBeginJob
Validating checkEndJob
Validating checkInsertedByCode
Validating checkInsertedDate
Validating checkUpdatedByCode
Validating checkUpdatedDate
Validating checkResultSet
Executing test cleanup script...
1 batches, 0 ResultSets, 0 rows affected
</DebugTrace>
      </Output>
    </UnitTestResult>
    <UnitTestResult executionId="cae7910f-6ea6-46bd-9686-75dd693d8add" testId="f5f09992-c608-af79-23be-e1fa3cd00f50" testName="ETL_job_updateJobInstance_complete" computerName="user1computername" duration="00:00:00.1235558" startTime="2015-04-22T12:50:20.9690226-05:00" endTime="2015-04-22T12:50:21.0950352-05:00" testType="13cdc9d9-ddb5-4fa4-a97d-d965ccfc6d4b" outcome="Passed" testListId="8c84fa94-04c1-424b-9868-57a2d4851a1d" relativeResultsDirectory="cae7910f-6ea6-46bd-9686-75dd693d8add">
      <Output>
        <DebugTrace>Executing test initialization script...
1 batches, 0 ResultSets, 0 rows affected
Executing test script...
1 batches, 1 ResultSets, 1 rows affected
Validating checkStatusCode_complete
Validating checkBeginJob_completed
Validating checkEndJob_completed
Validating checkInsertedByCode_completed
Validating checkInsertedDate_completed
Validating checkUpdatedByCode_completed
Validating checkUpdatedDate_completed
Validating checkResultSet_completed
Executing test cleanup script...
1 batches, 0 ResultSets, 0 rows affected
</DebugTrace>
      </Output>
    </UnitTestResult>
    <UnitTestResult executionId="4191ef9c-8409-4da3-8518-305e4b2a91e0" testId="09c588c6-38b4-9dd3-91b7-d32f9ce6a7fc" testName="ETL_job_updateJobInstance_error" computerName="user1computername" duration="00:00:00.1091385" startTime="2015-04-22T12:50:21.0980355-05:00" endTime="2015-04-22T12:50:21.2090466-05:00" testType="13cdc9d9-ddb5-4fa4-a97d-d965ccfc6d4b" outcome="Passed" testListId="8c84fa94-04c1-424b-9868-57a2d4851a1d" relativeResultsDirectory="4191ef9c-8409-4da3-8518-305e4b2a91e0">
      <Output>
        <DebugTrace>Executing test initialization script...
1 batches, 0 ResultSets, 0 rows affected
Executing test script...
1 batches, 1 ResultSets, 1 rows affected
Validating checkStatusCode_error
Validating checkBeginJob_error
Validating checkEndJob_error
Validating checkInsertedByCode_error
Validating checkInsertedDate_error
Validating checkUpdatedByCode_error
Validating checkUpdatedDate_error
Validating checkResultSet_error
Executing test cleanup script...
1 batches, 0 ResultSets, 0 rows affected
</DebugTrace>
      </Output>
    </UnitTestResult>
    <UnitTestResult executionId="a7e22c4e-ea79-4ca0-a505-610482c5cc07" testId="82a7d719-5ab6-9788-5d21-10b635e936e2" testName="ETL_job_updateJobInstance_running" computerName="user1computername" duration="00:00:00.1085590" startTime="2015-04-22T12:50:21.2120469-05:00" endTime="2015-04-22T12:50:21.3230580-05:00" testType="13cdc9d9-ddb5-4fa4-a97d-d965ccfc6d4b" outcome="Passed" testListId="8c84fa94-04c1-424b-9868-57a2d4851a1d" relativeResultsDirectory="a7e22c4e-ea79-4ca0-a505-610482c5cc07">
      <Output>
        <DebugTrace>Executing test initialization script...
1 batches, 0 ResultSets, 0 rows affected
Executing test script...
1 batches, 1 ResultSets, 1 rows affected
Validating checkStatusCode_running
Validating checkBeginJob_running
Validating checkEndJob_running
Validating checkInsertedByCode_running
Validating checkInsertedDate_running
Validating checkUpdatedByCode_running
Validating checkUpdatedDate_running
Validating checkResultSet_running
Executing test cleanup script...
1 batches, 0 ResultSets, 0 rows affected
</DebugTrace>
      </Output>
    </UnitTestResult>
    <UnitTestResult executionId="5127a024-ad83-4a4f-a0d2-f2d8f2507914" testId="99c32d2e-8b99-f797-2b4d-6c46aea51096" testName="ETL_log_insertLog_attachedToJobStepTask" computerName="user1computername" duration="00:00:00.1158044" startTime="2015-04-22T12:50:21.3250582-05:00" endTime="2015-04-22T12:50:21.4430700-05:00" testType="13cdc9d9-ddb5-4fa4-a97d-d965ccfc6d4b" outcome="Passed" testListId="8c84fa94-04c1-424b-9868-57a2d4851a1d" relativeResultsDirectory="5127a024-ad83-4a4f-a0d2-f2d8f2507914">
      <Output>
        <DebugTrace>Executing test initialization script...
1 batches, 0 ResultSets, 0 rows affected
Executing test script...
1 batches, 1 ResultSets, 2 rows affected
Validating checkJobInstance_attached
Validating checkStepInstance_attached
Validating checkComputerName_attached
Validating checkOperator_attached
Validating checkSource_attached
Validating checkSeverity_attached
Validating checkEventName_attached
Validating checkEventDetail_attached
Validating checkInsertedByCode_attached
Validating checkInsertedDate_attached
Validating checkResultSet_attached
Executing test cleanup script...
1 batches, 0 ResultSets, 0 rows affected
</DebugTrace>
      </Output>
    </UnitTestResult>
    <UnitTestResult executionId="d745c08c-8e78-4d18-83f6-ca7ab3afd8f1" testId="e91ee7e9-d11c-4b5e-c0d8-77486ce71c30" testName="ETL_log_insertLog_notAttachedToJobStepTask" computerName="user1computername" duration="00:00:00.1110841" startTime="2015-04-22T12:50:21.4470704-05:00" endTime="2015-04-22T12:50:21.5610818-05:00" testType="13cdc9d9-ddb5-4fa4-a97d-d965ccfc6d4b" outcome="Passed" testListId="8c84fa94-04c1-424b-9868-57a2d4851a1d" relativeResultsDirectory="d745c08c-8e78-4d18-83f6-ca7ab3afd8f1">
      <Output>
        <DebugTrace>Executing test initialization script...
1 batches, 0 ResultSets, 0 rows affected
Executing test script...
1 batches, 1 ResultSets, 2 rows affected
Validating checkJobInstance_notAttached
Validating checkStepInstance_notAttached
Validating checkComputerName_notAttached
Validating checkOperator_notAttached
Validating checkSource_notAttached
Validating checkSeverity_notAttached
Validating checkEventName_notAttached
Validating checkEventDetail_notAttached
Validating checkInsertedByCode_notAttached
Validating checkInsertedDate
Validating checkResultSet_notAttached
Executing test cleanup script...
1 batches, 0 ResultSets, 0 rows affected
</DebugTrace>
      </Output>
    </UnitTestResult>
    <UnitTestResult executionId="e969344a-c143-42ec-9c16-f370fb8988f2" testId="1c8d68ef-ef52-7fbf-ca40-e50c5affb549" testName="ETL_step_insertStepTest" computerName="user1computername" duration="00:00:00.0269785" startTime="2015-04-22T12:50:21.5640821-05:00" endTime="2015-04-22T12:50:21.5940851-05:00" testType="13cdc9d9-ddb5-4fa4-a97d-d965ccfc6d4b" outcome="Passed" testListId="8c84fa94-04c1-424b-9868-57a2d4851a1d" relativeResultsDirectory="e969344a-c143-42ec-9c16-f370fb8988f2">
      <Output>
        <DebugTrace>Executing test script...
1 batches, 1 ResultSets, 2 rows affected
Validating checkStepId
Validating checkStepName
Validating checkCdStep
Validating checkIsActive
Validating checkPackageGUIDValid
Validating checkVersionMajor
Validating checkVersionMinor
Validating checkVersionBuild
Validating checkProjectName
Validating checkFolderName
Validating checkObjectVersion
Validating checkComments
Validating checkInsertedByCode
Validating checkInsertedDate
Validating checkUpdatedByCode
Validating checkUpdatedDate
</DebugTrace>
      </Output>
    </UnitTestResult>
    <UnitTestResult executionId="2566d426-f064-4cb1-92ea-a67e2af7d0ba" testId="8e260cf6-3610-3cde-23a5-f006cb5f4db0" testName="ETL_step_insertStepInstanceTest" computerName="user1computername" duration="00:00:00.1179269" startTime="2015-04-22T12:50:21.5970854-05:00" endTime="2015-04-22T12:50:21.7170974-05:00" testType="13cdc9d9-ddb5-4fa4-a97d-d965ccfc6d4b" outcome="Passed" testListId="8c84fa94-04c1-424b-9868-57a2d4851a1d" relativeResultsDirectory="2566d426-f064-4cb1-92ea-a67e2af7d0ba">
      <Output>
        <DebugTrace>Executing test initialization script...
1 batches, 0 ResultSets, 0 rows affected
Executing test script...
1 batches, 1 ResultSets, 2 rows affected
Validating checkStepId
Validating checkJobInstanceId
Validating checkWorkerId
Validating checkCatalogExecutionId
Validating checkCdStatus
Validating checkStepStart
Validating checkStepEnd
Validating checkComments
Validating checkInsertedByCode
Validating checkInsertedDate
Validating checkUpdatedBy
Validating checkUpdatedDate
Executing test cleanup script...
1 batches, 0 ResultSets, 0 rows affected
</DebugTrace>
      </Output>
    </UnitTestResult>
    <UnitTestResult executionId="0d9fea2c-da6a-4c3f-b6ef-d9030b84e2e6" testId="9b1e8282-b1b2-4277-b828-ca4a01034356" testName="ETL_step_updateStepInstance_Completed" computerName="user1computername" duration="00:00:00.1100665" startTime="2015-04-22T12:50:21.7200977-05:00" endTime="2015-04-22T12:50:21.8321089-05:00" testType="13cdc9d9-ddb5-4fa4-a97d-d965ccfc6d4b" outcome="Passed" testListId="8c84fa94-04c1-424b-9868-57a2d4851a1d" relativeResultsDirectory="0d9fea2c-da6a-4c3f-b6ef-d9030b84e2e6">
      <Output>
        <DebugTrace>Executing test initialization script...
1 batches, 0 ResultSets, 0 rows affected
Executing test script...
1 batches, 1 ResultSets, 1 rows affected
Validating completed_checkStepInstanceId
Validating completed_checkStepId
Validating completed_checkJobInstance
Validating completed_checkWorkerId
Validating completed_checkCatalogExecutionId
Validating completed_checkStatus
Validating completed_checkStepStart
Validating completed_checkStepEnd
Validating completed_checkComments
Validating completed_checkInsertedByCode
Validating completed_checkInsertedDate
Validating completed_checkUpdatedByCode
Validating completed_checkUpdatedDate
Executing test cleanup script...
1 batches, 0 ResultSets, 0 rows affected
</DebugTrace>
      </Output>
    </UnitTestResult>
    <UnitTestResult executionId="3284f1ff-e056-4dae-8eeb-8bb8f0d494d2" testId="6f8feaed-3dd0-e229-7482-3a0efe36dbe1" testName="ETL_step_updateStepInstance_Running" computerName="user1computername" duration="00:00:00.1119308" startTime="2015-04-22T12:50:21.8351092-05:00" endTime="2015-04-22T12:50:21.9491206-05:00" testType="13cdc9d9-ddb5-4fa4-a97d-d965ccfc6d4b" outcome="Passed" testListId="8c84fa94-04c1-424b-9868-57a2d4851a1d" relativeResultsDirectory="3284f1ff-e056-4dae-8eeb-8bb8f0d494d2">
      <Output>
        <DebugTrace>Executing test initialization script...
1 batches, 0 ResultSets, 0 rows affected
Executing test script...
1 batches, 1 ResultSets, 1 rows affected
Validating running_checkStepInstanceId
Validating running_checkStepId
Validating running_checkJobInstanceId
Validating running_checkWorkerId
Validating running_checkCatalogExecutionId
Validating running_checkStatus
Validating running_checkStepStart
Validating running_checkStepEnd
Validating running_checkComments
Validating running_checkInsertedByCode
Validating running_checkInsertedDate
Validating running_checkUpdatedByCode
Validating running_checkUpdatedDate
Executing test cleanup script...
1 batches, 0 ResultSets, 0 rows affected
</DebugTrace>
      </Output>
    </UnitTestResult>
    <UnitTestResult executionId="1fc247e1-397b-4a4b-9778-367856e70b95" testId="f0691513-1696-95db-1995-c3cfe45ed95f" testName="STAGE_createFileLog_projectTest" computerName="user1computername" duration="00:00:00.1296974" startTime="2015-04-22T12:50:21.9521209-05:00" endTime="2015-04-22T12:50:22.0841341-05:00" testType="13cdc9d9-ddb5-4fa4-a97d-d965ccfc6d4b" outcome="Passed" testListId="8c84fa94-04c1-424b-9868-57a2d4851a1d" relativeResultsDirectory="1fc247e1-397b-4a4b-9778-367856e70b95">
      <Output>
        <DebugTrace>Executing test initialization script...
1 batches, 0 ResultSets, 0 rows affected
Executing test script...
1 batches, 1 ResultSets, 2 rows affected
Validating fileLogId
Validating projectId
Validating comments
Validating insertedByCode
Validating insertedDate
Executing test cleanup script...
1 batches, 0 ResultSets, 0 rows affected
</DebugTrace>
      </Output>
    </UnitTestResult>
    <UnitTestResult executionId="c3877aab-6492-4e22-af53-db599d9b0640" testId="2de44f33-2ccd-6edc-47a1-32456c407906" testName="STAGE_createJobInstance_projectTest" computerName="user1computername" duration="00:00:00.1306045" startTime="2015-04-22T12:50:22.0871344-05:00" endTime="2015-04-22T12:50:22.2201477-05:00" testType="13cdc9d9-ddb5-4fa4-a97d-d965ccfc6d4b" outcome="Passed" testListId="8c84fa94-04c1-424b-9868-57a2d4851a1d" relativeResultsDirectory="c3877aab-6492-4e22-af53-db599d9b0640">
      <Output>
        <DebugTrace>Executing test initialization script...
1 batches, 0 ResultSets, 0 rows affected
Executing test script...
1 batches, 1 ResultSets, 2 rows affected
Validating jobInstanceId
Validating projectId
Validating comments
Validating insertedByCode
Validating insertedDate
Executing test cleanup script...
1 batches, 0 ResultSets, 0 rows affected
</DebugTrace>
      </Output>
    </UnitTestResult>
    <UnitTestResult executionId="97e3ee62-7be2-465c-b6c6-8684c434fb04" testId="d2125723-9c1c-c4e9-7743-c3e1aa6223df" testName="STAGE_createTableLog_projectTest" computerName="user1computername" duration="00:00:00.1993913" startTime="2015-04-22T12:50:22.2231480-05:00" endTime="2015-04-22T12:50:22.4251682-05:00" testType="13cdc9d9-ddb5-4fa4-a97d-d965ccfc6d4b" outcome="Passed" testListId="8c84fa94-04c1-424b-9868-57a2d4851a1d" relativeResultsDirectory="97e3ee62-7be2-465c-b6c6-8684c434fb04">
      <Output>
        <DebugTrace>Executing test initialization script...
1 batches, 0 ResultSets, 0 rows affected
Executing test script...
1 batches, 1 ResultSets, 2 rows affected
Validating stage_tableLogId
Validating stage_projectId
Validating stage_comments
Validating stage_insertedByCode
Validating stage_insertedDate
Executing test cleanup script...
1 batches, 0 ResultSets, 0 rows affected
</DebugTrace>
      </Output>
    </UnitTestResult>
    <UnitTestResult executionId="41aff1aa-99fa-42a4-9220-56bb796e9b94" testId="9e885e18-a243-d214-d6a2-45f50bab8619" testName="STAGE_fixMissingLinks_fileLogProject" computerName="user1computername" duration="00:00:00.1685038" startTime="2015-04-22T12:50:22.4281685-05:00" endTime="2015-04-22T12:50:22.6011858-05:00" testType="13cdc9d9-ddb5-4fa4-a97d-d965ccfc6d4b" outcome="Passed" testListId="8c84fa94-04c1-424b-9868-57a2d4851a1d" relativeResultsDirectory="41aff1aa-99fa-42a4-9220-56bb796e9b94">
      <Output>
        <DebugTrace>Executing test initialization script...
1 batches, 0 ResultSets, 0 rows affected
Executing test script...
1 batches, 2 ResultSets, 2 rows affected
Validating fileLog_fileLog_fileLogId
Validating fileLog_fileLog_projectId
Validating fileLog_link_fileLogId
Validating fileLog_link_projectId
Validating fileLog_link_comments
Validating fileLog_link_insertedByCode
Validating fileLog_link_insertedDate
Executing test cleanup script...
1 batches, 0 ResultSets, 0 rows affected
</DebugTrace>
      </Output>
    </UnitTestResult>
    <UnitTestResult executionId="f456d0a8-95af-474c-99c5-1cc0ce5a0d3d" testId="372e65bf-77aa-edb3-f793-cd8bf8262d6a" testName="STAGE_fixMissingLinks_jobInstanceProject" computerName="user1computername" duration="00:00:00.1378969" startTime="2015-04-22T12:50:22.6041861-05:00" endTime="2015-04-22T12:50:22.7452002-05:00" testType="13cdc9d9-ddb5-4fa4-a97d-d965ccfc6d4b" outcome="Passed" testListId="8c84fa94-04c1-424b-9868-57a2d4851a1d" relativeResultsDirectory="f456d0a8-95af-474c-99c5-1cc0ce5a0d3d">
      <Output>
        <DebugTrace>Executing test initialization script...
1 batches, 0 ResultSets, 0 rows affected
Executing test script...
1 batches, 2 ResultSets, 2 rows affected
Validating jobInstance_jobInstance_jobInstanceId
Validating jobInstance_jobInstance_projectId
Validating jobInstance_jobInstance_updatedByCode
Validating jobInstance_jobInstance_updatedDate
Validating jobInstance_link_jobInstanceId
Validating jobInstance_link_projectId
Validating jobInstance_link_comments
Validating jobInstance_link_insertedBy
Validating jobInstance_link_insertedDate
Executing test cleanup script...
1 batches, 0 ResultSets, 0 rows affected
</DebugTrace>
      </Output>
    </UnitTestResult>
    <UnitTestResult executionId="026fb0fa-bf84-4014-94c7-43659133e078" testId="7cffc5bf-b219-ed3e-8f7d-5230b9a06e9d" testName="STAGE_fixMissingLinks_tableLogProject" computerName="user1computername" duration="00:00:00.2026479" startTime="2015-04-22T12:50:22.7482005-05:00" endTime="2015-04-22T12:50:22.9532210-05:00" testType="13cdc9d9-ddb5-4fa4-a97d-d965ccfc6d4b" outcome="Passed" testListId="8c84fa94-04c1-424b-9868-57a2d4851a1d" relativeResultsDirectory="026fb0fa-bf84-4014-94c7-43659133e078">
      <Output>
        <DebugTrace>Executing test initialization script...
1 batches, 0 ResultSets, 0 rows affected
Executing test script...
1 batches, 2 ResultSets, 2 rows affected
Validating tableLog_tableLog_tableLogId
Validating tableLog_tableLog_projectId
Validating tableLog_stage_tableLogId
Validating tableLog_stage_projectId
Validating tableLog_stage_comments
Validating tableLog_stage_insertedByCode
Validating tableLog_stage_insertedDate
Executing test cleanup script...
1 batches, 0 ResultSets, 0 rows affected
</DebugTrace>
      </Output>
    </UnitTestResult>
    <UnitTestResult executionId="0ad01e29-ae5a-4ff5-a274-e1e1d3ae4651" testId="093eaae8-d890-4487-b410-9a0df88a4173" testName="STAGE_mergeProjectTest" computerName="user1computername" duration="00:00:00.1556532" startTime="2015-04-22T12:50:22.9582215-05:00" endTime="2015-04-22T12:50:23.1172374-05:00" testType="13cdc9d9-ddb5-4fa4-a97d-d965ccfc6d4b" outcome="Passed" testListId="8c84fa94-04c1-424b-9868-57a2d4851a1d" relativeResultsDirectory="0ad01e29-ae5a-4ff5-a274-e1e1d3ae4651">
      <Output>
        <DebugTrace>Executing test initialization script...
1 batches, 0 ResultSets, 0 rows affected
Executing test script...
1 batches, 1 ResultSets, 1 rows affected
Validating checkInsertedCount
Validating checkUpdatedCount
Validating checkMatchedCount
Executing test cleanup script...
1 batches, 0 ResultSets, 0 rows affected
</DebugTrace>
      </Output>
    </UnitTestResult>
  </Results>
</TestRun>